<?xml version="1.0" encoding="UTF-8" standalone="no"?>
<!DOCTYPE log SYSTEM "logger.dtd">
<log>
<record>
  <date>2024-01-31T14:43:24.319007Z</date>
  <millis>1706712204319</millis>
  <nanos>7000</nanos>
  <sequence>0</sequence>
  <level>START</level>
  <class>com.kms.katalon.core.logging.XmlKeywordLogger</class>
  <method>startSuite</method>
  <thread>1</thread>
  <message>Start Test Suite : Test Suites/CURA_LOGIN_TESTSUITE/CURA_LOGIN</message>
  <nestedLevel>0</nestedLevel>
  <escapedJava>false</escapedJava>
  <property name="rerunTestFailImmediately">true</property>
  <property name="retryCount">0</property>
  <property name="name">CURA_LOGIN</property>
  <property name="description"></property>
  <property name="id">Test Suites/CURA_LOGIN_TESTSUITE/CURA_LOGIN</property>
</record>
<record>
  <date>2024-01-31T14:43:24.395012900Z</date>
  <millis>1706712204395</millis>
  <nanos>12900</nanos>
  <sequence>1</sequence>
  <level>RUN_DATA</level>
  <class>com.kms.katalon.core.logging.XmlKeywordLogger</class>
  <method>logMessage</method>
  <thread>1</thread>
  <message>hostName = hp - LAPTOP-F3RG2V3G</message>
  <nestedLevel>0</nestedLevel>
  <escapedJava>false</escapedJava>
  <property name="hostName">hp - LAPTOP-F3RG2V3G</property>
</record>
<record>
  <date>2024-01-31T14:43:24.397013100Z</date>
  <millis>1706712204397</millis>
  <nanos>13100</nanos>
  <sequence>2</sequence>
  <level>RUN_DATA</level>
  <class>com.kms.katalon.core.logging.XmlKeywordLogger</class>
  <method>logMessage</method>
  <thread>1</thread>
  <message>os = Windows 10 64bit</message>
  <nestedLevel>0</nestedLevel>
  <escapedJava>false</escapedJava>
  <property name="os">Windows 10 64bit</property>
</record>
<record>
  <date>2024-01-31T14:43:24.400013Z</date>
  <millis>1706712204400</millis>
  <nanos>13000</nanos>
  <sequence>3</sequence>
  <level>RUN_DATA</level>
  <class>com.kms.katalon.core.logging.XmlKeywordLogger</class>
  <method>logMessage</method>
  <thread>1</thread>
  <message>hostAddress = 192.168.1.10</message>
  <nestedLevel>0</nestedLevel>
  <escapedJava>false</escapedJava>
  <property name="hostAddress">192.168.1.10</property>
</record>
<record>
  <date>2024-01-31T14:43:24.404016200Z</date>
  <millis>1706712204404</millis>
  <nanos>16200</nanos>
  <sequence>4</sequence>
  <level>RUN_DATA</level>
  <class>com.kms.katalon.core.logging.XmlKeywordLogger</class>
  <method>logMessage</method>
  <thread>1</thread>
  <message>katalonVersion = 9.1.0.212</message>
  <nestedLevel>0</nestedLevel>
  <escapedJava>false</escapedJava>
  <property name="katalonVersion">9.1.0.212</property>
</record>
<record>
  <date>2024-01-31T14:43:24.448017100Z</date>
  <millis>1706712204448</millis>
  <nanos>17100</nanos>
  <sequence>5</sequence>
  <level>START</level>
  <class>com.kms.katalon.core.logging.XmlKeywordLogger</class>
  <method>startKeyword</method>
  <thread>1</thread>
  <message>Start listener action : sampleBeforeTestSuite</message>
  <nestedLevel>0</nestedLevel>
  <escapedJava>false</escapedJava>
</record>
<record>
  <date>2024-01-31T14:43:24.583028Z</date>
  <millis>1706712204583</millis>
  <nanos>28000</nanos>
  <sequence>7</sequence>
  <level>START</level>
  <class>com.kms.katalon.core.logging.XmlKeywordLogger</class>
  <method>startKeyword</method>
  <thread>1</thread>
  <message>Start action : println(testSuiteContext.getTestSuiteId())</message>
  <nestedLevel>1</nestedLevel>
  <escapedJava>false</escapedJava>
  <property name="startLine">55</property>
  <property name="stepIndex">1</property>
</record>
<record>
  <date>2024-01-31T14:43:24.709038200Z</date>
  <millis>1706712204709</millis>
  <nanos>38200</nanos>
  <sequence>9</sequence>
  <level>END</level>
  <class>com.kms.katalon.core.logging.XmlKeywordLogger</class>
  <method>endKeyword</method>
  <thread>1</thread>
  <message>End action : println(testSuiteContext.getTestSuiteId())</message>
  <nestedLevel>1</nestedLevel>
  <escapedJava>false</escapedJava>
</record>
<record>
  <date>2024-01-31T14:43:24.710039Z</date>
  <millis>1706712204710</millis>
  <nanos>39000</nanos>
  <sequence>10</sequence>
  <level>END</level>
  <class>com.kms.katalon.core.logging.XmlKeywordLogger</class>
  <method>endKeyword</method>
  <thread>1</thread>
  <message>End listener action : sampleBeforeTestSuite</message>
  <nestedLevel>0</nestedLevel>
  <escapedJava>false</escapedJava>
</record>
<record>
  <date>2024-01-31T14:43:25.509624700Z</date>
  <millis>1706712205509</millis>
  <nanos>624700</nanos>
  <sequence>11</sequence>
  <level>START</level>
  <class>com.kms.katalon.core.logging.XmlKeywordLogger</class>
  <method>startKeyword</method>
  <thread>1</thread>
  <message>Start setup action : setUp</message>
  <nestedLevel>0</nestedLevel>
  <escapedJava>false</escapedJava>
  <property name="isIgnoredIfFailed">false</property>
</record>
<record>
  <date>2024-01-31T14:43:27.213300700Z</date>
  <millis>1706712207213</millis>
  <nanos>300700</nanos>
  <sequence>12</sequence>
  <level>START</level>
  <class>com.kms.katalon.core.logging.XmlKeywordLogger</class>
  <method>startKeyword</method>
  <thread>1</thread>
  <message>Start action : openBrowser(&amp;quot;&amp;quot;)</message>
  <nestedLevel>1</nestedLevel>
  <escapedJava>false</escapedJava>
  <property name="startLine">37</property>
  <property name="stepIndex">1</property>
</record>
<record>
  <date>2024-01-31T14:43:29.588137300Z</date>
  <millis>1706712209588</millis>
  <nanos>137300</nanos>
  <sequence>14</sequence>
  <level>INFO</level>
  <class>com.kms.katalon.core.logging.XmlKeywordLogger</class>
  <method>logMessage</method>
  <thread>1</thread>
  <message>Starting &amp;apos;Edge Chromium&amp;apos; driver</message>
  <nestedLevel>0</nestedLevel>
  <escapedJava>false</escapedJava>
</record>
<record>
  <date>2024-01-31T14:43:33.251262600Z</date>
  <millis>1706712213251</millis>
  <nanos>262600</nanos>
  <sequence>16</sequence>
  <level>INFO</level>
  <class>com.kms.katalon.core.logging.XmlKeywordLogger</class>
  <method>logMessage</method>
  <thread>1</thread>
  <message>Action delay is set to 0 milliseconds</message>
  <nestedLevel>0</nestedLevel>
  <escapedJava>false</escapedJava>
</record>
<record>
  <date>2024-01-31T14:43:49.709740100Z</date>
  <millis>1706712229709</millis>
  <nanos>740100</nanos>
  <sequence>20</sequence>
  <level>FAILED</level>
  <class>com.kms.katalon.core.logging.XmlKeywordLogger</class>
  <method>logMessage</method>
  <thread>1</thread>
  <message>Unable to open browser with url: &amp;apos;&amp;apos; (Root cause: com.kms.katalon.core.exception.StepFailedException: Unable to open browser with url: &amp;apos;&amp;apos;
	at com.kms.katalon.core.webui.keyword.internal.WebUIKeywordMain.stepFailed(WebUIKeywordMain.groovy:64)
	at com.kms.katalon.core.webui.keyword.internal.WebUIKeywordMain.runKeyword(WebUIKeywordMain.groovy:26)
	at com.kms.katalon.core.webui.keyword.builtin.OpenBrowserKeyword.openBrowser(OpenBrowserKeyword.groovy:81)
	at com.kms.katalon.core.webui.keyword.builtin.OpenBrowserKeyword.execute(OpenBrowserKeyword.groovy:67)
	at com.kms.katalon.core.keyword.internal.KeywordExecutor.executeKeywordForPlatform(KeywordExecutor.groovy:74)
	at com.kms.katalon.core.webui.keyword.WebUiBuiltInKeywords.openBrowser(WebUiBuiltInKeywords.groovy:64)
	at CURA_LOGIN.setUp(CURA_LOGIN.groovy:37)
	at java.base/jdk.internal.reflect.NativeMethodAccessorImpl.invoke0(Native Method)
	at java.base/jdk.internal.reflect.NativeMethodAccessorImpl.invoke(NativeMethodAccessorImpl.java:77)
	at java.base/jdk.internal.reflect.DelegatingMethodAccessorImpl.invoke(DelegatingMethodAccessorImpl.java:43)
	at com.kms.katalon.core.main.ScriptEngine.runScriptMethodAsRawText(ScriptEngine.java:133)
	at com.kms.katalon.core.main.TestSuiteExecutor.runMethod(TestSuiteExecutor.java:223)
	at com.kms.katalon.core.main.TestSuiteExecutor.lambda$0(TestSuiteExecutor.java:202)
	at com.kms.katalon.core.main.TestSuiteExecutor.invokeTestSuiteMethod(TestSuiteExecutor.java:201)
	at com.kms.katalon.core.main.TestSuiteExecutor.accessTestSuiteMainPhase(TestSuiteExecutor.java:131)
	at com.kms.katalon.core.main.TestSuiteExecutor.execute(TestSuiteExecutor.java:106)
	at com.kms.katalon.core.main.TestCaseMain.startTestSuite(TestCaseMain.java:180)
	at TempTestSuite1706712163753.run(TempTestSuite1706712163753.groovy:36)
	at java.base/jdk.internal.reflect.NativeMethodAccessorImpl.invoke0(Native Method)
	at java.base/jdk.internal.reflect.NativeMethodAccessorImpl.invoke(NativeMethodAccessorImpl.java:77)
	at java.base/jdk.internal.reflect.DelegatingMethodAccessorImpl.invoke(DelegatingMethodAccessorImpl.java:43)
Caused by: org.openqa.selenium.SessionNotCreatedException: session not created: This version of Microsoft Edge WebDriver only supports Microsoft Edge version 119
Current browser version is 121.0.2277.83 with binary path C:\Program Files (x86)\Microsoft\Edge\Application\msedge.exe
Build info: version: &amp;apos;3.141.59&amp;apos;, revision: &amp;apos;e82be7d358&amp;apos;, time: &amp;apos;2018-11-14T08:25:53&amp;apos;
System info: host: &amp;apos;LAPTOP-F3RG2V3G&amp;apos;, ip: &amp;apos;192.168.1.10&amp;apos;, os.name: &amp;apos;Windows 10&amp;apos;, os.arch: &amp;apos;amd64&amp;apos;, os.version: &amp;apos;10.0&amp;apos;, java.version: &amp;apos;17.0.7&amp;apos;
Driver info: driver.version: CEdgeDriver
remote stacktrace: 	GetHandleVerifier [0x00007FF6932225B2+60402]
	Microsoft::Applications::Events::ILogConfiguration::operator* [0x00007FF6931A7302+253666]
	(No symbol) [0x00007FF692F79C99]
	(No symbol) [0x00007FF692FB907D]
	(No symbol) [0x00007FF692FB8279]
	(No symbol) [0x00007FF692FB1E65]
	(No symbol) [0x00007FF692FAD18B]
	(No symbol) [0x00007FF692FF423F]
	(No symbol) [0x00007FF692FEB863]
	(No symbol) [0x00007FF692FBC585]
	(No symbol) [0x00007FF692FBB993]
	(No symbol) [0x00007FF692FBCD14]
	Microsoft::Applications::Events::EventProperty::to_string [0x00007FF693403454+1161924]
	(No symbol) [0x00007FF69303E5F6]
	Microsoft::Applications::Events::EventProperty::~EventProperty [0x00007FF6930FB083+37459]
	Microsoft::Applications::Events::EventProperty::~EventProperty [0x00007FF6930F2C4D+3613]
	Microsoft::Applications::Events::EventProperty::to_string [0x00007FF693402194+1157124]
	Microsoft::Applications::Events::ILogConfiguration::operator* [0x00007FF6931B1658+295480]
	Microsoft::Applications::Events::ILogConfiguration::operator* [0x00007FF6931ACB24+276228]
	Microsoft::Applications::Events::ILogConfiguration::operator* [0x00007FF6931ACC52+276530]
	Microsoft::Applications::Events::ILogConfiguration::operator* [0x00007FF69319FA41+222753]
	BaseThreadInitThunk [0x00007FFFC77F7344+20]
	RtlUserThreadStart [0x00007FFFC79626B1+33]

	at java.base/jdk.internal.reflect.NativeConstructorAccessorImpl.newInstance0(Native Method)
	at java.base/jdk.internal.reflect.NativeConstructorAccessorImpl.newInstance(NativeConstructorAccessorImpl.java:77)
	at java.base/jdk.internal.reflect.DelegatingConstructorAccessorImpl.newInstance(DelegatingConstructorAccessorImpl.java:45)
	at org.openqa.selenium.remote.W3CHandshakeResponse.lambda$errorHandler$0(W3CHandshakeResponse.java:62)
	at org.openqa.selenium.remote.HandshakeResponse.lambda$getResponseFunction$0(HandshakeResponse.java:30)
	at org.openqa.selenium.remote.ProtocolHandshake.lambda$createSession$0(ProtocolHandshake.java:126)
	at org.openqa.selenium.remote.ProtocolHandshake.createSession(ProtocolHandshake.java:128)
	at org.openqa.selenium.remote.ProtocolHandshake.createSession(ProtocolHandshake.java:74)
	at org.openqa.selenium.remote.HttpCommandExecutor.execute(HttpCommandExecutor.java:136)
	at org.openqa.selenium.remote.service.DriverCommandExecutor.execute(DriverCommandExecutor.java:83)
	at org.openqa.selenium.remote.RemoteWebDriver.execute(RemoteWebDriver.java:552)
	at com.kms.katalon.selenium.driver.CEdgeDriver.execute(CEdgeDriver.java:20)
	at org.openqa.selenium.remote.RemoteWebDriver.startSession(RemoteWebDriver.java:213)
	at org.openqa.selenium.remote.RemoteWebDriver.&amp;lt;init&amp;gt;(RemoteWebDriver.java:131)
	at org.openqa.selenium.edge.EdgeDriver.&amp;lt;init&amp;gt;(EdgeDriver.java:154)
	at com.kms.katalon.selenium.driver.CEdgeDriver.&amp;lt;init&amp;gt;(CEdgeDriver.java:14)
	at com.kms.katalon.core.webui.driver.DriverFactory.createNewEdgeChromiumDriver(DriverFactory.java:675)
	at com.kms.katalon.core.webui.driver.DriverFactory.startNewBrowser(DriverFactory.java:390)
	at com.kms.katalon.core.webui.driver.DriverFactory.openWebDriver(DriverFactory.java:264)
	at com.kms.katalon.core.webui.keyword.builtin.OpenBrowserKeyword$_openBrowser_closure1.doCall(OpenBrowserKeyword.groovy:74)
	at com.kms.katalon.core.webui.keyword.builtin.OpenBrowserKeyword$_openBrowser_closure1.call(OpenBrowserKeyword.groovy)
	at com.kms.katalon.core.webui.keyword.internal.WebUIKeywordMain.runKeyword(WebUIKeywordMain.groovy:20)
	... 19 more
)</message>
  <nestedLevel>0</nestedLevel>
  <escapedJava>false</escapedJava>
  <property name="failed.exception.class">org.openqa.selenium.SessionNotCreatedException</property>
  <property name="failed.exception.stacktrace">org.openqa.selenium.SessionNotCreatedException: session not created: This version of Microsoft Edge WebDriver only supports Microsoft Edge version 119
Current browser version is 121.0.2277.83 with binary path C:\Program Files (x86)\Microsoft\Edge\Application\msedge.exe
Build info: version: &apos;3.141.59&apos;, revision: &apos;e82be7d358&apos;, time: &apos;2018-11-14T08:25:53&apos;
System info: host: &apos;LAPTOP-F3RG2V3G&apos;, ip: &apos;192.168.1.10&apos;, os.name: &apos;Windows 10&apos;, os.arch: &apos;amd64&apos;, os.version: &apos;10.0&apos;, java.version: &apos;17.0.7&apos;
Driver info: driver.version: CEdgeDriver
remote stacktrace: 	GetHandleVerifier [0x00007FF6932225B2+60402]
	Microsoft::Applications::Events::ILogConfiguration::operator* [0x00007FF6931A7302+253666]
	(No symbol) [0x00007FF692F79C99]
	(No symbol) [0x00007FF692FB907D]
	(No symbol) [0x00007FF692FB8279]
	(No symbol) [0x00007FF692FB1E65]
	(No symbol) [0x00007FF692FAD18B]
	(No symbol) [0x00007FF692FF423F]
	(No symbol) [0x00007FF692FEB863]
	(No symbol) [0x00007FF692FBC585]
	(No symbol) [0x00007FF692FBB993]
	(No symbol) [0x00007FF692FBCD14]
	Microsoft::Applications::Events::EventProperty::to_string [0x00007FF693403454+1161924]
	(No symbol) [0x00007FF69303E5F6]
	Microsoft::Applications::Events::EventProperty::~EventProperty [0x00007FF6930FB083+37459]
	Microsoft::Applications::Events::EventProperty::~EventProperty [0x00007FF6930F2C4D+3613]
	Microsoft::Applications::Events::EventProperty::to_string [0x00007FF693402194+1157124]
	Microsoft::Applications::Events::ILogConfiguration::operator* [0x00007FF6931B1658+295480]
	Microsoft::Applications::Events::ILogConfiguration::operator* [0x00007FF6931ACB24+276228]
	Microsoft::Applications::Events::ILogConfiguration::operator* [0x00007FF6931ACC52+276530]
	Microsoft::Applications::Events::ILogConfiguration::operator* [0x00007FF69319FA41+222753]
	BaseThreadInitThunk [0x00007FFFC77F7344+20]
	RtlUserThreadStart [0x00007FFFC79626B1+33]

	at java.base/jdk.internal.reflect.NativeConstructorAccessorImpl.newInstance0(Native Method)
	at java.base/jdk.internal.reflect.NativeConstructorAccessorImpl.newInstance(NativeConstructorAccessorImpl.java:77)
	at java.base/jdk.internal.reflect.DelegatingConstructorAccessorImpl.newInstance(DelegatingConstructorAccessorImpl.java:45)
	at org.openqa.selenium.remote.W3CHandshakeResponse.lambda$errorHandler$0(W3CHandshakeResponse.java:62)
	at org.openqa.selenium.remote.HandshakeResponse.lambda$getResponseFunction$0(HandshakeResponse.java:30)
	at org.openqa.selenium.remote.ProtocolHandshake.lambda$createSession$0(ProtocolHandshake.java:126)
	at org.openqa.selenium.remote.ProtocolHandshake.createSession(ProtocolHandshake.java:128)
	at org.openqa.selenium.remote.ProtocolHandshake.createSession(ProtocolHandshake.java:74)
	at org.openqa.selenium.remote.HttpCommandExecutor.execute(HttpCommandExecutor.java:136)
	at org.openqa.selenium.remote.service.DriverCommandExecutor.execute(DriverCommandExecutor.java:83)
	at org.openqa.selenium.remote.RemoteWebDriver.execute(RemoteWebDriver.java:552)
	at com.kms.katalon.selenium.driver.CEdgeDriver.execute(CEdgeDriver.java:20)
	at org.openqa.selenium.remote.RemoteWebDriver.startSession(RemoteWebDriver.java:213)
	at org.openqa.selenium.remote.RemoteWebDriver.&lt;init&gt;(RemoteWebDriver.java:131)
	at org.openqa.selenium.edge.EdgeDriver.&lt;init&gt;(EdgeDriver.java:154)
	at com.kms.katalon.selenium.driver.CEdgeDriver.&lt;init&gt;(CEdgeDriver.java:14)
	at com.kms.katalon.core.webui.driver.DriverFactory.createNewEdgeChromiumDriver(DriverFactory.java:675)
	at com.kms.katalon.core.webui.driver.DriverFactory.startNewBrowser(DriverFactory.java:390)
	at com.kms.katalon.core.webui.driver.DriverFactory.openWebDriver(DriverFactory.java:264)
	at com.kms.katalon.core.webui.keyword.builtin.OpenBrowserKeyword$_openBrowser_closure1.doCall(OpenBrowserKeyword.groovy:74)
	at com.kms.katalon.core.webui.keyword.builtin.OpenBrowserKeyword$_openBrowser_closure1.call(OpenBrowserKeyword.groovy)
	at com.kms.katalon.core.webui.keyword.internal.WebUIKeywordMain.runKeyword(WebUIKeywordMain.groovy:20)
	at com.kms.katalon.core.webui.keyword.builtin.OpenBrowserKeyword.openBrowser(OpenBrowserKeyword.groovy:81)
	at com.kms.katalon.core.webui.keyword.builtin.OpenBrowserKeyword.execute(OpenBrowserKeyword.groovy:67)
	at com.kms.katalon.core.keyword.internal.KeywordExecutor.executeKeywordForPlatform(KeywordExecutor.groovy:74)
	at com.kms.katalon.core.webui.keyword.WebUiBuiltInKeywords.openBrowser(WebUiBuiltInKeywords.groovy:64)
	at CURA_LOGIN.setUp(CURA_LOGIN.groovy:37)
	at java.base/jdk.internal.reflect.NativeMethodAccessorImpl.invoke0(Native Method)
	at java.base/jdk.internal.reflect.NativeMethodAccessorImpl.invoke(NativeMethodAccessorImpl.java:77)
	at java.base/jdk.internal.reflect.DelegatingMethodAccessorImpl.invoke(DelegatingMethodAccessorImpl.java:43)
	at com.kms.katalon.core.main.ScriptEngine.runScriptMethodAsRawText(ScriptEngine.java:133)
	at com.kms.katalon.core.main.TestSuiteExecutor.runMethod(TestSuiteExecutor.java:223)
	at com.kms.katalon.core.main.TestSuiteExecutor.lambda$0(TestSuiteExecutor.java:202)
	at com.kms.katalon.core.main.TestSuiteExecutor.invokeTestSuiteMethod(TestSuiteExecutor.java:201)
	at com.kms.katalon.core.main.TestSuiteExecutor.accessTestSuiteMainPhase(TestSuiteExecutor.java:131)
	at com.kms.katalon.core.main.TestSuiteExecutor.execute(TestSuiteExecutor.java:106)
	at com.kms.katalon.core.main.TestCaseMain.startTestSuite(TestCaseMain.java:180)
	at TempTestSuite1706712163753.run(TempTestSuite1706712163753.groovy:36)
	at java.base/jdk.internal.reflect.NativeMethodAccessorImpl.invoke0(Native Method)
	at java.base/jdk.internal.reflect.NativeMethodAccessorImpl.invoke(NativeMethodAccessorImpl.java:77)
	at java.base/jdk.internal.reflect.DelegatingMethodAccessorImpl.invoke(DelegatingMethodAccessorImpl.java:43)
</property>
  <property name="failed.exception.message">session not created: This version of Microsoft Edge WebDriver only supports Microsoft Edge version 119
Current browser version is 121.0.2277.83 with binary path C:\Program Files (x86)\Microsoft\Edge\Application\msedge.exe
Build info: version: &apos;3.141.59&apos;, revision: &apos;e82be7d358&apos;, time: &apos;2018-11-14T08:25:53&apos;
System info: host: &apos;LAPTOP-F3RG2V3G&apos;, ip: &apos;192.168.1.10&apos;, os.name: &apos;Windows 10&apos;, os.arch: &apos;amd64&apos;, os.version: &apos;10.0&apos;, java.version: &apos;17.0.7&apos;
Driver info: driver.version: CEdgeDriver
remote stacktrace: 	GetHandleVerifier [0x00007FF6932225B2+60402]
	Microsoft::Applications::Events::ILogConfiguration::operator* [0x00007FF6931A7302+253666]
	(No symbol) [0x00007FF692F79C99]
	(No symbol) [0x00007FF692FB907D]
	(No symbol) [0x00007FF692FB8279]
	(No symbol) [0x00007FF692FB1E65]
	(No symbol) [0x00007FF692FAD18B]
	(No symbol) [0x00007FF692FF423F]
	(No symbol) [0x00007FF692FEB863]
	(No symbol) [0x00007FF692FBC585]
	(No symbol) [0x00007FF692FBB993]
	(No symbol) [0x00007FF692FBCD14]
	Microsoft::Applications::Events::EventProperty::to_string [0x00007FF693403454+1161924]
	(No symbol) [0x00007FF69303E5F6]
	Microsoft::Applications::Events::EventProperty::~EventProperty [0x00007FF6930FB083+37459]
	Microsoft::Applications::Events::EventProperty::~EventProperty [0x00007FF6930F2C4D+3613]
	Microsoft::Applications::Events::EventProperty::to_string [0x00007FF693402194+1157124]
	Microsoft::Applications::Events::ILogConfiguration::operator* [0x00007FF6931B1658+295480]
	Microsoft::Applications::Events::ILogConfiguration::operator* [0x00007FF6931ACB24+276228]
	Microsoft::Applications::Events::ILogConfiguration::operator* [0x00007FF6931ACC52+276530]
	Microsoft::Applications::Events::ILogConfiguration::operator* [0x00007FF69319FA41+222753]
	BaseThreadInitThunk [0x00007FFFC77F7344+20]
	RtlUserThreadStart [0x00007FFFC79626B1+33]
</property>
</record>
<record>
  <date>2024-01-31T14:43:49.740742700Z</date>
  <millis>1706712229740</millis>
  <nanos>742700</nanos>
  <sequence>21</sequence>
  <level>END</level>
  <class>com.kms.katalon.core.logging.XmlKeywordLogger</class>
  <method>endKeyword</method>
  <thread>1</thread>
  <message>End action : openBrowser(&amp;quot;&amp;quot;)</message>
  <nestedLevel>1</nestedLevel>
  <escapedJava>false</escapedJava>
</record>
<record>
  <date>2024-01-31T14:43:49.751742700Z</date>
  <millis>1706712229751</millis>
  <nanos>742700</nanos>
  <sequence>23</sequence>
  <level>ERROR</level>
  <class>com.kms.katalon.core.logging.XmlKeywordLogger</class>
  <method>logMessage</method>
  <thread>1</thread>
  <message>Unable to open browser with url: &amp;apos;&amp;apos;</message>
  <nestedLevel>0</nestedLevel>
  <escapedJava>false</escapedJava>
  <property name="failed.exception.class">org.openqa.selenium.SessionNotCreatedException</property>
  <property name="failed.exception.stacktrace">org.openqa.selenium.SessionNotCreatedException: session not created: This version of Microsoft Edge WebDriver only supports Microsoft Edge version 119
Current browser version is 121.0.2277.83 with binary path C:\Program Files (x86)\Microsoft\Edge\Application\msedge.exe
Build info: version: &apos;3.141.59&apos;, revision: &apos;e82be7d358&apos;, time: &apos;2018-11-14T08:25:53&apos;
System info: host: &apos;LAPTOP-F3RG2V3G&apos;, ip: &apos;192.168.1.10&apos;, os.name: &apos;Windows 10&apos;, os.arch: &apos;amd64&apos;, os.version: &apos;10.0&apos;, java.version: &apos;17.0.7&apos;
Driver info: driver.version: CEdgeDriver
remote stacktrace: 	GetHandleVerifier [0x00007FF6932225B2+60402]
	Microsoft::Applications::Events::ILogConfiguration::operator* [0x00007FF6931A7302+253666]
	(No symbol) [0x00007FF692F79C99]
	(No symbol) [0x00007FF692FB907D]
	(No symbol) [0x00007FF692FB8279]
	(No symbol) [0x00007FF692FB1E65]
	(No symbol) [0x00007FF692FAD18B]
	(No symbol) [0x00007FF692FF423F]
	(No symbol) [0x00007FF692FEB863]
	(No symbol) [0x00007FF692FBC585]
	(No symbol) [0x00007FF692FBB993]
	(No symbol) [0x00007FF692FBCD14]
	Microsoft::Applications::Events::EventProperty::to_string [0x00007FF693403454+1161924]
	(No symbol) [0x00007FF69303E5F6]
	Microsoft::Applications::Events::EventProperty::~EventProperty [0x00007FF6930FB083+37459]
	Microsoft::Applications::Events::EventProperty::~EventProperty [0x00007FF6930F2C4D+3613]
	Microsoft::Applications::Events::EventProperty::to_string [0x00007FF693402194+1157124]
	Microsoft::Applications::Events::ILogConfiguration::operator* [0x00007FF6931B1658+295480]
	Microsoft::Applications::Events::ILogConfiguration::operator* [0x00007FF6931ACB24+276228]
	Microsoft::Applications::Events::ILogConfiguration::operator* [0x00007FF6931ACC52+276530]
	Microsoft::Applications::Events::ILogConfiguration::operator* [0x00007FF69319FA41+222753]
	BaseThreadInitThunk [0x00007FFFC77F7344+20]
	RtlUserThreadStart [0x00007FFFC79626B1+33]

	at java.base/jdk.internal.reflect.NativeConstructorAccessorImpl.newInstance0(Native Method)
	at java.base/jdk.internal.reflect.NativeConstructorAccessorImpl.newInstance(NativeConstructorAccessorImpl.java:77)
	at java.base/jdk.internal.reflect.DelegatingConstructorAccessorImpl.newInstance(DelegatingConstructorAccessorImpl.java:45)
	at org.openqa.selenium.remote.W3CHandshakeResponse.lambda$errorHandler$0(W3CHandshakeResponse.java:62)
	at org.openqa.selenium.remote.HandshakeResponse.lambda$getResponseFunction$0(HandshakeResponse.java:30)
	at org.openqa.selenium.remote.ProtocolHandshake.lambda$createSession$0(ProtocolHandshake.java:126)
	at org.openqa.selenium.remote.ProtocolHandshake.createSession(ProtocolHandshake.java:128)
	at org.openqa.selenium.remote.ProtocolHandshake.createSession(ProtocolHandshake.java:74)
	at org.openqa.selenium.remote.HttpCommandExecutor.execute(HttpCommandExecutor.java:136)
	at org.openqa.selenium.remote.service.DriverCommandExecutor.execute(DriverCommandExecutor.java:83)
	at org.openqa.selenium.remote.RemoteWebDriver.execute(RemoteWebDriver.java:552)
	at com.kms.katalon.selenium.driver.CEdgeDriver.execute(CEdgeDriver.java:20)
	at org.openqa.selenium.remote.RemoteWebDriver.startSession(RemoteWebDriver.java:213)
	at org.openqa.selenium.remote.RemoteWebDriver.&lt;init&gt;(RemoteWebDriver.java:131)
	at org.openqa.selenium.edge.EdgeDriver.&lt;init&gt;(EdgeDriver.java:154)
	at com.kms.katalon.selenium.driver.CEdgeDriver.&lt;init&gt;(CEdgeDriver.java:14)
	at com.kms.katalon.core.webui.driver.DriverFactory.createNewEdgeChromiumDriver(DriverFactory.java:675)
	at com.kms.katalon.core.webui.driver.DriverFactory.startNewBrowser(DriverFactory.java:390)
	at com.kms.katalon.core.webui.driver.DriverFactory.openWebDriver(DriverFactory.java:264)
	at com.kms.katalon.core.webui.keyword.builtin.OpenBrowserKeyword$_openBrowser_closure1.doCall(OpenBrowserKeyword.groovy:74)
	at com.kms.katalon.core.webui.keyword.builtin.OpenBrowserKeyword$_openBrowser_closure1.call(OpenBrowserKeyword.groovy)
	at com.kms.katalon.core.webui.keyword.internal.WebUIKeywordMain.runKeyword(WebUIKeywordMain.groovy:20)
	at com.kms.katalon.core.webui.keyword.builtin.OpenBrowserKeyword.openBrowser(OpenBrowserKeyword.groovy:81)
	at com.kms.katalon.core.webui.keyword.builtin.OpenBrowserKeyword.execute(OpenBrowserKeyword.groovy:67)
	at com.kms.katalon.core.keyword.internal.KeywordExecutor.executeKeywordForPlatform(KeywordExecutor.groovy:74)
	at com.kms.katalon.core.webui.keyword.WebUiBuiltInKeywords.openBrowser(WebUiBuiltInKeywords.groovy:64)
	at CURA_LOGIN.setUp(CURA_LOGIN.groovy:37)
	at java.base/jdk.internal.reflect.NativeMethodAccessorImpl.invoke0(Native Method)
	at java.base/jdk.internal.reflect.NativeMethodAccessorImpl.invoke(NativeMethodAccessorImpl.java:77)
	at java.base/jdk.internal.reflect.DelegatingMethodAccessorImpl.invoke(DelegatingMethodAccessorImpl.java:43)
	at com.kms.katalon.core.main.ScriptEngine.runScriptMethodAsRawText(ScriptEngine.java:133)
	at com.kms.katalon.core.main.TestSuiteExecutor.runMethod(TestSuiteExecutor.java:223)
	at com.kms.katalon.core.main.TestSuiteExecutor.lambda$0(TestSuiteExecutor.java:202)
	at com.kms.katalon.core.main.TestSuiteExecutor.invokeTestSuiteMethod(TestSuiteExecutor.java:201)
	at com.kms.katalon.core.main.TestSuiteExecutor.accessTestSuiteMainPhase(TestSuiteExecutor.java:131)
	at com.kms.katalon.core.main.TestSuiteExecutor.execute(TestSuiteExecutor.java:106)
	at com.kms.katalon.core.main.TestCaseMain.startTestSuite(TestCaseMain.java:180)
	at TempTestSuite1706712163753.run(TempTestSuite1706712163753.groovy:36)
	at java.base/jdk.internal.reflect.NativeMethodAccessorImpl.invoke0(Native Method)
	at java.base/jdk.internal.reflect.NativeMethodAccessorImpl.invoke(NativeMethodAccessorImpl.java:77)
	at java.base/jdk.internal.reflect.DelegatingMethodAccessorImpl.invoke(DelegatingMethodAccessorImpl.java:43)
</property>
  <property name="failed.exception.message">session not created: This version of Microsoft Edge WebDriver only supports Microsoft Edge version 119
Current browser version is 121.0.2277.83 with binary path C:\Program Files (x86)\Microsoft\Edge\Application\msedge.exe
Build info: version: &apos;3.141.59&apos;, revision: &apos;e82be7d358&apos;, time: &apos;2018-11-14T08:25:53&apos;
System info: host: &apos;LAPTOP-F3RG2V3G&apos;, ip: &apos;192.168.1.10&apos;, os.name: &apos;Windows 10&apos;, os.arch: &apos;amd64&apos;, os.version: &apos;10.0&apos;, java.version: &apos;17.0.7&apos;
Driver info: driver.version: CEdgeDriver
remote stacktrace: 	GetHandleVerifier [0x00007FF6932225B2+60402]
	Microsoft::Applications::Events::ILogConfiguration::operator* [0x00007FF6931A7302+253666]
	(No symbol) [0x00007FF692F79C99]
	(No symbol) [0x00007FF692FB907D]
	(No symbol) [0x00007FF692FB8279]
	(No symbol) [0x00007FF692FB1E65]
	(No symbol) [0x00007FF692FAD18B]
	(No symbol) [0x00007FF692FF423F]
	(No symbol) [0x00007FF692FEB863]
	(No symbol) [0x00007FF692FBC585]
	(No symbol) [0x00007FF692FBB993]
	(No symbol) [0x00007FF692FBCD14]
	Microsoft::Applications::Events::EventProperty::to_string [0x00007FF693403454+1161924]
	(No symbol) [0x00007FF69303E5F6]
	Microsoft::Applications::Events::EventProperty::~EventProperty [0x00007FF6930FB083+37459]
	Microsoft::Applications::Events::EventProperty::~EventProperty [0x00007FF6930F2C4D+3613]
	Microsoft::Applications::Events::EventProperty::to_string [0x00007FF693402194+1157124]
	Microsoft::Applications::Events::ILogConfiguration::operator* [0x00007FF6931B1658+295480]
	Microsoft::Applications::Events::ILogConfiguration::operator* [0x00007FF6931ACB24+276228]
	Microsoft::Applications::Events::ILogConfiguration::operator* [0x00007FF6931ACC52+276530]
	Microsoft::Applications::Events::ILogConfiguration::operator* [0x00007FF69319FA41+222753]
	BaseThreadInitThunk [0x00007FFFC77F7344+20]
	RtlUserThreadStart [0x00007FFFC79626B1+33]
</property>
</record>
<record>
  <date>2024-01-31T14:43:49.768745400Z</date>
  <millis>1706712229768</millis>
  <nanos>745400</nanos>
  <sequence>24</sequence>
  <level>END</level>
  <class>com.kms.katalon.core.logging.XmlKeywordLogger</class>
  <method>endKeyword</method>
  <thread>1</thread>
  <message>End End action : setUp</message>
  <nestedLevel>0</nestedLevel>
  <escapedJava>false</escapedJava>
</record>
<record>
  <date>2024-01-31T14:43:49.770744Z</date>
  <millis>1706712229770</millis>
  <nanos>744000</nanos>
  <sequence>25</sequence>
  <level>START</level>
  <class>com.kms.katalon.core.logging.XmlKeywordLogger</class>
  <method>startKeyword</method>
  <thread>1</thread>
  <message>Start listener action : sampleAfterTestSuite</message>
  <nestedLevel>0</nestedLevel>
  <escapedJava>false</escapedJava>
</record>
<record>
  <date>2024-01-31T14:43:49.790746700Z</date>
  <millis>1706712229790</millis>
  <nanos>746700</nanos>
  <sequence>27</sequence>
  <level>START</level>
  <class>com.kms.katalon.core.logging.XmlKeywordLogger</class>
  <method>startKeyword</method>
  <thread>1</thread>
  <message>Start action : println(testSuiteContext.getTestSuiteId())</message>
  <nestedLevel>1</nestedLevel>
  <escapedJava>false</escapedJava>
  <property name="startLine">66</property>
  <property name="stepIndex">1</property>
</record>
<record>
  <date>2024-01-31T14:43:49.817749600Z</date>
  <millis>1706712229817</millis>
  <nanos>749600</nanos>
  <sequence>29</sequence>
  <level>END</level>
  <class>com.kms.katalon.core.logging.XmlKeywordLogger</class>
  <method>endKeyword</method>
  <thread>1</thread>
  <message>End action : println(testSuiteContext.getTestSuiteId())</message>
  <nestedLevel>1</nestedLevel>
  <escapedJava>false</escapedJava>
</record>
<record>
  <date>2024-01-31T14:43:49.820748400Z</date>
  <millis>1706712229820</millis>
  <nanos>748400</nanos>
  <sequence>30</sequence>
  <level>END</level>
  <class>com.kms.katalon.core.logging.XmlKeywordLogger</class>
  <method>endKeyword</method>
  <thread>1</thread>
  <message>End listener action : sampleAfterTestSuite</message>
  <nestedLevel>0</nestedLevel>
  <escapedJava>false</escapedJava>
</record>
<record>
  <date>2024-01-31T14:43:49.828749800Z</date>
  <millis>1706712229828</millis>
  <nanos>749800</nanos>
  <sequence>31</sequence>
  <level>START</level>
  <class>com.kms.katalon.core.logging.XmlKeywordLogger</class>
  <method>startKeyword</method>
  <thread>1</thread>
  <message>Start listener action : exportKatalonReports</message>
  <nestedLevel>0</nestedLevel>
  <escapedJava>false</escapedJava>
</record>
<record>
  <date>2024-01-31T14:43:52.511568400Z</date>
  <millis>1706712232511</millis>
  <nanos>568400</nanos>
  <sequence>77</sequence>
  <level>INFO</level>
  <class>com.kms.katalon.core.logging.XmlKeywordLogger</class>
  <method>logMessage</method>
  <thread>1</thread>
  <message>Start generating HTML report folder at: C:\Users\hp\Katalon Studio\CURA_HEALTHCARE_SERVICE\Reports\20240131_201240\CURA_LOGIN_TESTSUITE\CURA_LOGIN\20240131_201243...</message>
  <nestedLevel>0</nestedLevel>
  <escapedJava>false</escapedJava>
</record>
<record>
  <date>2024-01-31T14:43:52.951604700Z</date>
  <millis>1706712232951</millis>
  <nanos>604700</nanos>
  <sequence>78</sequence>
  <level>INFO</level>
  <class>com.kms.katalon.core.logging.XmlKeywordLogger</class>
  <method>logMessage</method>
  <thread>1</thread>
  <message>HTML report generated</message>
  <nestedLevel>0</nestedLevel>
  <escapedJava>false</escapedJava>
</record>
<record>
  <date>2024-01-31T14:43:52.961605400Z</date>
  <millis>1706712232961</millis>
  <nanos>605400</nanos>
  <sequence>79</sequence>
  <level>INFO</level>
  <class>com.kms.katalon.core.logging.XmlKeywordLogger</class>
  <method>logMessage</method>
  <thread>1</thread>
  <message>Start generating CSV report folder at: C:\Users\hp\Katalon Studio\CURA_HEALTHCARE_SERVICE\Reports\20240131_201240\CURA_LOGIN_TESTSUITE\CURA_LOGIN\20240131_201243...</message>
  <nestedLevel>0</nestedLevel>
  <escapedJava>false</escapedJava>
</record>
<record>
  <date>2024-01-31T14:43:53.282634Z</date>
  <millis>1706712233282</millis>
  <nanos>634000</nanos>
  <sequence>80</sequence>
  <level>INFO</level>
  <class>com.kms.katalon.core.logging.XmlKeywordLogger</class>
  <method>logMessage</method>
  <thread>1</thread>
  <message>CSV report generated</message>
  <nestedLevel>0</nestedLevel>
  <escapedJava>false</escapedJava>
</record>
<record>
  <date>2024-01-31T14:43:53.662173100Z</date>
  <millis>1706712233662</millis>
  <nanos>173100</nanos>
  <sequence>82</sequence>
  <level>END</level>
  <class>com.kms.katalon.core.logging.XmlKeywordLogger</class>
  <method>endKeyword</method>
  <thread>1</thread>
  <message>End listener action : exportKatalonReports</message>
  <nestedLevel>0</nestedLevel>
  <escapedJava>false</escapedJava>
</record>
<record>
  <date>2024-01-31T14:43:53.873188500Z</date>
  <millis>1706712233873</millis>
  <nanos>188500</nanos>
  <sequence>83</sequence>
  <level>END</level>
  <class>com.kms.katalon.core.logging.XmlKeywordLogger</class>
  <method>endSuite</method>
  <thread>1</thread>
  <message>End Test Suite : Test Suites/CURA_LOGIN_TESTSUITE/CURA_LOGIN</message>
  <nestedLevel>0</nestedLevel>
  <escapedJava>false</escapedJava>
</record>
</log>
