<?xml version="1.0" encoding="UTF-8"?>
<testsuites name="CURA_LOGIN" time="104.623" tests="4" failures="2" errors="0">
   <testsuite name="CURA_LOGIN" tests="4" failures="2" errors="0" time="104.623" skipped="0" timestamp="31-01-2024T18:58:53" hostname="hp - LAPTOP-F3RG2V3G" id="Test Suites/CURA_LOGIN_TESTSUITE/CURA_LOGIN">
      <properties>
         <property name="deviceName" value=""/>
         <property name="devicePlatform" value=""/>
         <property name="logFolder" value="C:\\Users\\hp\\Katalon Studio\\CURA_HEALTHCARE_SERVICE\\Reports\\20240131_185838\\CURA_LOGIN_TESTSUITE\\CURA_LOGIN\\20240131_185838"/>
         <property name="logFiles" value="C:\\Users\\hp\\Katalon Studio\\CURA_HEALTHCARE_SERVICE\\Reports\\20240131_185838\\CURA_LOGIN_TESTSUITE\\CURA_LOGIN\\20240131_185838\\execution0.log"/>
         <property name="attachments" value="C:\\Users\\hp\\Katalon Studio\\CURA_HEALTHCARE_SERVICE\\Reports\\20240131_185838\\CURA_LOGIN_TESTSUITE\\CURA_LOGIN\\20240131_185838\\1706707767031.png, C:\\Users\\hp\\Katalon Studio\\CURA_HEALTHCARE_SERVICE\\Reports\\20240131_185838\\CURA_LOGIN_TESTSUITE\\CURA_LOGIN\\20240131_185838\\1706707835666.png, C:\\Users\\hp\\Katalon Studio\\CURA_HEALTHCARE_SERVICE\\Reports\\20240131_185838\\CURA_LOGIN_TESTSUITE\\CURA_LOGIN\\20240131_185838\\1706707835884.png"/>
         <property name="hostName" value="hp - LAPTOP-F3RG2V3G"/>
         <property name="os" value="Windows 10 64bit"/>
         <property name="katalonVersion" value="9.1.0.212"/>
         <property name="browser" value="Chrome 120.0.0.0"/>
         <property name="hostAddress" value="192.168.1.10"/>
         <property name="sessionId" value="2dc11f7c92d88f4e1b34094420843aaa"/>
         <property name="seleniumVersion" value="3.141.59"/>
         <property name="proxyInformation" value="ProxyInformation { proxyOption=NO_PROXY, proxyServerType=HTTP, username=, password=********, proxyServerAddress=, proxyServerPort=0, executionList=&quot;&quot;, isApplyToDesiredCapabilities=true }"/>
         <property name="platform" value="Windows 10"/>
      </properties>
      <testcase name="Test Cases/TC_CURA_LOGIN/CURA_LOGIN_BYGLOBAL_001" time="13.685" classname="Test Cases/TC_CURA_LOGIN/CURA_LOGIN_BYGLOBAL_001" status="FAILED">
         <failure type="FAILED" message="Test Cases/TC_CURA_LOGIN/CURA_LOGIN_BYGLOBAL_001 FAILED.&#xa;Reason:&#xa;com.kms.katalon.core.exception.StepFailedException: Unable to set text 'null' of object 'Object Repository/Cura_Pages/CURA_LOGIN_OR/CURA_LOGIN_LOGIN VALIDATION_OR/Page_CURA Healthcare Service/input_username'&#xa;	at com.kms.katalon.core.webui.keyword.internal.WebUIKeywordMain.stepFailed(WebUIKeywordMain.groovy:64)&#xa;	at com.kms.katalon.core.webui.keyword.internal.WebUIKeywordMain.runKeyword(WebUIKeywordMain.groovy:26)&#xa;	at com.kms.katalon.core.webui.keyword.builtin.SetTextKeyword.setText(SetTextKeyword.groovy:66)&#xa;	at com.kms.katalon.core.webui.keyword.builtin.SetTextKeyword.execute(SetTextKeyword.groovy:37)&#xa;	at com.kms.katalon.core.keyword.internal.KeywordExecutor.executeKeywordForPlatform(KeywordExecutor.groovy:74)&#xa;	at com.kms.katalon.core.webui.keyword.WebUiBuiltInKeywords.setText(WebUiBuiltInKeywords.groovy:1019)&#xa;	at CURA_LOGIN_BYGLOBAL_001.run(CURA_LOGIN_BYGLOBAL_001:31)&#xa;	at com.kms.katalon.core.main.ScriptEngine.run(ScriptEngine.java:194)&#xa;	at com.kms.katalon.core.main.ScriptEngine.runScriptAsRawText(ScriptEngine.java:119)&#xa;	at com.kms.katalon.core.main.TestCaseExecutor.runScript(TestCaseExecutor.java:448)&#xa;	at com.kms.katalon.core.main.TestCaseExecutor.doExecute(TestCaseExecutor.java:439)&#xa;	at com.kms.katalon.core.main.TestCaseExecutor.processExecutionPhase(TestCaseExecutor.java:418)&#xa;	at com.kms.katalon.core.main.TestCaseExecutor.accessMainPhase(TestCaseExecutor.java:410)&#xa;	at com.kms.katalon.core.main.TestCaseExecutor.execute(TestCaseExecutor.java:285)&#xa;	at com.kms.katalon.core.common.CommonExecutor.accessTestCaseMainPhase(CommonExecutor.java:65)&#xa;	at com.kms.katalon.core.main.TestSuiteExecutor.accessTestSuiteMainPhase(TestSuiteExecutor.java:148)&#xa;	at com.kms.katalon.core.main.TestSuiteExecutor.execute(TestSuiteExecutor.java:106)&#xa;	at com.kms.katalon.core.main.TestCaseMain.startTestSuite(TestCaseMain.java:180)&#xa;	at TempTestSuite1706707718714.run(TempTestSuite1706707718714.groovy:36)&#xa;	at java.base/jdk.internal.reflect.NativeMethodAccessorImpl.invoke0(Native Method)&#xa;	at java.base/jdk.internal.reflect.NativeMethodAccessorImpl.invoke(NativeMethodAccessorImpl.java:77)&#xa;	at java.base/jdk.internal.reflect.DelegatingMethodAccessorImpl.invoke(DelegatingMethodAccessorImpl.java:43)&#xa;Caused by: java.lang.IllegalArgumentException: Text is null&#xa;	at com.kms.katalon.core.webui.keyword.builtin.SetTextKeyword$_setText_closure1.doCall(SetTextKeyword.groovy:48)&#xa;	at com.kms.katalon.core.webui.keyword.builtin.SetTextKeyword$_setText_closure1.call(SetTextKeyword.groovy)&#xa;	at com.kms.katalon.core.webui.keyword.internal.WebUIKeywordMain.runKeyword(WebUIKeywordMain.groovy:20)&#xa;	... 20 more&#xa;"/>
         <system-out><![CDATA[31-01-2024T18:59:16 - [TEST_CASE][FAILED] - Test Cases/TC_CURA_LOGIN/CURA_LOGIN_BYGLOBAL_001: Test Cases/TC_CURA_LOGIN/CURA_LOGIN_BYGLOBAL_001 FAILED.
Reason:
com.kms.katalon.core.exception.StepFailedException: Unable to set text 'null' of object 'Object Repository/Cura_Pages/CURA_LOGIN_OR/CURA_LOGIN_LOGIN VALIDATION_OR/Page_CURA Healthcare Service/input_username'
	at com.kms.katalon.core.webui.keyword.internal.WebUIKeywordMain.stepFailed(WebUIKeywordMain.groovy:64)
	at com.kms.katalon.core.webui.keyword.internal.WebUIKeywordMain.runKeyword(WebUIKeywordMain.groovy:26)
	at com.kms.katalon.core.webui.keyword.builtin.SetTextKeyword.setText(SetTextKeyword.groovy:66)
	at com.kms.katalon.core.webui.keyword.builtin.SetTextKeyword.execute(SetTextKeyword.groovy:37)
	at com.kms.katalon.core.keyword.internal.KeywordExecutor.executeKeywordForPlatform(KeywordExecutor.groovy:74)
	at com.kms.katalon.core.webui.keyword.WebUiBuiltInKeywords.setText(WebUiBuiltInKeywords.groovy:1019)
	at CURA_LOGIN_BYGLOBAL_001.run(CURA_LOGIN_BYGLOBAL_001:31)
	at com.kms.katalon.core.main.ScriptEngine.run(ScriptEngine.java:194)
	at com.kms.katalon.core.main.ScriptEngine.runScriptAsRawText(ScriptEngine.java:119)
	at com.kms.katalon.core.main.TestCaseExecutor.runScript(TestCaseExecutor.java:448)
	at com.kms.katalon.core.main.TestCaseExecutor.doExecute(TestCaseExecutor.java:439)
	at com.kms.katalon.core.main.TestCaseExecutor.processExecutionPhase(TestCaseExecutor.java:418)
	at com.kms.katalon.core.main.TestCaseExecutor.accessMainPhase(TestCaseExecutor.java:410)
	at com.kms.katalon.core.main.TestCaseExecutor.execute(TestCaseExecutor.java:285)
	at com.kms.katalon.core.common.CommonExecutor.accessTestCaseMainPhase(CommonExecutor.java:65)
	at com.kms.katalon.core.main.TestSuiteExecutor.accessTestSuiteMainPhase(TestSuiteExecutor.java:148)
	at com.kms.katalon.core.main.TestSuiteExecutor.execute(TestSuiteExecutor.java:106)
	at com.kms.katalon.core.main.TestCaseMain.startTestSuite(TestCaseMain.java:180)
	at TempTestSuite1706707718714.run(TempTestSuite1706707718714.groovy:36)
	at java.base/jdk.internal.reflect.NativeMethodAccessorImpl.invoke0(Native Method)
	at java.base/jdk.internal.reflect.NativeMethodAccessorImpl.invoke(NativeMethodAccessorImpl.java:77)
	at java.base/jdk.internal.reflect.DelegatingMethodAccessorImpl.invoke(DelegatingMethodAccessorImpl.java:43)
Caused by: java.lang.IllegalArgumentException: Text is null
	at com.kms.katalon.core.webui.keyword.builtin.SetTextKeyword$_setText_closure1.doCall(SetTextKeyword.groovy:48)
	at com.kms.katalon.core.webui.keyword.builtin.SetTextKeyword$_setText_closure1.call(SetTextKeyword.groovy)
	at com.kms.katalon.core.webui.keyword.internal.WebUIKeywordMain.runKeyword(WebUIKeywordMain.groovy:20)
	... 20 more


31-01-2024T18:59:17 - [TEST_STEP][PASSED] - Start listener action : sampleBeforeTestCase: Actual text 'CURA Healthcare Service' and expected text 'CURA Healthcare Service' are matched  using regular expression

31-01-2024T18:59:17 - [TEST_STEP][PASSED] - println(testCaseContext.getTestCaseId()): null

31-01-2024T18:59:17 - [TEST_STEP][PASSED] - println(testCaseContext.getTestCaseVariables()): null

31-01-2024T18:59:17 - [TEST_STEP][PASSED] - verifyMatch(getWindowTitle(), "CURA Healthcare Service", true): Actual text 'CURA Healthcare Service' and expected text 'CURA Healthcare Service' are matched  using regular expression

31-01-2024T18:59:17 - [MESSAGE][PASSED] - Current window's title is: 'CURA Healthcare Service'

31-01-2024T18:59:18 - [MESSAGE][PASSED] - Actual text 'CURA Healthcare Service' and expected text 'CURA Healthcare Service' are matched  using regular expression

31-01-2024T18:59:19 - [TEST_STEP][PASSED] - click(findTestObject("Cura_Pages/CURA_LOGIN_OR/CURA_LOGIN_LOGIN VALIDATION_OR/Page_CURA Healthcare Service/amenu-toggle")): Object: 'Object Repository/Cura_Pages/CURA_LOGIN_OR/CURA_LOGIN_LOGIN VALIDATION_OR/Page_CURA Healthcare Service/amenu-toggle' is clicked on

31-01-2024T18:59:24 - [MESSAGE][PASSED] - Object: 'Object Repository/Cura_Pages/CURA_LOGIN_OR/CURA_LOGIN_LOGIN VALIDATION_OR/Page_CURA Healthcare Service/amenu-toggle' is clicked on

31-01-2024T18:59:24 - [TEST_STEP][PASSED] - click(findTestObject("Object Repository/Cura_Pages/CURA_LOGIN_OR/CURA_LOGIN_LOGIN VALIDATION_OR/Page_CURA Healthcare Service/a_Login")): Object: 'Object Repository/Cura_Pages/CURA_LOGIN_OR/CURA_LOGIN_LOGIN VALIDATION_OR/Page_CURA Healthcare Service/a_Login' is clicked on

31-01-2024T18:59:25 - [MESSAGE][PASSED] - Object: 'Object Repository/Cura_Pages/CURA_LOGIN_OR/CURA_LOGIN_LOGIN VALIDATION_OR/Page_CURA Healthcare Service/a_Login' is clicked on

31-01-2024T18:59:25 - [TEST_STEP][FAILED] - setText(findTestObject("Object Repository/Cura_Pages/CURA_LOGIN_OR/CURA_LOGIN_LOGIN VALIDATION_OR/Page_CURA Healthcare Service/input_username"), user): Unable to set text 'null' of object 'Object Repository/Cura_Pages/CURA_LOGIN_OR/CURA_LOGIN_LOGIN VALIDATION_OR/Page_CURA Healthcare Service/input_username' (Root cause: com.kms.katalon.core.exception.StepFailedException: Unable to set text 'null' of object 'Object Repository/Cura_Pages/CURA_LOGIN_OR/CURA_LOGIN_LOGIN VALIDATION_OR/Page_CURA Healthcare Service/input_username'
	at com.kms.katalon.core.webui.keyword.internal.WebUIKeywordMain.stepFailed(WebUIKeywordMain.groovy:64)
	at com.kms.katalon.core.webui.keyword.internal.WebUIKeywordMain.runKeyword(WebUIKeywordMain.groovy:26)
	at com.kms.katalon.core.webui.keyword.builtin.SetTextKeyword.setText(SetTextKeyword.groovy:66)
	at com.kms.katalon.core.webui.keyword.builtin.SetTextKeyword.execute(SetTextKeyword.groovy:37)
	at com.kms.katalon.core.keyword.internal.KeywordExecutor.executeKeywordForPlatform(KeywordExecutor.groovy:74)
	at com.kms.katalon.core.webui.keyword.WebUiBuiltInKeywords.setText(WebUiBuiltInKeywords.groovy:1019)
	at CURA_LOGIN_BYGLOBAL_001.run(CURA_LOGIN_BYGLOBAL_001:31)
	at com.kms.katalon.core.main.ScriptEngine.run(ScriptEngine.java:194)
	at com.kms.katalon.core.main.ScriptEngine.runScriptAsRawText(ScriptEngine.java:119)
	at com.kms.katalon.core.main.TestCaseExecutor.runScript(TestCaseExecutor.java:448)
	at com.kms.katalon.core.main.TestCaseExecutor.doExecute(TestCaseExecutor.java:439)
	at com.kms.katalon.core.main.TestCaseExecutor.processExecutionPhase(TestCaseExecutor.java:418)
	at com.kms.katalon.core.main.TestCaseExecutor.accessMainPhase(TestCaseExecutor.java:410)
	at com.kms.katalon.core.main.TestCaseExecutor.execute(TestCaseExecutor.java:285)
	at com.kms.katalon.core.common.CommonExecutor.accessTestCaseMainPhase(CommonExecutor.java:65)
	at com.kms.katalon.core.main.TestSuiteExecutor.accessTestSuiteMainPhase(TestSuiteExecutor.java:148)
	at com.kms.katalon.core.main.TestSuiteExecutor.execute(TestSuiteExecutor.java:106)
	at com.kms.katalon.core.main.TestCaseMain.startTestSuite(TestCaseMain.java:180)
	at TempTestSuite1706707718714.run(TempTestSuite1706707718714.groovy:36)
	at java.base/jdk.internal.reflect.NativeMethodAccessorImpl.invoke0(Native Method)
	at java.base/jdk.internal.reflect.NativeMethodAccessorImpl.invoke(NativeMethodAccessorImpl.java:77)
	at java.base/jdk.internal.reflect.DelegatingMethodAccessorImpl.invoke(DelegatingMethodAccessorImpl.java:43)
Caused by: java.lang.IllegalArgumentException: Text is null
	at com.kms.katalon.core.webui.keyword.builtin.SetTextKeyword$_setText_closure1.doCall(SetTextKeyword.groovy:48)
	at com.kms.katalon.core.webui.keyword.builtin.SetTextKeyword$_setText_closure1.call(SetTextKeyword.groovy)
	at com.kms.katalon.core.webui.keyword.internal.WebUIKeywordMain.runKeyword(WebUIKeywordMain.groovy:20)
	at com.kms.katalon.core.webui.keyword.builtin.SetTextKeyword.setText(SetTextKeyword.groovy:66)
	at com.kms.katalon.core.webui.keyword.builtin.SetTextKeyword.execute(SetTextKeyword.groovy:37)
	at com.kms.katalon.core.keyword.internal.KeywordExecutor.executeKeywordForPlatform(KeywordExecutor.groovy:74)
	at com.kms.katalon.core.webui.keyword.WebUiBuiltInKeywords.setText(WebUiBuiltInKeywords.groovy:1019)
	at Script1706685798272.run(Script1706685798272.groovy:31)
	... 15 more
)

31-01-2024T18:59:27 - [MESSAGE][FAILED] - Unable to set text 'null' of object 'Object Repository/Cura_Pages/CURA_LOGIN_OR/CURA_LOGIN_LOGIN VALIDATION_OR/Page_CURA Healthcare Service/input_username' (Root cause: com.kms.katalon.core.exception.StepFailedException: Unable to set text 'null' of object 'Object Repository/Cura_Pages/CURA_LOGIN_OR/CURA_LOGIN_LOGIN VALIDATION_OR/Page_CURA Healthcare Service/input_username'
	at com.kms.katalon.core.webui.keyword.internal.WebUIKeywordMain.stepFailed(WebUIKeywordMain.groovy:64)
	at com.kms.katalon.core.webui.keyword.internal.WebUIKeywordMain.runKeyword(WebUIKeywordMain.groovy:26)
	at com.kms.katalon.core.webui.keyword.builtin.SetTextKeyword.setText(SetTextKeyword.groovy:66)
	at com.kms.katalon.core.webui.keyword.builtin.SetTextKeyword.execute(SetTextKeyword.groovy:37)
	at com.kms.katalon.core.keyword.internal.KeywordExecutor.executeKeywordForPlatform(KeywordExecutor.groovy:74)
	at com.kms.katalon.core.webui.keyword.WebUiBuiltInKeywords.setText(WebUiBuiltInKeywords.groovy:1019)
	at CURA_LOGIN_BYGLOBAL_001.run(CURA_LOGIN_BYGLOBAL_001:31)
	at com.kms.katalon.core.main.ScriptEngine.run(ScriptEngine.java:194)
	at com.kms.katalon.core.main.ScriptEngine.runScriptAsRawText(ScriptEngine.java:119)
	at com.kms.katalon.core.main.TestCaseExecutor.runScript(TestCaseExecutor.java:448)
	at com.kms.katalon.core.main.TestCaseExecutor.doExecute(TestCaseExecutor.java:439)
	at com.kms.katalon.core.main.TestCaseExecutor.processExecutionPhase(TestCaseExecutor.java:418)
	at com.kms.katalon.core.main.TestCaseExecutor.accessMainPhase(TestCaseExecutor.java:410)
	at com.kms.katalon.core.main.TestCaseExecutor.execute(TestCaseExecutor.java:285)
	at com.kms.katalon.core.common.CommonExecutor.accessTestCaseMainPhase(CommonExecutor.java:65)
	at com.kms.katalon.core.main.TestSuiteExecutor.accessTestSuiteMainPhase(TestSuiteExecutor.java:148)
	at com.kms.katalon.core.main.TestSuiteExecutor.execute(TestSuiteExecutor.java:106)
	at com.kms.katalon.core.main.TestCaseMain.startTestSuite(TestCaseMain.java:180)
	at TempTestSuite1706707718714.run(TempTestSuite1706707718714.groovy:36)
	at java.base/jdk.internal.reflect.NativeMethodAccessorImpl.invoke0(Native Method)
	at java.base/jdk.internal.reflect.NativeMethodAccessorImpl.invoke(NativeMethodAccessorImpl.java:77)
	at java.base/jdk.internal.reflect.DelegatingMethodAccessorImpl.invoke(DelegatingMethodAccessorImpl.java:43)
Caused by: java.lang.IllegalArgumentException: Text is null
	at com.kms.katalon.core.webui.keyword.builtin.SetTextKeyword$_setText_closure1.doCall(SetTextKeyword.groovy:48)
	at com.kms.katalon.core.webui.keyword.builtin.SetTextKeyword$_setText_closure1.call(SetTextKeyword.groovy)
	at com.kms.katalon.core.webui.keyword.internal.WebUIKeywordMain.runKeyword(WebUIKeywordMain.groovy:20)
	at com.kms.katalon.core.webui.keyword.builtin.SetTextKeyword.setText(SetTextKeyword.groovy:66)
	at com.kms.katalon.core.webui.keyword.builtin.SetTextKeyword.execute(SetTextKeyword.groovy:37)
	at com.kms.katalon.core.keyword.internal.KeywordExecutor.executeKeywordForPlatform(KeywordExecutor.groovy:74)
	at com.kms.katalon.core.webui.keyword.WebUiBuiltInKeywords.setText(WebUiBuiltInKeywords.groovy:1019)
	at Script1706685798272.run(Script1706685798272.groovy:31)
	... 15 more
)
[[ATTACHMENT|C:\\Users\\hp\\Katalon Studio\\CURA_HEALTHCARE_SERVICE\\Reports\\20240131_185838\\CURA_LOGIN_TESTSUITE\\CURA_LOGIN\\20240131_185838\\1706707767031.png]]

31-01-2024T18:59:27 - [TEST_STEP][PASSED] - Start tear down : tearDownTestCase: Method 'tearDownTestCase' complete successfully

31-01-2024T18:59:27 - [TEST_STEP][PASSED] - delay(2): Delayed 2 second(s)

31-01-2024T18:59:29 - [MESSAGE][PASSED] - Delayed 2 second(s)

31-01-2024T18:59:30 - [MESSAGE][PASSED] - Method 'tearDownTestCase' complete successfully

31-01-2024T18:59:30 - [TEST_STEP][PASSED] - Start listener action : sampleAfterTestCase: null

31-01-2024T18:59:30 - [TEST_STEP][PASSED] - println(testCaseContext.getTestCaseId()): null

31-01-2024T18:59:30 - [TEST_STEP][PASSED] - println(testCaseContext.getTestCaseStatus()): null]]></system-out>
         <system-err><![CDATA[31-01-2024T18:59:16 - [TEST_CASE][FAILED] - Test Cases/TC_CURA_LOGIN/CURA_LOGIN_BYGLOBAL_001: Test Cases/TC_CURA_LOGIN/CURA_LOGIN_BYGLOBAL_001 FAILED.
Reason:
com.kms.katalon.core.exception.StepFailedException: Unable to set text 'null' of object 'Object Repository/Cura_Pages/CURA_LOGIN_OR/CURA_LOGIN_LOGIN VALIDATION_OR/Page_CURA Healthcare Service/input_username'
	at com.kms.katalon.core.webui.keyword.internal.WebUIKeywordMain.stepFailed(WebUIKeywordMain.groovy:64)
	at com.kms.katalon.core.webui.keyword.internal.WebUIKeywordMain.runKeyword(WebUIKeywordMain.groovy:26)
	at com.kms.katalon.core.webui.keyword.builtin.SetTextKeyword.setText(SetTextKeyword.groovy:66)
	at com.kms.katalon.core.webui.keyword.builtin.SetTextKeyword.execute(SetTextKeyword.groovy:37)
	at com.kms.katalon.core.keyword.internal.KeywordExecutor.executeKeywordForPlatform(KeywordExecutor.groovy:74)
	at com.kms.katalon.core.webui.keyword.WebUiBuiltInKeywords.setText(WebUiBuiltInKeywords.groovy:1019)
	at CURA_LOGIN_BYGLOBAL_001.run(CURA_LOGIN_BYGLOBAL_001:31)
	at com.kms.katalon.core.main.ScriptEngine.run(ScriptEngine.java:194)
	at com.kms.katalon.core.main.ScriptEngine.runScriptAsRawText(ScriptEngine.java:119)
	at com.kms.katalon.core.main.TestCaseExecutor.runScript(TestCaseExecutor.java:448)
	at com.kms.katalon.core.main.TestCaseExecutor.doExecute(TestCaseExecutor.java:439)
	at com.kms.katalon.core.main.TestCaseExecutor.processExecutionPhase(TestCaseExecutor.java:418)
	at com.kms.katalon.core.main.TestCaseExecutor.accessMainPhase(TestCaseExecutor.java:410)
	at com.kms.katalon.core.main.TestCaseExecutor.execute(TestCaseExecutor.java:285)
	at com.kms.katalon.core.common.CommonExecutor.accessTestCaseMainPhase(CommonExecutor.java:65)
	at com.kms.katalon.core.main.TestSuiteExecutor.accessTestSuiteMainPhase(TestSuiteExecutor.java:148)
	at com.kms.katalon.core.main.TestSuiteExecutor.execute(TestSuiteExecutor.java:106)
	at com.kms.katalon.core.main.TestCaseMain.startTestSuite(TestCaseMain.java:180)
	at TempTestSuite1706707718714.run(TempTestSuite1706707718714.groovy:36)
	at java.base/jdk.internal.reflect.NativeMethodAccessorImpl.invoke0(Native Method)
	at java.base/jdk.internal.reflect.NativeMethodAccessorImpl.invoke(NativeMethodAccessorImpl.java:77)
	at java.base/jdk.internal.reflect.DelegatingMethodAccessorImpl.invoke(DelegatingMethodAccessorImpl.java:43)
Caused by: java.lang.IllegalArgumentException: Text is null
	at com.kms.katalon.core.webui.keyword.builtin.SetTextKeyword$_setText_closure1.doCall(SetTextKeyword.groovy:48)
	at com.kms.katalon.core.webui.keyword.builtin.SetTextKeyword$_setText_closure1.call(SetTextKeyword.groovy)
	at com.kms.katalon.core.webui.keyword.internal.WebUIKeywordMain.runKeyword(WebUIKeywordMain.groovy:20)
	... 20 more]]></system-err>
      </testcase>
      <testcase name="Test Cases/TC_CURA_LOGIN/CURA_LOGIN_DDT_002" time="13.595" classname="Test Cases/TC_CURA_LOGIN/CURA_LOGIN_DDT_002" status="PASSED">
         <system-out><![CDATA[31-01-2024T18:59:30 - [TEST_CASE][PASSED] - Test Cases/TC_CURA_LOGIN/CURA_LOGIN_DDT_002: Test Cases/TC_CURA_LOGIN/CURA_LOGIN_DDT_002

31-01-2024T18:59:30 - [TEST_STEP][PASSED] - Start listener action : sampleBeforeTestCase: Actual text 'CURA Healthcare Service' and expected text 'CURA Healthcare Service' are matched  using regular expression

31-01-2024T18:59:30 - [TEST_STEP][PASSED] - println(testCaseContext.getTestCaseId()): null

31-01-2024T18:59:30 - [TEST_STEP][PASSED] - println(testCaseContext.getTestCaseVariables()): null

31-01-2024T18:59:30 - [TEST_STEP][PASSED] - verifyMatch(getWindowTitle(), "CURA Healthcare Service", true): Actual text 'CURA Healthcare Service' and expected text 'CURA Healthcare Service' are matched  using regular expression

31-01-2024T18:59:30 - [MESSAGE][PASSED] - Current window's title is: 'CURA Healthcare Service'

31-01-2024T18:59:30 - [MESSAGE][PASSED] - Actual text 'CURA Healthcare Service' and expected text 'CURA Healthcare Service' are matched  using regular expression

31-01-2024T18:59:32 - [TEST_STEP][PASSED] - click(findTestObject("Object Repository/Cura_Pages/CURA_LOGIN_OR/CURA_LOGIN_LOGIN VALIDATION_OR/Page_CURA Healthcare Service/amenu-toggle")): Object: 'Object Repository/Cura_Pages/CURA_LOGIN_OR/CURA_LOGIN_LOGIN VALIDATION_OR/Page_CURA Healthcare Service/amenu-toggle' is clicked on

31-01-2024T18:59:33 - [MESSAGE][PASSED] - Object: 'Object Repository/Cura_Pages/CURA_LOGIN_OR/CURA_LOGIN_LOGIN VALIDATION_OR/Page_CURA Healthcare Service/amenu-toggle' is clicked on

31-01-2024T18:59:33 - [TEST_STEP][PASSED] - click(findTestObject("Object Repository/Cura_Pages/CURA_LOGIN_OR/CURA_LOGIN_LOGIN VALIDATION_OR/Page_CURA Healthcare Service/a_Login")): Object: 'Object Repository/Cura_Pages/CURA_LOGIN_OR/CURA_LOGIN_LOGIN VALIDATION_OR/Page_CURA Healthcare Service/a_Login' is clicked on

31-01-2024T18:59:34 - [MESSAGE][PASSED] - Object: 'Object Repository/Cura_Pages/CURA_LOGIN_OR/CURA_LOGIN_LOGIN VALIDATION_OR/Page_CURA Healthcare Service/a_Login' is clicked on

31-01-2024T18:59:34 - [TEST_STEP][PASSED] - setText(findTestObject("Object Repository/Cura_Pages/CURA_LOGIN_OR/CURA_LOGIN_LOGIN VALIDATION_OR/Page_CURA Healthcare Service/input_username"), USERNAME): Text 'John Doe' is set on object 'Object Repository/Cura_Pages/CURA_LOGIN_OR/CURA_LOGIN_LOGIN VALIDATION_OR/Page_CURA Healthcare Service/input_username'

31-01-2024T18:59:35 - [MESSAGE][PASSED] - Text 'John Doe' is set on object 'Object Repository/Cura_Pages/CURA_LOGIN_OR/CURA_LOGIN_LOGIN VALIDATION_OR/Page_CURA Healthcare Service/input_username'

31-01-2024T18:59:35 - [TEST_STEP][PASSED] - setText(findTestObject("Object Repository/Cura_Pages/CURA_LOGIN_OR/CURA_LOGIN_LOGIN VALIDATION_OR/Page_CURA Healthcare Service/input_password"), PASSWORD): Text 'ThisIsNotAPassword' is set on object 'Object Repository/Cura_Pages/CURA_LOGIN_OR/CURA_LOGIN_LOGIN VALIDATION_OR/Page_CURA Healthcare Service/input_password'

31-01-2024T18:59:37 - [MESSAGE][PASSED] - Text 'ThisIsNotAPassword' is set on object 'Object Repository/Cura_Pages/CURA_LOGIN_OR/CURA_LOGIN_LOGIN VALIDATION_OR/Page_CURA Healthcare Service/input_password'

31-01-2024T18:59:37 - [TEST_STEP][PASSED] - click(findTestObject("Object Repository/Cura_Pages/CURA_LOGIN_OR/CURA_LOGIN_LOGIN VALIDATION_OR/Page_CURA Healthcare Service/button_Login")): Object: 'Object Repository/Cura_Pages/CURA_LOGIN_OR/CURA_LOGIN_LOGIN VALIDATION_OR/Page_CURA Healthcare Service/button_Login' is clicked on

31-01-2024T18:59:40 - [MESSAGE][PASSED] - Object: 'Object Repository/Cura_Pages/CURA_LOGIN_OR/CURA_LOGIN_LOGIN VALIDATION_OR/Page_CURA Healthcare Service/button_Login' is clicked on

31-01-2024T18:59:40 - [TEST_STEP][PASSED] - verifyElementPresent(findTestObject("Object Repository/Cura_Pages/CURA_LOGIN_OR/CURA_LOGIN_LOGIN VALIDATION_OR/Page_CURA Healthcare Service/h2_Make Appointment"), 0): Object 'Object Repository/Cura_Pages/CURA_LOGIN_OR/CURA_LOGIN_LOGIN VALIDATION_OR/Page_CURA Healthcare Service/h2_Make Appointment' is present

31-01-2024T18:59:40 - [MESSAGE][WARNING] - Timeout '0' is invalid. Using default page load timeout: '30'

31-01-2024T18:59:40 - [MESSAGE][PASSED] - Object 'Object Repository/Cura_Pages/CURA_LOGIN_OR/CURA_LOGIN_LOGIN VALIDATION_OR/Page_CURA Healthcare Service/h2_Make Appointment' is present

31-01-2024T18:59:40 - [TEST_STEP][PASSED] - click(findTestObject("Object Repository/Cura_Pages/CURA_LOGIN_OR/CURA_LOGIN_LOGIN VALIDATION_OR/Page_CURA Healthcare Service/amenu-toggle")): Object: 'Object Repository/Cura_Pages/CURA_LOGIN_OR/CURA_LOGIN_LOGIN VALIDATION_OR/Page_CURA Healthcare Service/amenu-toggle' is clicked on

31-01-2024T18:59:41 - [MESSAGE][PASSED] - Object: 'Object Repository/Cura_Pages/CURA_LOGIN_OR/CURA_LOGIN_LOGIN VALIDATION_OR/Page_CURA Healthcare Service/amenu-toggle' is clicked on

31-01-2024T18:59:41 - [TEST_STEP][PASSED] - click(findTestObject("Object Repository/Cura_Pages/CURA_LOGIN_OR/CURA_LOGIN_LOGIN VALIDATION_OR/Page_CURA Healthcare Service/a_Logout")): Object: 'Object Repository/Cura_Pages/CURA_LOGIN_OR/CURA_LOGIN_LOGIN VALIDATION_OR/Page_CURA Healthcare Service/a_Logout' is clicked on

31-01-2024T18:59:42 - [MESSAGE][PASSED] - Object: 'Object Repository/Cura_Pages/CURA_LOGIN_OR/CURA_LOGIN_LOGIN VALIDATION_OR/Page_CURA Healthcare Service/a_Logout' is clicked on

31-01-2024T18:59:42 - [TEST_STEP][PASSED] - Start tear down : tearDownTestCase: Method 'tearDownTestCase' complete successfully

31-01-2024T18:59:42 - [TEST_STEP][PASSED] - delay(2): Delayed 2 second(s)

31-01-2024T18:59:44 - [MESSAGE][PASSED] - Delayed 2 second(s)

31-01-2024T18:59:44 - [MESSAGE][PASSED] - Method 'tearDownTestCase' complete successfully

31-01-2024T18:59:44 - [TEST_STEP][PASSED] - Start listener action : sampleAfterTestCase: null

31-01-2024T18:59:44 - [TEST_STEP][PASSED] - println(testCaseContext.getTestCaseId()): null

31-01-2024T18:59:44 - [TEST_STEP][PASSED] - println(testCaseContext.getTestCaseStatus()): null]]></system-out>
         <system-err><![CDATA[]]></system-err>
      </testcase>
      <testcase name="Test Cases/TC_CURA_LOGIN/CURA_LOGIN_DDT_002" time="11.756" classname="Test Cases/TC_CURA_LOGIN/CURA_LOGIN_DDT_002" status="PASSED">
         <system-out><![CDATA[31-01-2024T18:59:44 - [TEST_CASE][PASSED] - Test Cases/TC_CURA_LOGIN/CURA_LOGIN_DDT_002: Test Cases/TC_CURA_LOGIN/CURA_LOGIN_DDT_002

31-01-2024T18:59:44 - [TEST_STEP][PASSED] - Start listener action : sampleBeforeTestCase: Actual text 'CURA Healthcare Service' and expected text 'CURA Healthcare Service' are matched  using regular expression

31-01-2024T18:59:44 - [TEST_STEP][PASSED] - println(testCaseContext.getTestCaseId()): null

31-01-2024T18:59:44 - [TEST_STEP][PASSED] - println(testCaseContext.getTestCaseVariables()): null

31-01-2024T18:59:44 - [TEST_STEP][PASSED] - verifyMatch(getWindowTitle(), "CURA Healthcare Service", true): Actual text 'CURA Healthcare Service' and expected text 'CURA Healthcare Service' are matched  using regular expression

31-01-2024T18:59:44 - [MESSAGE][PASSED] - Current window's title is: 'CURA Healthcare Service'

31-01-2024T18:59:44 - [MESSAGE][PASSED] - Actual text 'CURA Healthcare Service' and expected text 'CURA Healthcare Service' are matched  using regular expression

31-01-2024T18:59:44 - [TEST_STEP][PASSED] - click(findTestObject("Object Repository/Cura_Pages/CURA_LOGIN_OR/CURA_LOGIN_LOGIN VALIDATION_OR/Page_CURA Healthcare Service/amenu-toggle")): Object: 'Object Repository/Cura_Pages/CURA_LOGIN_OR/CURA_LOGIN_LOGIN VALIDATION_OR/Page_CURA Healthcare Service/amenu-toggle' is clicked on

31-01-2024T18:59:45 - [MESSAGE][PASSED] - Object: 'Object Repository/Cura_Pages/CURA_LOGIN_OR/CURA_LOGIN_LOGIN VALIDATION_OR/Page_CURA Healthcare Service/amenu-toggle' is clicked on

31-01-2024T18:59:45 - [TEST_STEP][PASSED] - click(findTestObject("Object Repository/Cura_Pages/CURA_LOGIN_OR/CURA_LOGIN_LOGIN VALIDATION_OR/Page_CURA Healthcare Service/a_Login")): Object: 'Object Repository/Cura_Pages/CURA_LOGIN_OR/CURA_LOGIN_LOGIN VALIDATION_OR/Page_CURA Healthcare Service/a_Login' is clicked on

31-01-2024T18:59:46 - [MESSAGE][PASSED] - Object: 'Object Repository/Cura_Pages/CURA_LOGIN_OR/CURA_LOGIN_LOGIN VALIDATION_OR/Page_CURA Healthcare Service/a_Login' is clicked on

31-01-2024T18:59:46 - [TEST_STEP][PASSED] - setText(findTestObject("Object Repository/Cura_Pages/CURA_LOGIN_OR/CURA_LOGIN_LOGIN VALIDATION_OR/Page_CURA Healthcare Service/input_username"), USERNAME): Text 'John Doe' is set on object 'Object Repository/Cura_Pages/CURA_LOGIN_OR/CURA_LOGIN_LOGIN VALIDATION_OR/Page_CURA Healthcare Service/input_username'

31-01-2024T18:59:47 - [MESSAGE][PASSED] - Text 'John Doe' is set on object 'Object Repository/Cura_Pages/CURA_LOGIN_OR/CURA_LOGIN_LOGIN VALIDATION_OR/Page_CURA Healthcare Service/input_username'

31-01-2024T18:59:47 - [TEST_STEP][PASSED] - setText(findTestObject("Object Repository/Cura_Pages/CURA_LOGIN_OR/CURA_LOGIN_LOGIN VALIDATION_OR/Page_CURA Healthcare Service/input_password"), PASSWORD): Text 'ThisIsNotAPassword' is set on object 'Object Repository/Cura_Pages/CURA_LOGIN_OR/CURA_LOGIN_LOGIN VALIDATION_OR/Page_CURA Healthcare Service/input_password'

31-01-2024T18:59:48 - [MESSAGE][PASSED] - Text 'ThisIsNotAPassword' is set on object 'Object Repository/Cura_Pages/CURA_LOGIN_OR/CURA_LOGIN_LOGIN VALIDATION_OR/Page_CURA Healthcare Service/input_password'

31-01-2024T18:59:48 - [TEST_STEP][PASSED] - click(findTestObject("Object Repository/Cura_Pages/CURA_LOGIN_OR/CURA_LOGIN_LOGIN VALIDATION_OR/Page_CURA Healthcare Service/button_Login")): Object: 'Object Repository/Cura_Pages/CURA_LOGIN_OR/CURA_LOGIN_LOGIN VALIDATION_OR/Page_CURA Healthcare Service/button_Login' is clicked on

31-01-2024T18:59:50 - [MESSAGE][PASSED] - Object: 'Object Repository/Cura_Pages/CURA_LOGIN_OR/CURA_LOGIN_LOGIN VALIDATION_OR/Page_CURA Healthcare Service/button_Login' is clicked on

31-01-2024T18:59:50 - [TEST_STEP][PASSED] - verifyElementPresent(findTestObject("Object Repository/Cura_Pages/CURA_LOGIN_OR/CURA_LOGIN_LOGIN VALIDATION_OR/Page_CURA Healthcare Service/h2_Make Appointment"), 0): Object 'Object Repository/Cura_Pages/CURA_LOGIN_OR/CURA_LOGIN_LOGIN VALIDATION_OR/Page_CURA Healthcare Service/h2_Make Appointment' is present

31-01-2024T18:59:51 - [MESSAGE][WARNING] - Timeout '0' is invalid. Using default page load timeout: '30'

31-01-2024T18:59:51 - [MESSAGE][PASSED] - Object 'Object Repository/Cura_Pages/CURA_LOGIN_OR/CURA_LOGIN_LOGIN VALIDATION_OR/Page_CURA Healthcare Service/h2_Make Appointment' is present

31-01-2024T18:59:51 - [TEST_STEP][PASSED] - click(findTestObject("Object Repository/Cura_Pages/CURA_LOGIN_OR/CURA_LOGIN_LOGIN VALIDATION_OR/Page_CURA Healthcare Service/amenu-toggle")): Object: 'Object Repository/Cura_Pages/CURA_LOGIN_OR/CURA_LOGIN_LOGIN VALIDATION_OR/Page_CURA Healthcare Service/amenu-toggle' is clicked on

31-01-2024T18:59:52 - [MESSAGE][PASSED] - Object: 'Object Repository/Cura_Pages/CURA_LOGIN_OR/CURA_LOGIN_LOGIN VALIDATION_OR/Page_CURA Healthcare Service/amenu-toggle' is clicked on

31-01-2024T18:59:52 - [TEST_STEP][PASSED] - click(findTestObject("Object Repository/Cura_Pages/CURA_LOGIN_OR/CURA_LOGIN_LOGIN VALIDATION_OR/Page_CURA Healthcare Service/a_Logout")): Object: 'Object Repository/Cura_Pages/CURA_LOGIN_OR/CURA_LOGIN_LOGIN VALIDATION_OR/Page_CURA Healthcare Service/a_Logout' is clicked on

31-01-2024T18:59:54 - [MESSAGE][PASSED] - Object: 'Object Repository/Cura_Pages/CURA_LOGIN_OR/CURA_LOGIN_LOGIN VALIDATION_OR/Page_CURA Healthcare Service/a_Logout' is clicked on

31-01-2024T18:59:54 - [TEST_STEP][PASSED] - Start tear down : tearDownTestCase: Method 'tearDownTestCase' complete successfully

31-01-2024T18:59:54 - [TEST_STEP][PASSED] - delay(2): Delayed 2 second(s)

31-01-2024T18:59:56 - [MESSAGE][PASSED] - Delayed 2 second(s)

31-01-2024T18:59:56 - [MESSAGE][PASSED] - Method 'tearDownTestCase' complete successfully

31-01-2024T18:59:56 - [TEST_STEP][PASSED] - Start listener action : sampleAfterTestCase: null

31-01-2024T18:59:56 - [TEST_STEP][PASSED] - println(testCaseContext.getTestCaseId()): null

31-01-2024T18:59:56 - [TEST_STEP][PASSED] - println(testCaseContext.getTestCaseStatus()): null]]></system-out>
         <system-err><![CDATA[]]></system-err>
      </testcase>
      <testcase name="Test Cases/TC_CURA_LOGIN/CURA_LOGIN_DDT_002" time="41.628" classname="Test Cases/TC_CURA_LOGIN/CURA_LOGIN_DDT_002" status="FAILED">
         <failure type="FAILED" message="Test Cases/TC_CURA_LOGIN/CURA_LOGIN_DDT_002 FAILED.&#xa;Reason:&#xa;com.kms.katalon.core.exception.StepFailedException: Unable to verify object 'Object Repository/Cura_Pages/CURA_LOGIN_OR/CURA_LOGIN_LOGIN VALIDATION_OR/Page_CURA Healthcare Service/h2_Make Appointment' is present&#xa;	at com.kms.katalon.core.webui.keyword.internal.WebUIKeywordMain.stepFailed(WebUIKeywordMain.groovy:64)&#xa;	at com.kms.katalon.core.webui.keyword.internal.WebUIKeywordMain.runKeyword(WebUIKeywordMain.groovy:26)&#xa;	at com.kms.katalon.core.webui.keyword.builtin.VerifyElementPresentKeyword.verifyElementPresent(VerifyElementPresentKeyword.groovy:92)&#xa;	at com.kms.katalon.core.webui.keyword.builtin.VerifyElementPresentKeyword.execute(VerifyElementPresentKeyword.groovy:68)&#xa;	at com.kms.katalon.core.keyword.internal.KeywordExecutor.executeKeywordForPlatform(KeywordExecutor.groovy:74)&#xa;	at com.kms.katalon.core.webui.keyword.WebUiBuiltInKeywords.verifyElementPresent(WebUiBuiltInKeywords.groovy:1503)&#xa;	at CURA_LOGIN_DDT_002.run(CURA_LOGIN_DDT_002:38)&#xa;	at com.kms.katalon.core.main.ScriptEngine.run(ScriptEngine.java:194)&#xa;	at com.kms.katalon.core.main.ScriptEngine.runScriptAsRawText(ScriptEngine.java:119)&#xa;	at com.kms.katalon.core.main.TestCaseExecutor.runScript(TestCaseExecutor.java:448)&#xa;	at com.kms.katalon.core.main.TestCaseExecutor.doExecute(TestCaseExecutor.java:439)&#xa;	at com.kms.katalon.core.main.TestCaseExecutor.processExecutionPhase(TestCaseExecutor.java:418)&#xa;	at com.kms.katalon.core.main.TestCaseExecutor.accessMainPhase(TestCaseExecutor.java:410)&#xa;	at com.kms.katalon.core.main.TestCaseExecutor.execute(TestCaseExecutor.java:285)&#xa;	at com.kms.katalon.core.common.CommonExecutor.accessTestCaseMainPhase(CommonExecutor.java:65)&#xa;	at com.kms.katalon.core.main.TestSuiteExecutor.accessTestSuiteMainPhase(TestSuiteExecutor.java:148)&#xa;	at com.kms.katalon.core.main.TestSuiteExecutor.execute(TestSuiteExecutor.java:106)&#xa;	at com.kms.katalon.core.main.TestCaseMain.startTestSuite(TestCaseMain.java:180)&#xa;	at TempTestSuite1706707718714.run(TempTestSuite1706707718714.groovy:36)&#xa;	at java.base/jdk.internal.reflect.NativeMethodAccessorImpl.invoke0(Native Method)&#xa;	at java.base/jdk.internal.reflect.NativeMethodAccessorImpl.invoke(NativeMethodAccessorImpl.java:77)&#xa;	at java.base/jdk.internal.reflect.DelegatingMethodAccessorImpl.invoke(DelegatingMethodAccessorImpl.java:43)&#xa;Caused by: com.kms.katalon.core.exception.StepFailedException: com.kms.katalon.core.webui.exception.WebElementNotFoundException: Web element with id: 'Object Repository/Cura_Pages/CURA_LOGIN_OR/CURA_LOGIN_LOGIN VALIDATION_OR/Page_CURA Healthcare Service/h2_Make Appointment' located by '//section[@id='appointment']/div/div/div/h2' not found&#xa;	at com.kms.katalon.core.webui.keyword.internal.WebUIKeywordMain.stepFailed(WebUIKeywordMain.groovy:64)&#xa;	at com.kms.katalon.core.webui.keyword.builtin.VerifyElementPresentKeyword$_verifyElementPresent_closure1.doCall(VerifyElementPresentKeyword.groovy:85)&#xa;	at com.kms.katalon.core.webui.keyword.builtin.VerifyElementPresentKeyword$_verifyElementPresent_closure1.call(VerifyElementPresentKeyword.groovy)&#xa;	at com.kms.katalon.core.webui.keyword.internal.WebUIKeywordMain.runKeyword(WebUIKeywordMain.groovy:20)&#xa;	... 20 more&#xa;"/>
         <system-out><![CDATA[31-01-2024T18:59:56 - [TEST_CASE][FAILED] - Test Cases/TC_CURA_LOGIN/CURA_LOGIN_DDT_002: Test Cases/TC_CURA_LOGIN/CURA_LOGIN_DDT_002 FAILED.
Reason:
com.kms.katalon.core.exception.StepFailedException: Unable to verify object 'Object Repository/Cura_Pages/CURA_LOGIN_OR/CURA_LOGIN_LOGIN VALIDATION_OR/Page_CURA Healthcare Service/h2_Make Appointment' is present
	at com.kms.katalon.core.webui.keyword.internal.WebUIKeywordMain.stepFailed(WebUIKeywordMain.groovy:64)
	at com.kms.katalon.core.webui.keyword.internal.WebUIKeywordMain.runKeyword(WebUIKeywordMain.groovy:26)
	at com.kms.katalon.core.webui.keyword.builtin.VerifyElementPresentKeyword.verifyElementPresent(VerifyElementPresentKeyword.groovy:92)
	at com.kms.katalon.core.webui.keyword.builtin.VerifyElementPresentKeyword.execute(VerifyElementPresentKeyword.groovy:68)
	at com.kms.katalon.core.keyword.internal.KeywordExecutor.executeKeywordForPlatform(KeywordExecutor.groovy:74)
	at com.kms.katalon.core.webui.keyword.WebUiBuiltInKeywords.verifyElementPresent(WebUiBuiltInKeywords.groovy:1503)
	at CURA_LOGIN_DDT_002.run(CURA_LOGIN_DDT_002:38)
	at com.kms.katalon.core.main.ScriptEngine.run(ScriptEngine.java:194)
	at com.kms.katalon.core.main.ScriptEngine.runScriptAsRawText(ScriptEngine.java:119)
	at com.kms.katalon.core.main.TestCaseExecutor.runScript(TestCaseExecutor.java:448)
	at com.kms.katalon.core.main.TestCaseExecutor.doExecute(TestCaseExecutor.java:439)
	at com.kms.katalon.core.main.TestCaseExecutor.processExecutionPhase(TestCaseExecutor.java:418)
	at com.kms.katalon.core.main.TestCaseExecutor.accessMainPhase(TestCaseExecutor.java:410)
	at com.kms.katalon.core.main.TestCaseExecutor.execute(TestCaseExecutor.java:285)
	at com.kms.katalon.core.common.CommonExecutor.accessTestCaseMainPhase(CommonExecutor.java:65)
	at com.kms.katalon.core.main.TestSuiteExecutor.accessTestSuiteMainPhase(TestSuiteExecutor.java:148)
	at com.kms.katalon.core.main.TestSuiteExecutor.execute(TestSuiteExecutor.java:106)
	at com.kms.katalon.core.main.TestCaseMain.startTestSuite(TestCaseMain.java:180)
	at TempTestSuite1706707718714.run(TempTestSuite1706707718714.groovy:36)
	at java.base/jdk.internal.reflect.NativeMethodAccessorImpl.invoke0(Native Method)
	at java.base/jdk.internal.reflect.NativeMethodAccessorImpl.invoke(NativeMethodAccessorImpl.java:77)
	at java.base/jdk.internal.reflect.DelegatingMethodAccessorImpl.invoke(DelegatingMethodAccessorImpl.java:43)
Caused by: com.kms.katalon.core.exception.StepFailedException: com.kms.katalon.core.webui.exception.WebElementNotFoundException: Web element with id: 'Object Repository/Cura_Pages/CURA_LOGIN_OR/CURA_LOGIN_LOGIN VALIDATION_OR/Page_CURA Healthcare Service/h2_Make Appointment' located by '//section[@id='appointment']/div/div/div/h2' not found
	at com.kms.katalon.core.webui.keyword.internal.WebUIKeywordMain.stepFailed(WebUIKeywordMain.groovy:64)
	at com.kms.katalon.core.webui.keyword.builtin.VerifyElementPresentKeyword$_verifyElementPresent_closure1.doCall(VerifyElementPresentKeyword.groovy:85)
	at com.kms.katalon.core.webui.keyword.builtin.VerifyElementPresentKeyword$_verifyElementPresent_closure1.call(VerifyElementPresentKeyword.groovy)
	at com.kms.katalon.core.webui.keyword.internal.WebUIKeywordMain.runKeyword(WebUIKeywordMain.groovy:20)
	... 20 more


31-01-2024T18:59:56 - [TEST_STEP][PASSED] - Start listener action : sampleBeforeTestCase: Actual text 'CURA Healthcare Service' and expected text 'CURA Healthcare Service' are matched  using regular expression

31-01-2024T18:59:56 - [TEST_STEP][PASSED] - println(testCaseContext.getTestCaseId()): null

31-01-2024T18:59:56 - [TEST_STEP][PASSED] - println(testCaseContext.getTestCaseVariables()): null

31-01-2024T18:59:56 - [TEST_STEP][PASSED] - verifyMatch(getWindowTitle(), "CURA Healthcare Service", true): Actual text 'CURA Healthcare Service' and expected text 'CURA Healthcare Service' are matched  using regular expression

31-01-2024T18:59:56 - [MESSAGE][PASSED] - Current window's title is: 'CURA Healthcare Service'

31-01-2024T18:59:56 - [MESSAGE][PASSED] - Actual text 'CURA Healthcare Service' and expected text 'CURA Healthcare Service' are matched  using regular expression

31-01-2024T18:59:56 - [TEST_STEP][PASSED] - click(findTestObject("Object Repository/Cura_Pages/CURA_LOGIN_OR/CURA_LOGIN_LOGIN VALIDATION_OR/Page_CURA Healthcare Service/amenu-toggle")): Object: 'Object Repository/Cura_Pages/CURA_LOGIN_OR/CURA_LOGIN_LOGIN VALIDATION_OR/Page_CURA Healthcare Service/amenu-toggle' is clicked on

31-01-2024T18:59:57 - [MESSAGE][PASSED] - Object: 'Object Repository/Cura_Pages/CURA_LOGIN_OR/CURA_LOGIN_LOGIN VALIDATION_OR/Page_CURA Healthcare Service/amenu-toggle' is clicked on

31-01-2024T18:59:57 - [TEST_STEP][PASSED] - click(findTestObject("Object Repository/Cura_Pages/CURA_LOGIN_OR/CURA_LOGIN_LOGIN VALIDATION_OR/Page_CURA Healthcare Service/a_Login")): Object: 'Object Repository/Cura_Pages/CURA_LOGIN_OR/CURA_LOGIN_LOGIN VALIDATION_OR/Page_CURA Healthcare Service/a_Login' is clicked on

31-01-2024T18:59:59 - [MESSAGE][PASSED] - Object: 'Object Repository/Cura_Pages/CURA_LOGIN_OR/CURA_LOGIN_LOGIN VALIDATION_OR/Page_CURA Healthcare Service/a_Login' is clicked on

31-01-2024T18:59:59 - [TEST_STEP][PASSED] - setText(findTestObject("Object Repository/Cura_Pages/CURA_LOGIN_OR/CURA_LOGIN_LOGIN VALIDATION_OR/Page_CURA Healthcare Service/input_username"), USERNAME): Text 'YASH' is set on object 'Object Repository/Cura_Pages/CURA_LOGIN_OR/CURA_LOGIN_LOGIN VALIDATION_OR/Page_CURA Healthcare Service/input_username'

31-01-2024T19:00:00 - [MESSAGE][PASSED] - Text 'YASH' is set on object 'Object Repository/Cura_Pages/CURA_LOGIN_OR/CURA_LOGIN_LOGIN VALIDATION_OR/Page_CURA Healthcare Service/input_username'

31-01-2024T19:00:00 - [TEST_STEP][PASSED] - setText(findTestObject("Object Repository/Cura_Pages/CURA_LOGIN_OR/CURA_LOGIN_LOGIN VALIDATION_OR/Page_CURA Healthcare Service/input_password"), PASSWORD): Text 'ThisIsNotAPassword' is set on object 'Object Repository/Cura_Pages/CURA_LOGIN_OR/CURA_LOGIN_LOGIN VALIDATION_OR/Page_CURA Healthcare Service/input_password'

31-01-2024T19:00:01 - [MESSAGE][PASSED] - Text 'ThisIsNotAPassword' is set on object 'Object Repository/Cura_Pages/CURA_LOGIN_OR/CURA_LOGIN_LOGIN VALIDATION_OR/Page_CURA Healthcare Service/input_password'

31-01-2024T19:00:01 - [TEST_STEP][PASSED] - click(findTestObject("Object Repository/Cura_Pages/CURA_LOGIN_OR/CURA_LOGIN_LOGIN VALIDATION_OR/Page_CURA Healthcare Service/button_Login")): Object: 'Object Repository/Cura_Pages/CURA_LOGIN_OR/CURA_LOGIN_LOGIN VALIDATION_OR/Page_CURA Healthcare Service/button_Login' is clicked on

31-01-2024T19:00:04 - [MESSAGE][PASSED] - Object: 'Object Repository/Cura_Pages/CURA_LOGIN_OR/CURA_LOGIN_LOGIN VALIDATION_OR/Page_CURA Healthcare Service/button_Login' is clicked on

31-01-2024T19:00:04 - [TEST_STEP][FAILED] - verifyElementPresent(findTestObject("Object Repository/Cura_Pages/CURA_LOGIN_OR/CURA_LOGIN_LOGIN VALIDATION_OR/Page_CURA Healthcare Service/h2_Make Appointment"), 0): Unable to verify object 'Object Repository/Cura_Pages/CURA_LOGIN_OR/CURA_LOGIN_LOGIN VALIDATION_OR/Page_CURA Healthcare Service/h2_Make Appointment' is present (Root cause: com.kms.katalon.core.exception.StepFailedException: Unable to verify object 'Object Repository/Cura_Pages/CURA_LOGIN_OR/CURA_LOGIN_LOGIN VALIDATION_OR/Page_CURA Healthcare Service/h2_Make Appointment' is present
	at com.kms.katalon.core.webui.keyword.internal.WebUIKeywordMain.stepFailed(WebUIKeywordMain.groovy:64)
	at com.kms.katalon.core.webui.keyword.internal.WebUIKeywordMain.runKeyword(WebUIKeywordMain.groovy:26)
	at com.kms.katalon.core.webui.keyword.builtin.VerifyElementPresentKeyword.verifyElementPresent(VerifyElementPresentKeyword.groovy:92)
	at com.kms.katalon.core.webui.keyword.builtin.VerifyElementPresentKeyword.execute(VerifyElementPresentKeyword.groovy:68)
	at com.kms.katalon.core.keyword.internal.KeywordExecutor.executeKeywordForPlatform(KeywordExecutor.groovy:74)
	at com.kms.katalon.core.webui.keyword.WebUiBuiltInKeywords.verifyElementPresent(WebUiBuiltInKeywords.groovy:1503)
	at CURA_LOGIN_DDT_002.run(CURA_LOGIN_DDT_002:38)
	at com.kms.katalon.core.main.ScriptEngine.run(ScriptEngine.java:194)
	at com.kms.katalon.core.main.ScriptEngine.runScriptAsRawText(ScriptEngine.java:119)
	at com.kms.katalon.core.main.TestCaseExecutor.runScript(TestCaseExecutor.java:448)
	at com.kms.katalon.core.main.TestCaseExecutor.doExecute(TestCaseExecutor.java:439)
	at com.kms.katalon.core.main.TestCaseExecutor.processExecutionPhase(TestCaseExecutor.java:418)
	at com.kms.katalon.core.main.TestCaseExecutor.accessMainPhase(TestCaseExecutor.java:410)
	at com.kms.katalon.core.main.TestCaseExecutor.execute(TestCaseExecutor.java:285)
	at com.kms.katalon.core.common.CommonExecutor.accessTestCaseMainPhase(CommonExecutor.java:65)
	at com.kms.katalon.core.main.TestSuiteExecutor.accessTestSuiteMainPhase(TestSuiteExecutor.java:148)
	at com.kms.katalon.core.main.TestSuiteExecutor.execute(TestSuiteExecutor.java:106)
	at com.kms.katalon.core.main.TestCaseMain.startTestSuite(TestCaseMain.java:180)
	at TempTestSuite1706707718714.run(TempTestSuite1706707718714.groovy:36)
	at java.base/jdk.internal.reflect.NativeMethodAccessorImpl.invoke0(Native Method)
	at java.base/jdk.internal.reflect.NativeMethodAccessorImpl.invoke(NativeMethodAccessorImpl.java:77)
	at java.base/jdk.internal.reflect.DelegatingMethodAccessorImpl.invoke(DelegatingMethodAccessorImpl.java:43)
Caused by: com.kms.katalon.core.exception.StepFailedException: com.kms.katalon.core.webui.exception.WebElementNotFoundException: Web element with id: 'Object Repository/Cura_Pages/CURA_LOGIN_OR/CURA_LOGIN_LOGIN VALIDATION_OR/Page_CURA Healthcare Service/h2_Make Appointment' located by '//section[@id='appointment']/div/div/div/h2' not found
	at com.kms.katalon.core.webui.keyword.internal.WebUIKeywordMain.stepFailed(WebUIKeywordMain.groovy:64)
	at com.kms.katalon.core.webui.keyword.builtin.VerifyElementPresentKeyword$_verifyElementPresent_closure1.doCall(VerifyElementPresentKeyword.groovy:85)
	at com.kms.katalon.core.webui.keyword.builtin.VerifyElementPresentKeyword$_verifyElementPresent_closure1.call(VerifyElementPresentKeyword.groovy)
	at com.kms.katalon.core.webui.keyword.internal.WebUIKeywordMain.runKeyword(WebUIKeywordMain.groovy:20)
	... 20 more
)

31-01-2024T19:00:04 - [MESSAGE][WARNING] - Timeout '0' is invalid. Using default page load timeout: '30'

31-01-2024T19:00:35 - [MESSAGE][INFO] - Unable to find the element located by 'By.xpath: //section[@id='appointment']/div/div/div/h2'. Please recheck the objects properties to make sure the desired element is located. 

31-01-2024T19:00:35 - [MESSAGE][FAILED] - com.kms.katalon.core.webui.exception.WebElementNotFoundException: Web element with id: 'Object Repository/Cura_Pages/CURA_LOGIN_OR/CURA_LOGIN_LOGIN VALIDATION_OR/Page_CURA Healthcare Service/h2_Make Appointment' located by '//section[@id='appointment']/div/div/div/h2' not found (Root cause: com.kms.katalon.core.exception.StepFailedException: com.kms.katalon.core.webui.exception.WebElementNotFoundException: Web element with id: 'Object Repository/Cura_Pages/CURA_LOGIN_OR/CURA_LOGIN_LOGIN VALIDATION_OR/Page_CURA Healthcare Service/h2_Make Appointment' located by '//section[@id='appointment']/div/div/div/h2' not found
	at com.kms.katalon.core.webui.keyword.internal.WebUIKeywordMain.stepFailed(WebUIKeywordMain.groovy:64)
	at com.kms.katalon.core.webui.keyword.builtin.VerifyElementPresentKeyword$_verifyElementPresent_closure1.doCall(VerifyElementPresentKeyword.groovy:85)
	at com.kms.katalon.core.webui.keyword.builtin.VerifyElementPresentKeyword$_verifyElementPresent_closure1.call(VerifyElementPresentKeyword.groovy)
	at com.kms.katalon.core.webui.keyword.internal.WebUIKeywordMain.runKeyword(WebUIKeywordMain.groovy:20)
	at com.kms.katalon.core.webui.keyword.builtin.VerifyElementPresentKeyword.verifyElementPresent(VerifyElementPresentKeyword.groovy:92)
	at com.kms.katalon.core.webui.keyword.builtin.VerifyElementPresentKeyword.execute(VerifyElementPresentKeyword.groovy:68)
	at com.kms.katalon.core.keyword.internal.KeywordExecutor.executeKeywordForPlatform(KeywordExecutor.groovy:74)
	at com.kms.katalon.core.webui.keyword.WebUiBuiltInKeywords.verifyElementPresent(WebUiBuiltInKeywords.groovy:1503)
	at CURA_LOGIN_DDT_002.run(CURA_LOGIN_DDT_002:38)
	at com.kms.katalon.core.main.ScriptEngine.run(ScriptEngine.java:194)
	at com.kms.katalon.core.main.ScriptEngine.runScriptAsRawText(ScriptEngine.java:119)
	at com.kms.katalon.core.main.TestCaseExecutor.runScript(TestCaseExecutor.java:448)
	at com.kms.katalon.core.main.TestCaseExecutor.doExecute(TestCaseExecutor.java:439)
	at com.kms.katalon.core.main.TestCaseExecutor.processExecutionPhase(TestCaseExecutor.java:418)
	at com.kms.katalon.core.main.TestCaseExecutor.accessMainPhase(TestCaseExecutor.java:410)
	at com.kms.katalon.core.main.TestCaseExecutor.execute(TestCaseExecutor.java:285)
	at com.kms.katalon.core.common.CommonExecutor.accessTestCaseMainPhase(CommonExecutor.java:65)
	at com.kms.katalon.core.main.TestSuiteExecutor.accessTestSuiteMainPhase(TestSuiteExecutor.java:148)
	at com.kms.katalon.core.main.TestSuiteExecutor.execute(TestSuiteExecutor.java:106)
	at com.kms.katalon.core.main.TestCaseMain.startTestSuite(TestCaseMain.java:180)
	at TempTestSuite1706707718714.run(TempTestSuite1706707718714.groovy:36)
	at java.base/jdk.internal.reflect.NativeMethodAccessorImpl.invoke0(Native Method)
	at java.base/jdk.internal.reflect.NativeMethodAccessorImpl.invoke(NativeMethodAccessorImpl.java:77)
	at java.base/jdk.internal.reflect.DelegatingMethodAccessorImpl.invoke(DelegatingMethodAccessorImpl.java:43)
)
[[ATTACHMENT|C:\\Users\\hp\\Katalon Studio\\CURA_HEALTHCARE_SERVICE\\Reports\\20240131_185838\\CURA_LOGIN_TESTSUITE\\CURA_LOGIN\\20240131_185838\\1706707835666.png]]

31-01-2024T19:00:36 - [MESSAGE][FAILED] - Unable to verify object 'Object Repository/Cura_Pages/CURA_LOGIN_OR/CURA_LOGIN_LOGIN VALIDATION_OR/Page_CURA Healthcare Service/h2_Make Appointment' is present (Root cause: com.kms.katalon.core.exception.StepFailedException: Unable to verify object 'Object Repository/Cura_Pages/CURA_LOGIN_OR/CURA_LOGIN_LOGIN VALIDATION_OR/Page_CURA Healthcare Service/h2_Make Appointment' is present
	at com.kms.katalon.core.webui.keyword.internal.WebUIKeywordMain.stepFailed(WebUIKeywordMain.groovy:64)
	at com.kms.katalon.core.webui.keyword.internal.WebUIKeywordMain.runKeyword(WebUIKeywordMain.groovy:26)
	at com.kms.katalon.core.webui.keyword.builtin.VerifyElementPresentKeyword.verifyElementPresent(VerifyElementPresentKeyword.groovy:92)
	at com.kms.katalon.core.webui.keyword.builtin.VerifyElementPresentKeyword.execute(VerifyElementPresentKeyword.groovy:68)
	at com.kms.katalon.core.keyword.internal.KeywordExecutor.executeKeywordForPlatform(KeywordExecutor.groovy:74)
	at com.kms.katalon.core.webui.keyword.WebUiBuiltInKeywords.verifyElementPresent(WebUiBuiltInKeywords.groovy:1503)
	at CURA_LOGIN_DDT_002.run(CURA_LOGIN_DDT_002:38)
	at com.kms.katalon.core.main.ScriptEngine.run(ScriptEngine.java:194)
	at com.kms.katalon.core.main.ScriptEngine.runScriptAsRawText(ScriptEngine.java:119)
	at com.kms.katalon.core.main.TestCaseExecutor.runScript(TestCaseExecutor.java:448)
	at com.kms.katalon.core.main.TestCaseExecutor.doExecute(TestCaseExecutor.java:439)
	at com.kms.katalon.core.main.TestCaseExecutor.processExecutionPhase(TestCaseExecutor.java:418)
	at com.kms.katalon.core.main.TestCaseExecutor.accessMainPhase(TestCaseExecutor.java:410)
	at com.kms.katalon.core.main.TestCaseExecutor.execute(TestCaseExecutor.java:285)
	at com.kms.katalon.core.common.CommonExecutor.accessTestCaseMainPhase(CommonExecutor.java:65)
	at com.kms.katalon.core.main.TestSuiteExecutor.accessTestSuiteMainPhase(TestSuiteExecutor.java:148)
	at com.kms.katalon.core.main.TestSuiteExecutor.execute(TestSuiteExecutor.java:106)
	at com.kms.katalon.core.main.TestCaseMain.startTestSuite(TestCaseMain.java:180)
	at TempTestSuite1706707718714.run(TempTestSuite1706707718714.groovy:36)
	at java.base/jdk.internal.reflect.NativeMethodAccessorImpl.invoke0(Native Method)
	at java.base/jdk.internal.reflect.NativeMethodAccessorImpl.invoke(NativeMethodAccessorImpl.java:77)
	at java.base/jdk.internal.reflect.DelegatingMethodAccessorImpl.invoke(DelegatingMethodAccessorImpl.java:43)
Caused by: com.kms.katalon.core.exception.StepFailedException: com.kms.katalon.core.webui.exception.WebElementNotFoundException: Web element with id: 'Object Repository/Cura_Pages/CURA_LOGIN_OR/CURA_LOGIN_LOGIN VALIDATION_OR/Page_CURA Healthcare Service/h2_Make Appointment' located by '//section[@id='appointment']/div/div/div/h2' not found
	at com.kms.katalon.core.webui.keyword.internal.WebUIKeywordMain.stepFailed(WebUIKeywordMain.groovy:64)
	at com.kms.katalon.core.webui.keyword.builtin.VerifyElementPresentKeyword$_verifyElementPresent_closure1.doCall(VerifyElementPresentKeyword.groovy:85)
	at com.kms.katalon.core.webui.keyword.builtin.VerifyElementPresentKeyword$_verifyElementPresent_closure1.call(VerifyElementPresentKeyword.groovy)
	at com.kms.katalon.core.webui.keyword.internal.WebUIKeywordMain.runKeyword(WebUIKeywordMain.groovy:20)
	... 20 more
)
[[ATTACHMENT|C:\\Users\\hp\\Katalon Studio\\CURA_HEALTHCARE_SERVICE\\Reports\\20240131_185838\\CURA_LOGIN_TESTSUITE\\CURA_LOGIN\\20240131_185838\\1706707835884.png]]

31-01-2024T19:00:36 - [TEST_STEP][PASSED] - Start tear down : tearDownTestCase: Method 'tearDownTestCase' complete successfully

31-01-2024T19:00:36 - [TEST_STEP][PASSED] - delay(2): Delayed 2 second(s)

31-01-2024T19:00:38 - [MESSAGE][PASSED] - Delayed 2 second(s)

31-01-2024T19:00:38 - [MESSAGE][PASSED] - Method 'tearDownTestCase' complete successfully

31-01-2024T19:00:38 - [TEST_STEP][PASSED] - Start listener action : sampleAfterTestCase: null

31-01-2024T19:00:38 - [TEST_STEP][PASSED] - println(testCaseContext.getTestCaseId()): null

31-01-2024T19:00:38 - [TEST_STEP][PASSED] - println(testCaseContext.getTestCaseStatus()): null]]></system-out>
         <system-err><![CDATA[31-01-2024T18:59:56 - [TEST_CASE][FAILED] - Test Cases/TC_CURA_LOGIN/CURA_LOGIN_DDT_002: Test Cases/TC_CURA_LOGIN/CURA_LOGIN_DDT_002 FAILED.
Reason:
com.kms.katalon.core.exception.StepFailedException: Unable to verify object 'Object Repository/Cura_Pages/CURA_LOGIN_OR/CURA_LOGIN_LOGIN VALIDATION_OR/Page_CURA Healthcare Service/h2_Make Appointment' is present
	at com.kms.katalon.core.webui.keyword.internal.WebUIKeywordMain.stepFailed(WebUIKeywordMain.groovy:64)
	at com.kms.katalon.core.webui.keyword.internal.WebUIKeywordMain.runKeyword(WebUIKeywordMain.groovy:26)
	at com.kms.katalon.core.webui.keyword.builtin.VerifyElementPresentKeyword.verifyElementPresent(VerifyElementPresentKeyword.groovy:92)
	at com.kms.katalon.core.webui.keyword.builtin.VerifyElementPresentKeyword.execute(VerifyElementPresentKeyword.groovy:68)
	at com.kms.katalon.core.keyword.internal.KeywordExecutor.executeKeywordForPlatform(KeywordExecutor.groovy:74)
	at com.kms.katalon.core.webui.keyword.WebUiBuiltInKeywords.verifyElementPresent(WebUiBuiltInKeywords.groovy:1503)
	at CURA_LOGIN_DDT_002.run(CURA_LOGIN_DDT_002:38)
	at com.kms.katalon.core.main.ScriptEngine.run(ScriptEngine.java:194)
	at com.kms.katalon.core.main.ScriptEngine.runScriptAsRawText(ScriptEngine.java:119)
	at com.kms.katalon.core.main.TestCaseExecutor.runScript(TestCaseExecutor.java:448)
	at com.kms.katalon.core.main.TestCaseExecutor.doExecute(TestCaseExecutor.java:439)
	at com.kms.katalon.core.main.TestCaseExecutor.processExecutionPhase(TestCaseExecutor.java:418)
	at com.kms.katalon.core.main.TestCaseExecutor.accessMainPhase(TestCaseExecutor.java:410)
	at com.kms.katalon.core.main.TestCaseExecutor.execute(TestCaseExecutor.java:285)
	at com.kms.katalon.core.common.CommonExecutor.accessTestCaseMainPhase(CommonExecutor.java:65)
	at com.kms.katalon.core.main.TestSuiteExecutor.accessTestSuiteMainPhase(TestSuiteExecutor.java:148)
	at com.kms.katalon.core.main.TestSuiteExecutor.execute(TestSuiteExecutor.java:106)
	at com.kms.katalon.core.main.TestCaseMain.startTestSuite(TestCaseMain.java:180)
	at TempTestSuite1706707718714.run(TempTestSuite1706707718714.groovy:36)
	at java.base/jdk.internal.reflect.NativeMethodAccessorImpl.invoke0(Native Method)
	at java.base/jdk.internal.reflect.NativeMethodAccessorImpl.invoke(NativeMethodAccessorImpl.java:77)
	at java.base/jdk.internal.reflect.DelegatingMethodAccessorImpl.invoke(DelegatingMethodAccessorImpl.java:43)
Caused by: com.kms.katalon.core.exception.StepFailedException: com.kms.katalon.core.webui.exception.WebElementNotFoundException: Web element with id: 'Object Repository/Cura_Pages/CURA_LOGIN_OR/CURA_LOGIN_LOGIN VALIDATION_OR/Page_CURA Healthcare Service/h2_Make Appointment' located by '//section[@id='appointment']/div/div/div/h2' not found
	at com.kms.katalon.core.webui.keyword.internal.WebUIKeywordMain.stepFailed(WebUIKeywordMain.groovy:64)
	at com.kms.katalon.core.webui.keyword.builtin.VerifyElementPresentKeyword$_verifyElementPresent_closure1.doCall(VerifyElementPresentKeyword.groovy:85)
	at com.kms.katalon.core.webui.keyword.builtin.VerifyElementPresentKeyword$_verifyElementPresent_closure1.call(VerifyElementPresentKeyword.groovy)
	at com.kms.katalon.core.webui.keyword.internal.WebUIKeywordMain.runKeyword(WebUIKeywordMain.groovy:20)
	... 20 more]]></system-err>
      </testcase>
      <system-out><![CDATA[31-01-2024T18:58:53 - [TEST_SUITE][FAILED] - CURA_LOGIN: Test Cases/TC_CURA_LOGIN/CURA_LOGIN_BYGLOBAL_001 FAILED.
Reason:
com.kms.katalon.core.exception.StepFailedException: Unable to set text 'null' of object 'Object Repository/Cura_Pages/CURA_LOGIN_OR/CURA_LOGIN_LOGIN VALIDATION_OR/Page_CURA Healthcare Service/input_username'
	at com.kms.katalon.core.webui.keyword.internal.WebUIKeywordMain.stepFailed(WebUIKeywordMain.groovy:64)
	at com.kms.katalon.core.webui.keyword.internal.WebUIKeywordMain.runKeyword(WebUIKeywordMain.groovy:26)
	at com.kms.katalon.core.webui.keyword.builtin.SetTextKeyword.setText(SetTextKeyword.groovy:66)
	at com.kms.katalon.core.webui.keyword.builtin.SetTextKeyword.execute(SetTextKeyword.groovy:37)
	at com.kms.katalon.core.keyword.internal.KeywordExecutor.executeKeywordForPlatform(KeywordExecutor.groovy:74)
	at com.kms.katalon.core.webui.keyword.WebUiBuiltInKeywords.setText(WebUiBuiltInKeywords.groovy:1019)
	at CURA_LOGIN_BYGLOBAL_001.run(CURA_LOGIN_BYGLOBAL_001:31)
	at com.kms.katalon.core.main.ScriptEngine.run(ScriptEngine.java:194)
	at com.kms.katalon.core.main.ScriptEngine.runScriptAsRawText(ScriptEngine.java:119)
	at com.kms.katalon.core.main.TestCaseExecutor.runScript(TestCaseExecutor.java:448)
	at com.kms.katalon.core.main.TestCaseExecutor.doExecute(TestCaseExecutor.java:439)
	at com.kms.katalon.core.main.TestCaseExecutor.processExecutionPhase(TestCaseExecutor.java:418)
	at com.kms.katalon.core.main.TestCaseExecutor.accessMainPhase(TestCaseExecutor.java:410)
	at com.kms.katalon.core.main.TestCaseExecutor.execute(TestCaseExecutor.java:285)
	at com.kms.katalon.core.common.CommonExecutor.accessTestCaseMainPhase(CommonExecutor.java:65)
	at com.kms.katalon.core.main.TestSuiteExecutor.accessTestSuiteMainPhase(TestSuiteExecutor.java:148)
	at com.kms.katalon.core.main.TestSuiteExecutor.execute(TestSuiteExecutor.java:106)
	at com.kms.katalon.core.main.TestCaseMain.startTestSuite(TestCaseMain.java:180)
	at TempTestSuite1706707718714.run(TempTestSuite1706707718714.groovy:36)
	at java.base/jdk.internal.reflect.NativeMethodAccessorImpl.invoke0(Native Method)
	at java.base/jdk.internal.reflect.NativeMethodAccessorImpl.invoke(NativeMethodAccessorImpl.java:77)
	at java.base/jdk.internal.reflect.DelegatingMethodAccessorImpl.invoke(DelegatingMethodAccessorImpl.java:43)
Caused by: java.lang.IllegalArgumentException: Text is null
	at com.kms.katalon.core.webui.keyword.builtin.SetTextKeyword$_setText_closure1.doCall(SetTextKeyword.groovy:48)
	at com.kms.katalon.core.webui.keyword.builtin.SetTextKeyword$_setText_closure1.call(SetTextKeyword.groovy)
	at com.kms.katalon.core.webui.keyword.internal.WebUIKeywordMain.runKeyword(WebUIKeywordMain.groovy:20)
	... 20 more]]></system-out>
      <system-err><![CDATA[31-01-2024T18:58:53 - [TEST_SUITE][FAILED] - CURA_LOGIN: Test Cases/TC_CURA_LOGIN/CURA_LOGIN_BYGLOBAL_001 FAILED.
Reason:
com.kms.katalon.core.exception.StepFailedException: Unable to set text 'null' of object 'Object Repository/Cura_Pages/CURA_LOGIN_OR/CURA_LOGIN_LOGIN VALIDATION_OR/Page_CURA Healthcare Service/input_username'
	at com.kms.katalon.core.webui.keyword.internal.WebUIKeywordMain.stepFailed(WebUIKeywordMain.groovy:64)
	at com.kms.katalon.core.webui.keyword.internal.WebUIKeywordMain.runKeyword(WebUIKeywordMain.groovy:26)
	at com.kms.katalon.core.webui.keyword.builtin.SetTextKeyword.setText(SetTextKeyword.groovy:66)
	at com.kms.katalon.core.webui.keyword.builtin.SetTextKeyword.execute(SetTextKeyword.groovy:37)
	at com.kms.katalon.core.keyword.internal.KeywordExecutor.executeKeywordForPlatform(KeywordExecutor.groovy:74)
	at com.kms.katalon.core.webui.keyword.WebUiBuiltInKeywords.setText(WebUiBuiltInKeywords.groovy:1019)
	at CURA_LOGIN_BYGLOBAL_001.run(CURA_LOGIN_BYGLOBAL_001:31)
	at com.kms.katalon.core.main.ScriptEngine.run(ScriptEngine.java:194)
	at com.kms.katalon.core.main.ScriptEngine.runScriptAsRawText(ScriptEngine.java:119)
	at com.kms.katalon.core.main.TestCaseExecutor.runScript(TestCaseExecutor.java:448)
	at com.kms.katalon.core.main.TestCaseExecutor.doExecute(TestCaseExecutor.java:439)
	at com.kms.katalon.core.main.TestCaseExecutor.processExecutionPhase(TestCaseExecutor.java:418)
	at com.kms.katalon.core.main.TestCaseExecutor.accessMainPhase(TestCaseExecutor.java:410)
	at com.kms.katalon.core.main.TestCaseExecutor.execute(TestCaseExecutor.java:285)
	at com.kms.katalon.core.common.CommonExecutor.accessTestCaseMainPhase(CommonExecutor.java:65)
	at com.kms.katalon.core.main.TestSuiteExecutor.accessTestSuiteMainPhase(TestSuiteExecutor.java:148)
	at com.kms.katalon.core.main.TestSuiteExecutor.execute(TestSuiteExecutor.java:106)
	at com.kms.katalon.core.main.TestCaseMain.startTestSuite(TestCaseMain.java:180)
	at TempTestSuite1706707718714.run(TempTestSuite1706707718714.groovy:36)
	at java.base/jdk.internal.reflect.NativeMethodAccessorImpl.invoke0(Native Method)
	at java.base/jdk.internal.reflect.NativeMethodAccessorImpl.invoke(NativeMethodAccessorImpl.java:77)
	at java.base/jdk.internal.reflect.DelegatingMethodAccessorImpl.invoke(DelegatingMethodAccessorImpl.java:43)
Caused by: java.lang.IllegalArgumentException: Text is null
	at com.kms.katalon.core.webui.keyword.builtin.SetTextKeyword$_setText_closure1.doCall(SetTextKeyword.groovy:48)
	at com.kms.katalon.core.webui.keyword.builtin.SetTextKeyword$_setText_closure1.call(SetTextKeyword.groovy)
	at com.kms.katalon.core.webui.keyword.internal.WebUIKeywordMain.runKeyword(WebUIKeywordMain.groovy:20)
	... 20 more]]></system-err>
   </testsuite>
</testsuites>
