<?xml version="1.0" encoding="UTF-8"?>
<testsuites name="CURA_TESTSUITE_COLLECTION" time="265.537" tests="6" failures="1" errors="0">
   <testsuite name="CURA_HOME_TESTSUITE" tests="2" failures="0" errors="0" time="44.159" skipped="0" timestamp="02-02-2024T18:50:14" hostname="hp - LAPTOP-F3RG2V3G" id="Test Suites/CURA_HOME_TESTSUITE/CURA_HOME_TESTSUITE">
      <properties>
         <property name="deviceName" value=""/>
         <property name="devicePlatform" value=""/>
         <property name="logFolder" value="C:\\Users\\hp\\Katalon Studio\\CURA_HEALTHCARE_SERVICE\\Reports\\20240202_184946\\CURA_HOME_TESTSUITE\\CURA_HOME_TESTSUITE\\20240202_184948"/>
         <property name="logFiles" value="C:\\Users\\hp\\Katalon Studio\\CURA_HEALTHCARE_SERVICE\\Reports\\20240202_184946\\CURA_HOME_TESTSUITE\\CURA_HOME_TESTSUITE\\20240202_184948\\execution0.log"/>
         <property name="attachments" value=""/>
         <property name="hostName" value="hp - LAPTOP-F3RG2V3G"/>
         <property name="os" value="Windows 10 64bit"/>
         <property name="katalonVersion" value="9.1.0.212"/>
         <property name="browser" value="Chrome 120.0.0.0"/>
         <property name="hostAddress" value="192.168.1.10"/>
         <property name="sessionId" value="8a72599e6fc9be7271313a977f22e7e7"/>
         <property name="seleniumVersion" value="3.141.59"/>
         <property name="proxyInformation" value="ProxyInformation { proxyOption=NO_PROXY, proxyServerType=HTTP, username=, password=********, proxyServerAddress=, proxyServerPort=0, executionList=&quot;&quot;, isApplyToDesiredCapabilities=true }"/>
         <property name="platform" value="Windows 10"/>
      </properties>
      <testcase name="Test Cases/TC_CURA_HOME/CURA_HOME_VERIFYHOMEPAGETEXT" time="16.058" classname="Test Cases/TC_CURA_HOME/CURA_HOME_VERIFYHOMEPAGETEXT" status="PASSED">
         <system-out><![CDATA[02-02-2024T18:50:34 - [TEST_CASE][PASSED] - Test Cases/TC_CURA_HOME/CURA_HOME_VERIFYHOMEPAGETEXT: Test Cases/TC_CURA_HOME/CURA_HOME_VERIFYHOMEPAGETEXT

02-02-2024T18:50:34 - [TEST_STEP][PASSED] - Start listener action : sampleBeforeTestCase: Actual text 'CURA Healthcare Service' and expected text 'CURA Healthcare Service' are matched  using regular expression

02-02-2024T18:50:34 - [TEST_STEP][PASSED] - println(testCaseContext.getTestCaseId()): null

02-02-2024T18:50:34 - [TEST_STEP][PASSED] - println(testCaseContext.getTestCaseVariables()): null

02-02-2024T18:50:34 - [TEST_STEP][PASSED] - verifyMatch(getWindowTitle(), "CURA Healthcare Service", true): Actual text 'CURA Healthcare Service' and expected text 'CURA Healthcare Service' are matched  using regular expression

02-02-2024T18:50:34 - [MESSAGE][PASSED] - Current window's title is: 'CURA Healthcare Service'

02-02-2024T18:50:35 - [MESSAGE][PASSED] - Actual text 'CURA Healthcare Service' and expected text 'CURA Healthcare Service' are matched  using regular expression

02-02-2024T18:50:35 - [TEST_STEP][PASSED] - verifyElementPresent(findTestObject("Object Repository/Cura_Pages/CURA_HOME_OR/CURA_HOME_VERIFYHOMEPAGETEXT_OR/Page_CURA Healthcare Service/h1_CURA Healthcare Service"), 0): Object 'Object Repository/Cura_Pages/CURA_HOME_OR/CURA_HOME_VERIFYHOMEPAGETEXT_OR/Page_CURA Healthcare Service/h1_CURA Healthcare Service' is present

02-02-2024T18:50:35 - [MESSAGE][WARNING] - Timeout '0' is invalid. Using default page load timeout: '30'

02-02-2024T18:50:36 - [MESSAGE][PASSED] - Object 'Object Repository/Cura_Pages/CURA_HOME_OR/CURA_HOME_VERIFYHOMEPAGETEXT_OR/Page_CURA Healthcare Service/h1_CURA Healthcare Service' is present

02-02-2024T18:50:36 - [TEST_STEP][PASSED] - verifyElementPresent(findTestObject("Object Repository/Cura_Pages/CURA_HOME_OR/CURA_HOME_VERIFYHOMEPAGETEXT_OR/Page_CURA Healthcare Service/h3_We Care About Your Health"), 0): Object 'Object Repository/Cura_Pages/CURA_HOME_OR/CURA_HOME_VERIFYHOMEPAGETEXT_OR/Page_CURA Healthcare Service/h3_We Care About Your Health' is present

02-02-2024T18:50:36 - [MESSAGE][WARNING] - Timeout '0' is invalid. Using default page load timeout: '30'

02-02-2024T18:50:36 - [MESSAGE][PASSED] - Object 'Object Repository/Cura_Pages/CURA_HOME_OR/CURA_HOME_VERIFYHOMEPAGETEXT_OR/Page_CURA Healthcare Service/h3_We Care About Your Health' is present

02-02-2024T18:50:36 - [TEST_STEP][PASSED] - verifyElementPresent(findTestObject("Object Repository/Cura_Pages/CURA_HOME_OR/CURA_HOME_VERIFYHOMEPAGETEXT_OR/Page_CURA Healthcare Service/h4_CURA Healthcare Service"), 0): Object 'Object Repository/Cura_Pages/CURA_HOME_OR/CURA_HOME_VERIFYHOMEPAGETEXT_OR/Page_CURA Healthcare Service/h4_CURA Healthcare Service' is present

02-02-2024T18:50:36 - [MESSAGE][WARNING] - Timeout '0' is invalid. Using default page load timeout: '30'

02-02-2024T18:50:37 - [MESSAGE][PASSED] - Object 'Object Repository/Cura_Pages/CURA_HOME_OR/CURA_HOME_VERIFYHOMEPAGETEXT_OR/Page_CURA Healthcare Service/h4_CURA Healthcare Service' is present

02-02-2024T18:50:37 - [TEST_STEP][PASSED] - verifyElementPresent(findTestObject("Object Repository/Cura_Pages/CURA_HOME_OR/CURA_HOME_VERIFYHOMEPAGETEXT_OR/Page_CURA Healthcare Service/div_CURA Healthcare Service        We Care _b17f12"), 0): Object 'Object Repository/Cura_Pages/CURA_HOME_OR/CURA_HOME_VERIFYHOMEPAGETEXT_OR/Page_CURA Healthcare Service/div_CURA Healthcare Service        We Care _b17f12' is present

02-02-2024T18:50:37 - [MESSAGE][WARNING] - Timeout '0' is invalid. Using default page load timeout: '30'

02-02-2024T18:50:38 - [MESSAGE][PASSED] - Object 'Object Repository/Cura_Pages/CURA_HOME_OR/CURA_HOME_VERIFYHOMEPAGETEXT_OR/Page_CURA Healthcare Service/div_CURA Healthcare Service        We Care _b17f12' is present

02-02-2024T18:50:38 - [TEST_STEP][PASSED] - verifyAllLinksOnCurrentPageAccessible(false, []): All links on the page 'https://katalon-demo-cura.herokuapp.com/' are accessible

02-02-2024T18:50:39 - [MESSAGE][PASSED] - Found 4 unique links on the page https://katalon-demo-cura.herokuapp.com/

02-02-2024T18:50:45 - [MESSAGE][INFO] - HAR: C:\Users\hp\Katalon Studio\CURA_HEALTHCARE_SERVICE\Reports\20240202_184946\CURA_HOME_TESTSUITE\CURA_HOME_TESTSUITE\20240202_184948\requests\main\0.har

02-02-2024T18:50:45 - [MESSAGE][PASSED] - Send request successfully

02-02-2024T18:50:46 - [MESSAGE][INFO] - HAR: C:\Users\hp\Katalon Studio\CURA_HEALTHCARE_SERVICE\Reports\20240202_184946\CURA_HOME_TESTSUITE\CURA_HOME_TESTSUITE\20240202_184948\requests\main\1.har

02-02-2024T18:50:46 - [MESSAGE][PASSED] - Send request successfully

02-02-2024T18:50:47 - [MESSAGE][INFO] - HAR: C:\Users\hp\Katalon Studio\CURA_HEALTHCARE_SERVICE\Reports\20240202_184946\CURA_HOME_TESTSUITE\CURA_HOME_TESTSUITE\20240202_184948\requests\main\2.har

02-02-2024T18:50:47 - [MESSAGE][PASSED] - Send request successfully

02-02-2024T18:50:48 - [MESSAGE][INFO] - HAR: C:\Users\hp\Katalon Studio\CURA_HEALTHCARE_SERVICE\Reports\20240202_184946\CURA_HOME_TESTSUITE\CURA_HOME_TESTSUITE\20240202_184948\requests\main\3.har

02-02-2024T18:50:48 - [MESSAGE][PASSED] - Send request successfully

02-02-2024T18:50:48 - [MESSAGE][PASSED] - All links are accessible

02-02-2024T18:50:48 - [MESSAGE][PASSED] - All links on the page 'https://katalon-demo-cura.herokuapp.com/' are accessible

02-02-2024T18:50:48 - [TEST_STEP][PASSED] - delay(1): Delayed 1 second(s)

02-02-2024T18:50:50 - [MESSAGE][PASSED] - Delayed 1 second(s)

02-02-2024T18:50:50 - [TEST_STEP][PASSED] - Start listener action : sampleAfterTestCase: null

02-02-2024T18:50:50 - [TEST_STEP][PASSED] - println(testCaseContext.getTestCaseId()): null

02-02-2024T18:50:50 - [TEST_STEP][PASSED] - println(testCaseContext.getTestCaseStatus()): null]]></system-out>
         <system-err><![CDATA[]]></system-err>
      </testcase>
      <testcase name="Test Cases/TC_CURA_HOME/CURA_HOME_VALIDATEBUTTON" time="8.094" classname="Test Cases/TC_CURA_HOME/CURA_HOME_VALIDATEBUTTON" status="PASSED">
         <system-out><![CDATA[02-02-2024T18:50:50 - [TEST_CASE][PASSED] - Test Cases/TC_CURA_HOME/CURA_HOME_VALIDATEBUTTON: Test Cases/TC_CURA_HOME/CURA_HOME_VALIDATEBUTTON

02-02-2024T18:50:50 - [TEST_STEP][PASSED] - Start listener action : sampleBeforeTestCase: Actual text 'CURA Healthcare Service' and expected text 'CURA Healthcare Service' are matched  using regular expression

02-02-2024T18:50:50 - [TEST_STEP][PASSED] - println(testCaseContext.getTestCaseId()): null

02-02-2024T18:50:50 - [TEST_STEP][PASSED] - println(testCaseContext.getTestCaseVariables()): null

02-02-2024T18:50:50 - [TEST_STEP][PASSED] - verifyMatch(getWindowTitle(), "CURA Healthcare Service", true): Actual text 'CURA Healthcare Service' and expected text 'CURA Healthcare Service' are matched  using regular expression

02-02-2024T18:50:50 - [MESSAGE][PASSED] - Current window's title is: 'CURA Healthcare Service'

02-02-2024T18:50:50 - [MESSAGE][PASSED] - Actual text 'CURA Healthcare Service' and expected text 'CURA Healthcare Service' are matched  using regular expression

02-02-2024T18:50:50 - [TEST_STEP][PASSED] - click(findTestObject("Object Repository/Cura_Pages/CURA_HOME_OR/CURA_HOME_VALIDATEBUTTON_OR/Page_CURA Healthcare Service/a_Make Appointment")): Object: 'Object Repository/Cura_Pages/CURA_HOME_OR/CURA_HOME_VALIDATEBUTTON_OR/Page_CURA Healthcare Service/a_Make Appointment' is clicked on

02-02-2024T18:50:53 - [MESSAGE][PASSED] - Object: 'Object Repository/Cura_Pages/CURA_HOME_OR/CURA_HOME_VALIDATEBUTTON_OR/Page_CURA Healthcare Service/a_Make Appointment' is clicked on

02-02-2024T18:50:53 - [TEST_STEP][PASSED] - verifyElementPresent(findTestObject("Object Repository/Cura_Pages/CURA_HOME_OR/CURA_HOME_VALIDATEBUTTON_OR/Page_CURA Healthcare Service/p_Please login to make appointment"), 0): Object 'Object Repository/Cura_Pages/CURA_HOME_OR/CURA_HOME_VALIDATEBUTTON_OR/Page_CURA Healthcare Service/p_Please login to make appointment' is present

02-02-2024T18:50:54 - [MESSAGE][WARNING] - Timeout '0' is invalid. Using default page load timeout: '30'

02-02-2024T18:50:54 - [MESSAGE][PASSED] - Object 'Object Repository/Cura_Pages/CURA_HOME_OR/CURA_HOME_VALIDATEBUTTON_OR/Page_CURA Healthcare Service/p_Please login to make appointment' is present

02-02-2024T18:50:54 - [TEST_STEP][PASSED] - verifyElementPresent(findTestObject("Object Repository/Cura_Pages/CURA_HOME_OR/CURA_HOME_VALIDATEBUTTON_OR/Page_CURA Healthcare Service/button_Login"), 0): Object 'Object Repository/Cura_Pages/CURA_HOME_OR/CURA_HOME_VALIDATEBUTTON_OR/Page_CURA Healthcare Service/button_Login' is present

02-02-2024T18:50:55 - [MESSAGE][WARNING] - Timeout '0' is invalid. Using default page load timeout: '30'

02-02-2024T18:50:55 - [MESSAGE][PASSED] - Object 'Object Repository/Cura_Pages/CURA_HOME_OR/CURA_HOME_VALIDATEBUTTON_OR/Page_CURA Healthcare Service/button_Login' is present

02-02-2024T18:50:55 - [TEST_STEP][PASSED] - delay(2): Delayed 2 second(s)

02-02-2024T18:50:57 - [MESSAGE][PASSED] - Delayed 2 second(s)

02-02-2024T18:50:57 - [TEST_STEP][PASSED] - out.println("successfull"): null

02-02-2024T18:50:58 - [TEST_STEP][PASSED] - Start listener action : sampleAfterTestCase: null

02-02-2024T18:50:58 - [TEST_STEP][PASSED] - println(testCaseContext.getTestCaseId()): null

02-02-2024T18:50:58 - [TEST_STEP][PASSED] - println(testCaseContext.getTestCaseStatus()): null]]></system-out>
         <system-err><![CDATA[]]></system-err>
      </testcase>
      <system-out><![CDATA[02-02-2024T18:50:14 - [TEST_SUITE][PASSED] - CURA_HOME_TESTSUITE: Test Cases/TC_CURA_HOME/CURA_HOME_VALIDATEBUTTON]]></system-out>
      <system-err><![CDATA[]]></system-err>
   </testsuite>
   <testsuite name="CURA_LOGIN" tests="3" failures="1" errors="0" time="93.564" skipped="0" timestamp="02-02-2024T18:51:26" hostname="hp - LAPTOP-F3RG2V3G" id="Test Suites/CURA_LOGIN_TESTSUITE/CURA_LOGIN">
      <properties>
         <property name="deviceName" value=""/>
         <property name="devicePlatform" value=""/>
         <property name="logFolder" value="C:\\Users\\hp\\Katalon Studio\\CURA_HEALTHCARE_SERVICE\\Reports\\20240202_184946\\CURA_LOGIN_TESTSUITE\\CURA_LOGIN\\20240202_184950"/>
         <property name="logFiles" value="C:\\Users\\hp\\Katalon Studio\\CURA_HEALTHCARE_SERVICE\\Reports\\20240202_184946\\CURA_LOGIN_TESTSUITE\\CURA_LOGIN\\20240202_184950\\execution0.log"/>
         <property name="attachments" value="C:\\Users\\hp\\Katalon Studio\\CURA_HEALTHCARE_SERVICE\\Reports\\20240202_184946\\CURA_LOGIN_TESTSUITE\\CURA_LOGIN\\20240202_184950\\1706880176008.png, C:\\Users\\hp\\Katalon Studio\\CURA_HEALTHCARE_SERVICE\\Reports\\20240202_184946\\CURA_LOGIN_TESTSUITE\\CURA_LOGIN\\20240202_184950\\1706880177162.png"/>
         <property name="hostName" value="hp - LAPTOP-F3RG2V3G"/>
         <property name="os" value="Windows 10 64bit"/>
         <property name="katalonVersion" value="9.1.0.212"/>
         <property name="browser" value="Firefox 85.0"/>
         <property name="hostAddress" value="192.168.1.10"/>
         <property name="sessionId" value="49990583-bb08-4dc9-919d-fd536859e859"/>
         <property name="seleniumVersion" value="3.141.59"/>
         <property name="proxyInformation" value="ProxyInformation { proxyOption=NO_PROXY, proxyServerType=HTTP, username=, password=********, proxyServerAddress=, proxyServerPort=0, executionList=&quot;&quot;, isApplyToDesiredCapabilities=true }"/>
         <property name="platform" value="Windows 10"/>
      </properties>
      <testcase name="Test Cases/TC_CURA_LOGIN/CURA_LOGIN_DDT_002" time="13.968" classname="Test Cases/TC_CURA_LOGIN/CURA_LOGIN_DDT_002" status="PASSED">
         <system-out><![CDATA[02-02-2024T18:51:55 - [TEST_CASE][PASSED] - Test Cases/TC_CURA_LOGIN/CURA_LOGIN_DDT_002: Test Cases/TC_CURA_LOGIN/CURA_LOGIN_DDT_002

02-02-2024T18:51:55 - [TEST_STEP][PASSED] - Start listener action : sampleBeforeTestCase: Actual text 'CURA Healthcare Service' and expected text 'CURA Healthcare Service' are matched  using regular expression

02-02-2024T18:51:55 - [TEST_STEP][PASSED] - println(testCaseContext.getTestCaseId()): null

02-02-2024T18:51:55 - [TEST_STEP][PASSED] - println(testCaseContext.getTestCaseVariables()): null

02-02-2024T18:51:56 - [TEST_STEP][PASSED] - verifyMatch(getWindowTitle(), "CURA Healthcare Service", true): Actual text 'CURA Healthcare Service' and expected text 'CURA Healthcare Service' are matched  using regular expression

02-02-2024T18:51:56 - [MESSAGE][PASSED] - Current window's title is: 'CURA Healthcare Service'

02-02-2024T18:51:56 - [MESSAGE][PASSED] - Actual text 'CURA Healthcare Service' and expected text 'CURA Healthcare Service' are matched  using regular expression

02-02-2024T18:51:56 - [TEST_STEP][PASSED] - click(findTestObject("Object Repository/Cura_Pages/CURA_LOGIN_OR/CURA_LOGIN_LOGIN VALIDATION_OR/Page_CURA Healthcare Service/amenu-toggle")): Object: 'Object Repository/Cura_Pages/CURA_LOGIN_OR/CURA_LOGIN_LOGIN VALIDATION_OR/Page_CURA Healthcare Service/amenu-toggle' is clicked on

02-02-2024T18:51:58 - [MESSAGE][PASSED] - Object: 'Object Repository/Cura_Pages/CURA_LOGIN_OR/CURA_LOGIN_LOGIN VALIDATION_OR/Page_CURA Healthcare Service/amenu-toggle' is clicked on

02-02-2024T18:51:58 - [TEST_STEP][PASSED] - click(findTestObject("Object Repository/Cura_Pages/CURA_LOGIN_OR/CURA_LOGIN_LOGIN VALIDATION_OR/Page_CURA Healthcare Service/a_Login")): Object: 'Object Repository/Cura_Pages/CURA_LOGIN_OR/CURA_LOGIN_LOGIN VALIDATION_OR/Page_CURA Healthcare Service/a_Login' is clicked on

02-02-2024T18:51:59 - [MESSAGE][PASSED] - Object: 'Object Repository/Cura_Pages/CURA_LOGIN_OR/CURA_LOGIN_LOGIN VALIDATION_OR/Page_CURA Healthcare Service/a_Login' is clicked on

02-02-2024T18:51:59 - [TEST_STEP][PASSED] - setText(findTestObject("Object Repository/Cura_Pages/CURA_LOGIN_OR/CURA_LOGIN_LOGIN VALIDATION_OR/Page_CURA Healthcare Service/input_username"), USERNAME): Text 'John Doe' is set on object 'Object Repository/Cura_Pages/CURA_LOGIN_OR/CURA_LOGIN_LOGIN VALIDATION_OR/Page_CURA Healthcare Service/input_username'

02-02-2024T18:52:00 - [MESSAGE][PASSED] - Text 'John Doe' is set on object 'Object Repository/Cura_Pages/CURA_LOGIN_OR/CURA_LOGIN_LOGIN VALIDATION_OR/Page_CURA Healthcare Service/input_username'

02-02-2024T18:52:00 - [TEST_STEP][PASSED] - setText(findTestObject("Object Repository/Cura_Pages/CURA_LOGIN_OR/CURA_LOGIN_LOGIN VALIDATION_OR/Page_CURA Healthcare Service/input_password"), PASSWORD): Text 'ThisIsNotAPassword' is set on object 'Object Repository/Cura_Pages/CURA_LOGIN_OR/CURA_LOGIN_LOGIN VALIDATION_OR/Page_CURA Healthcare Service/input_password'

02-02-2024T18:52:01 - [MESSAGE][PASSED] - Text 'ThisIsNotAPassword' is set on object 'Object Repository/Cura_Pages/CURA_LOGIN_OR/CURA_LOGIN_LOGIN VALIDATION_OR/Page_CURA Healthcare Service/input_password'

02-02-2024T18:52:01 - [TEST_STEP][PASSED] - click(findTestObject("Object Repository/Cura_Pages/CURA_LOGIN_OR/CURA_LOGIN_LOGIN VALIDATION_OR/Page_CURA Healthcare Service/button_Login")): Object: 'Object Repository/Cura_Pages/CURA_LOGIN_OR/CURA_LOGIN_LOGIN VALIDATION_OR/Page_CURA Healthcare Service/button_Login' is clicked on

02-02-2024T18:52:03 - [MESSAGE][PASSED] - Object: 'Object Repository/Cura_Pages/CURA_LOGIN_OR/CURA_LOGIN_LOGIN VALIDATION_OR/Page_CURA Healthcare Service/button_Login' is clicked on

02-02-2024T18:52:03 - [TEST_STEP][PASSED] - verifyElementPresent(findTestObject("Object Repository/Cura_Pages/CURA_LOGIN_OR/CURA_LOGIN_LOGIN VALIDATION_OR/Page_CURA Healthcare Service/h2_Make Appointment"), 0): Object 'Object Repository/Cura_Pages/CURA_LOGIN_OR/CURA_LOGIN_LOGIN VALIDATION_OR/Page_CURA Healthcare Service/h2_Make Appointment' is present

02-02-2024T18:52:03 - [MESSAGE][WARNING] - Timeout '0' is invalid. Using default page load timeout: '30'

02-02-2024T18:52:04 - [MESSAGE][PASSED] - Object 'Object Repository/Cura_Pages/CURA_LOGIN_OR/CURA_LOGIN_LOGIN VALIDATION_OR/Page_CURA Healthcare Service/h2_Make Appointment' is present

02-02-2024T18:52:04 - [TEST_STEP][PASSED] - click(findTestObject("Object Repository/Cura_Pages/CURA_LOGIN_OR/CURA_LOGIN_LOGIN VALIDATION_OR/Page_CURA Healthcare Service/amenu-toggle")): Object: 'Object Repository/Cura_Pages/CURA_LOGIN_OR/CURA_LOGIN_LOGIN VALIDATION_OR/Page_CURA Healthcare Service/amenu-toggle' is clicked on

02-02-2024T18:52:04 - [MESSAGE][PASSED] - Object: 'Object Repository/Cura_Pages/CURA_LOGIN_OR/CURA_LOGIN_LOGIN VALIDATION_OR/Page_CURA Healthcare Service/amenu-toggle' is clicked on

02-02-2024T18:52:04 - [TEST_STEP][PASSED] - click(findTestObject("Object Repository/Cura_Pages/CURA_LOGIN_OR/CURA_LOGIN_LOGIN VALIDATION_OR/Page_CURA Healthcare Service/a_Logout")): Object: 'Object Repository/Cura_Pages/CURA_LOGIN_OR/CURA_LOGIN_LOGIN VALIDATION_OR/Page_CURA Healthcare Service/a_Logout' is clicked on

02-02-2024T18:52:06 - [MESSAGE][PASSED] - Object: 'Object Repository/Cura_Pages/CURA_LOGIN_OR/CURA_LOGIN_LOGIN VALIDATION_OR/Page_CURA Healthcare Service/a_Logout' is clicked on

02-02-2024T18:52:06 - [TEST_STEP][PASSED] - Start tear down : tearDownTestCase: Method 'tearDownTestCase' complete successfully

02-02-2024T18:52:06 - [TEST_STEP][PASSED] - delay(2): Delayed 2 second(s)

02-02-2024T18:52:09 - [MESSAGE][PASSED] - Delayed 2 second(s)

02-02-2024T18:52:09 - [MESSAGE][PASSED] - Method 'tearDownTestCase' complete successfully

02-02-2024T18:52:09 - [TEST_STEP][PASSED] - Start listener action : sampleAfterTestCase: null

02-02-2024T18:52:09 - [TEST_STEP][PASSED] - println(testCaseContext.getTestCaseId()): null

02-02-2024T18:52:09 - [TEST_STEP][PASSED] - println(testCaseContext.getTestCaseStatus()): null]]></system-out>
         <system-err><![CDATA[]]></system-err>
      </testcase>
      <testcase name="Test Cases/TC_CURA_LOGIN/CURA_LOGIN_DDT_002" time="9.35" classname="Test Cases/TC_CURA_LOGIN/CURA_LOGIN_DDT_002" status="PASSED">
         <system-out><![CDATA[02-02-2024T18:52:09 - [TEST_CASE][PASSED] - Test Cases/TC_CURA_LOGIN/CURA_LOGIN_DDT_002: Test Cases/TC_CURA_LOGIN/CURA_LOGIN_DDT_002

02-02-2024T18:52:10 - [TEST_STEP][PASSED] - Start listener action : sampleBeforeTestCase: Actual text 'CURA Healthcare Service' and expected text 'CURA Healthcare Service' are matched  using regular expression

02-02-2024T18:52:10 - [TEST_STEP][PASSED] - println(testCaseContext.getTestCaseId()): null

02-02-2024T18:52:10 - [TEST_STEP][PASSED] - println(testCaseContext.getTestCaseVariables()): null

02-02-2024T18:52:10 - [TEST_STEP][PASSED] - verifyMatch(getWindowTitle(), "CURA Healthcare Service", true): Actual text 'CURA Healthcare Service' and expected text 'CURA Healthcare Service' are matched  using regular expression

02-02-2024T18:52:10 - [MESSAGE][PASSED] - Current window's title is: 'CURA Healthcare Service'

02-02-2024T18:52:10 - [MESSAGE][PASSED] - Actual text 'CURA Healthcare Service' and expected text 'CURA Healthcare Service' are matched  using regular expression

02-02-2024T18:52:10 - [TEST_STEP][PASSED] - click(findTestObject("Object Repository/Cura_Pages/CURA_LOGIN_OR/CURA_LOGIN_LOGIN VALIDATION_OR/Page_CURA Healthcare Service/amenu-toggle")): Object: 'Object Repository/Cura_Pages/CURA_LOGIN_OR/CURA_LOGIN_LOGIN VALIDATION_OR/Page_CURA Healthcare Service/amenu-toggle' is clicked on

02-02-2024T18:52:10 - [MESSAGE][PASSED] - Object: 'Object Repository/Cura_Pages/CURA_LOGIN_OR/CURA_LOGIN_LOGIN VALIDATION_OR/Page_CURA Healthcare Service/amenu-toggle' is clicked on

02-02-2024T18:52:10 - [TEST_STEP][PASSED] - click(findTestObject("Object Repository/Cura_Pages/CURA_LOGIN_OR/CURA_LOGIN_LOGIN VALIDATION_OR/Page_CURA Healthcare Service/a_Login")): Object: 'Object Repository/Cura_Pages/CURA_LOGIN_OR/CURA_LOGIN_LOGIN VALIDATION_OR/Page_CURA Healthcare Service/a_Login' is clicked on

02-02-2024T18:52:11 - [MESSAGE][PASSED] - Object: 'Object Repository/Cura_Pages/CURA_LOGIN_OR/CURA_LOGIN_LOGIN VALIDATION_OR/Page_CURA Healthcare Service/a_Login' is clicked on

02-02-2024T18:52:11 - [TEST_STEP][PASSED] - setText(findTestObject("Object Repository/Cura_Pages/CURA_LOGIN_OR/CURA_LOGIN_LOGIN VALIDATION_OR/Page_CURA Healthcare Service/input_username"), USERNAME): Text 'John Doe' is set on object 'Object Repository/Cura_Pages/CURA_LOGIN_OR/CURA_LOGIN_LOGIN VALIDATION_OR/Page_CURA Healthcare Service/input_username'

02-02-2024T18:52:12 - [MESSAGE][PASSED] - Text 'John Doe' is set on object 'Object Repository/Cura_Pages/CURA_LOGIN_OR/CURA_LOGIN_LOGIN VALIDATION_OR/Page_CURA Healthcare Service/input_username'

02-02-2024T18:52:12 - [TEST_STEP][PASSED] - setText(findTestObject("Object Repository/Cura_Pages/CURA_LOGIN_OR/CURA_LOGIN_LOGIN VALIDATION_OR/Page_CURA Healthcare Service/input_password"), PASSWORD): Text 'ThisIsNotAPassword' is set on object 'Object Repository/Cura_Pages/CURA_LOGIN_OR/CURA_LOGIN_LOGIN VALIDATION_OR/Page_CURA Healthcare Service/input_password'

02-02-2024T18:52:13 - [MESSAGE][PASSED] - Text 'ThisIsNotAPassword' is set on object 'Object Repository/Cura_Pages/CURA_LOGIN_OR/CURA_LOGIN_LOGIN VALIDATION_OR/Page_CURA Healthcare Service/input_password'

02-02-2024T18:52:13 - [TEST_STEP][PASSED] - click(findTestObject("Object Repository/Cura_Pages/CURA_LOGIN_OR/CURA_LOGIN_LOGIN VALIDATION_OR/Page_CURA Healthcare Service/button_Login")): Object: 'Object Repository/Cura_Pages/CURA_LOGIN_OR/CURA_LOGIN_LOGIN VALIDATION_OR/Page_CURA Healthcare Service/button_Login' is clicked on

02-02-2024T18:52:14 - [MESSAGE][PASSED] - Object: 'Object Repository/Cura_Pages/CURA_LOGIN_OR/CURA_LOGIN_LOGIN VALIDATION_OR/Page_CURA Healthcare Service/button_Login' is clicked on

02-02-2024T18:52:14 - [TEST_STEP][PASSED] - verifyElementPresent(findTestObject("Object Repository/Cura_Pages/CURA_LOGIN_OR/CURA_LOGIN_LOGIN VALIDATION_OR/Page_CURA Healthcare Service/h2_Make Appointment"), 0): Object 'Object Repository/Cura_Pages/CURA_LOGIN_OR/CURA_LOGIN_LOGIN VALIDATION_OR/Page_CURA Healthcare Service/h2_Make Appointment' is present

02-02-2024T18:52:15 - [MESSAGE][WARNING] - Timeout '0' is invalid. Using default page load timeout: '30'

02-02-2024T18:52:15 - [MESSAGE][PASSED] - Object 'Object Repository/Cura_Pages/CURA_LOGIN_OR/CURA_LOGIN_LOGIN VALIDATION_OR/Page_CURA Healthcare Service/h2_Make Appointment' is present

02-02-2024T18:52:15 - [TEST_STEP][PASSED] - click(findTestObject("Object Repository/Cura_Pages/CURA_LOGIN_OR/CURA_LOGIN_LOGIN VALIDATION_OR/Page_CURA Healthcare Service/amenu-toggle")): Object: 'Object Repository/Cura_Pages/CURA_LOGIN_OR/CURA_LOGIN_LOGIN VALIDATION_OR/Page_CURA Healthcare Service/amenu-toggle' is clicked on

02-02-2024T18:52:16 - [MESSAGE][PASSED] - Object: 'Object Repository/Cura_Pages/CURA_LOGIN_OR/CURA_LOGIN_LOGIN VALIDATION_OR/Page_CURA Healthcare Service/amenu-toggle' is clicked on

02-02-2024T18:52:16 - [TEST_STEP][PASSED] - click(findTestObject("Object Repository/Cura_Pages/CURA_LOGIN_OR/CURA_LOGIN_LOGIN VALIDATION_OR/Page_CURA Healthcare Service/a_Logout")): Object: 'Object Repository/Cura_Pages/CURA_LOGIN_OR/CURA_LOGIN_LOGIN VALIDATION_OR/Page_CURA Healthcare Service/a_Logout' is clicked on

02-02-2024T18:52:17 - [MESSAGE][PASSED] - Object: 'Object Repository/Cura_Pages/CURA_LOGIN_OR/CURA_LOGIN_LOGIN VALIDATION_OR/Page_CURA Healthcare Service/a_Logout' is clicked on

02-02-2024T18:52:17 - [TEST_STEP][PASSED] - Start tear down : tearDownTestCase: Method 'tearDownTestCase' complete successfully

02-02-2024T18:52:17 - [TEST_STEP][PASSED] - delay(2): Delayed 2 second(s)

02-02-2024T18:52:19 - [MESSAGE][PASSED] - Delayed 2 second(s)

02-02-2024T18:52:19 - [MESSAGE][PASSED] - Method 'tearDownTestCase' complete successfully

02-02-2024T18:52:19 - [TEST_STEP][PASSED] - Start listener action : sampleAfterTestCase: null

02-02-2024T18:52:19 - [TEST_STEP][PASSED] - println(testCaseContext.getTestCaseId()): null

02-02-2024T18:52:19 - [TEST_STEP][PASSED] - println(testCaseContext.getTestCaseStatus()): null]]></system-out>
         <system-err><![CDATA[]]></system-err>
      </testcase>
      <testcase name="Test Cases/TC_CURA_LOGIN/CURA_LOGIN_DDT_002" time="40.375" classname="Test Cases/TC_CURA_LOGIN/CURA_LOGIN_DDT_002" status="FAILED">
         <failure type="FAILED" message="Test Cases/TC_CURA_LOGIN/CURA_LOGIN_DDT_002 FAILED.&#xa;Reason:&#xa;com.kms.katalon.core.exception.StepFailedException: Unable to verify object 'Object Repository/Cura_Pages/CURA_LOGIN_OR/CURA_LOGIN_LOGIN VALIDATION_OR/Page_CURA Healthcare Service/h2_Make Appointment' is present&#xa;	at com.kms.katalon.core.webui.keyword.internal.WebUIKeywordMain.stepFailed(WebUIKeywordMain.groovy:64)&#xa;	at com.kms.katalon.core.webui.keyword.internal.WebUIKeywordMain.runKeyword(WebUIKeywordMain.groovy:26)&#xa;	at com.kms.katalon.core.webui.keyword.builtin.VerifyElementPresentKeyword.verifyElementPresent(VerifyElementPresentKeyword.groovy:92)&#xa;	at com.kms.katalon.core.webui.keyword.builtin.VerifyElementPresentKeyword.execute(VerifyElementPresentKeyword.groovy:68)&#xa;	at com.kms.katalon.core.keyword.internal.KeywordExecutor.executeKeywordForPlatform(KeywordExecutor.groovy:74)&#xa;	at com.kms.katalon.core.webui.keyword.WebUiBuiltInKeywords.verifyElementPresent(WebUiBuiltInKeywords.groovy:1503)&#xa;	at CURA_LOGIN_DDT_002.run(CURA_LOGIN_DDT_002:38)&#xa;	at com.kms.katalon.core.main.ScriptEngine.run(ScriptEngine.java:194)&#xa;	at com.kms.katalon.core.main.ScriptEngine.runScriptAsRawText(ScriptEngine.java:119)&#xa;	at com.kms.katalon.core.main.TestCaseExecutor.runScript(TestCaseExecutor.java:448)&#xa;	at com.kms.katalon.core.main.TestCaseExecutor.doExecute(TestCaseExecutor.java:439)&#xa;	at com.kms.katalon.core.main.TestCaseExecutor.processExecutionPhase(TestCaseExecutor.java:418)&#xa;	at com.kms.katalon.core.main.TestCaseExecutor.accessMainPhase(TestCaseExecutor.java:410)&#xa;	at com.kms.katalon.core.main.TestCaseExecutor.execute(TestCaseExecutor.java:285)&#xa;	at com.kms.katalon.core.common.CommonExecutor.accessTestCaseMainPhase(CommonExecutor.java:65)&#xa;	at com.kms.katalon.core.main.TestSuiteExecutor.accessTestSuiteMainPhase(TestSuiteExecutor.java:148)&#xa;	at com.kms.katalon.core.main.TestSuiteExecutor.execute(TestSuiteExecutor.java:106)&#xa;	at com.kms.katalon.core.main.TestCaseMain.startTestSuite(TestCaseMain.java:180)&#xa;	at TempTestSuite1706879990813.run(TempTestSuite1706879990813.groovy:36)&#xa;	at java.base/jdk.internal.reflect.NativeMethodAccessorImpl.invoke0(Native Method)&#xa;	at java.base/jdk.internal.reflect.NativeMethodAccessorImpl.invoke(NativeMethodAccessorImpl.java:77)&#xa;	at java.base/jdk.internal.reflect.DelegatingMethodAccessorImpl.invoke(DelegatingMethodAccessorImpl.java:43)&#xa;Caused by: com.kms.katalon.core.exception.StepFailedException: com.kms.katalon.core.webui.exception.WebElementNotFoundException: Web element with id: 'Object Repository/Cura_Pages/CURA_LOGIN_OR/CURA_LOGIN_LOGIN VALIDATION_OR/Page_CURA Healthcare Service/h2_Make Appointment' located by '//section[@id='appointment']/div/div/div/h2' not found&#xa;	at com.kms.katalon.core.webui.keyword.internal.WebUIKeywordMain.stepFailed(WebUIKeywordMain.groovy:64)&#xa;	at com.kms.katalon.core.webui.keyword.builtin.VerifyElementPresentKeyword$_verifyElementPresent_closure1.doCall(VerifyElementPresentKeyword.groovy:85)&#xa;	at com.kms.katalon.core.webui.keyword.builtin.VerifyElementPresentKeyword$_verifyElementPresent_closure1.call(VerifyElementPresentKeyword.groovy)&#xa;	at com.kms.katalon.core.webui.keyword.internal.WebUIKeywordMain.runKeyword(WebUIKeywordMain.groovy:20)&#xa;	... 20 more&#xa;"/>
         <system-out><![CDATA[02-02-2024T18:52:19 - [TEST_CASE][FAILED] - Test Cases/TC_CURA_LOGIN/CURA_LOGIN_DDT_002: Test Cases/TC_CURA_LOGIN/CURA_LOGIN_DDT_002 FAILED.
Reason:
com.kms.katalon.core.exception.StepFailedException: Unable to verify object 'Object Repository/Cura_Pages/CURA_LOGIN_OR/CURA_LOGIN_LOGIN VALIDATION_OR/Page_CURA Healthcare Service/h2_Make Appointment' is present
	at com.kms.katalon.core.webui.keyword.internal.WebUIKeywordMain.stepFailed(WebUIKeywordMain.groovy:64)
	at com.kms.katalon.core.webui.keyword.internal.WebUIKeywordMain.runKeyword(WebUIKeywordMain.groovy:26)
	at com.kms.katalon.core.webui.keyword.builtin.VerifyElementPresentKeyword.verifyElementPresent(VerifyElementPresentKeyword.groovy:92)
	at com.kms.katalon.core.webui.keyword.builtin.VerifyElementPresentKeyword.execute(VerifyElementPresentKeyword.groovy:68)
	at com.kms.katalon.core.keyword.internal.KeywordExecutor.executeKeywordForPlatform(KeywordExecutor.groovy:74)
	at com.kms.katalon.core.webui.keyword.WebUiBuiltInKeywords.verifyElementPresent(WebUiBuiltInKeywords.groovy:1503)
	at CURA_LOGIN_DDT_002.run(CURA_LOGIN_DDT_002:38)
	at com.kms.katalon.core.main.ScriptEngine.run(ScriptEngine.java:194)
	at com.kms.katalon.core.main.ScriptEngine.runScriptAsRawText(ScriptEngine.java:119)
	at com.kms.katalon.core.main.TestCaseExecutor.runScript(TestCaseExecutor.java:448)
	at com.kms.katalon.core.main.TestCaseExecutor.doExecute(TestCaseExecutor.java:439)
	at com.kms.katalon.core.main.TestCaseExecutor.processExecutionPhase(TestCaseExecutor.java:418)
	at com.kms.katalon.core.main.TestCaseExecutor.accessMainPhase(TestCaseExecutor.java:410)
	at com.kms.katalon.core.main.TestCaseExecutor.execute(TestCaseExecutor.java:285)
	at com.kms.katalon.core.common.CommonExecutor.accessTestCaseMainPhase(CommonExecutor.java:65)
	at com.kms.katalon.core.main.TestSuiteExecutor.accessTestSuiteMainPhase(TestSuiteExecutor.java:148)
	at com.kms.katalon.core.main.TestSuiteExecutor.execute(TestSuiteExecutor.java:106)
	at com.kms.katalon.core.main.TestCaseMain.startTestSuite(TestCaseMain.java:180)
	at TempTestSuite1706879990813.run(TempTestSuite1706879990813.groovy:36)
	at java.base/jdk.internal.reflect.NativeMethodAccessorImpl.invoke0(Native Method)
	at java.base/jdk.internal.reflect.NativeMethodAccessorImpl.invoke(NativeMethodAccessorImpl.java:77)
	at java.base/jdk.internal.reflect.DelegatingMethodAccessorImpl.invoke(DelegatingMethodAccessorImpl.java:43)
Caused by: com.kms.katalon.core.exception.StepFailedException: com.kms.katalon.core.webui.exception.WebElementNotFoundException: Web element with id: 'Object Repository/Cura_Pages/CURA_LOGIN_OR/CURA_LOGIN_LOGIN VALIDATION_OR/Page_CURA Healthcare Service/h2_Make Appointment' located by '//section[@id='appointment']/div/div/div/h2' not found
	at com.kms.katalon.core.webui.keyword.internal.WebUIKeywordMain.stepFailed(WebUIKeywordMain.groovy:64)
	at com.kms.katalon.core.webui.keyword.builtin.VerifyElementPresentKeyword$_verifyElementPresent_closure1.doCall(VerifyElementPresentKeyword.groovy:85)
	at com.kms.katalon.core.webui.keyword.builtin.VerifyElementPresentKeyword$_verifyElementPresent_closure1.call(VerifyElementPresentKeyword.groovy)
	at com.kms.katalon.core.webui.keyword.internal.WebUIKeywordMain.runKeyword(WebUIKeywordMain.groovy:20)
	... 20 more


02-02-2024T18:52:19 - [TEST_STEP][PASSED] - Start listener action : sampleBeforeTestCase: Actual text 'CURA Healthcare Service' and expected text 'CURA Healthcare Service' are matched  using regular expression

02-02-2024T18:52:19 - [TEST_STEP][PASSED] - println(testCaseContext.getTestCaseId()): null

02-02-2024T18:52:19 - [TEST_STEP][PASSED] - println(testCaseContext.getTestCaseVariables()): null

02-02-2024T18:52:19 - [TEST_STEP][PASSED] - verifyMatch(getWindowTitle(), "CURA Healthcare Service", true): Actual text 'CURA Healthcare Service' and expected text 'CURA Healthcare Service' are matched  using regular expression

02-02-2024T18:52:19 - [MESSAGE][PASSED] - Current window's title is: 'CURA Healthcare Service'

02-02-2024T18:52:19 - [MESSAGE][PASSED] - Actual text 'CURA Healthcare Service' and expected text 'CURA Healthcare Service' are matched  using regular expression

02-02-2024T18:52:19 - [TEST_STEP][PASSED] - click(findTestObject("Object Repository/Cura_Pages/CURA_LOGIN_OR/CURA_LOGIN_LOGIN VALIDATION_OR/Page_CURA Healthcare Service/amenu-toggle")): Object: 'Object Repository/Cura_Pages/CURA_LOGIN_OR/CURA_LOGIN_LOGIN VALIDATION_OR/Page_CURA Healthcare Service/amenu-toggle' is clicked on

02-02-2024T18:52:20 - [MESSAGE][PASSED] - Object: 'Object Repository/Cura_Pages/CURA_LOGIN_OR/CURA_LOGIN_LOGIN VALIDATION_OR/Page_CURA Healthcare Service/amenu-toggle' is clicked on

02-02-2024T18:52:20 - [TEST_STEP][PASSED] - click(findTestObject("Object Repository/Cura_Pages/CURA_LOGIN_OR/CURA_LOGIN_LOGIN VALIDATION_OR/Page_CURA Healthcare Service/a_Login")): Object: 'Object Repository/Cura_Pages/CURA_LOGIN_OR/CURA_LOGIN_LOGIN VALIDATION_OR/Page_CURA Healthcare Service/a_Login' is clicked on

02-02-2024T18:52:21 - [MESSAGE][PASSED] - Object: 'Object Repository/Cura_Pages/CURA_LOGIN_OR/CURA_LOGIN_LOGIN VALIDATION_OR/Page_CURA Healthcare Service/a_Login' is clicked on

02-02-2024T18:52:21 - [TEST_STEP][PASSED] - setText(findTestObject("Object Repository/Cura_Pages/CURA_LOGIN_OR/CURA_LOGIN_LOGIN VALIDATION_OR/Page_CURA Healthcare Service/input_username"), USERNAME): Text 'YASH' is set on object 'Object Repository/Cura_Pages/CURA_LOGIN_OR/CURA_LOGIN_LOGIN VALIDATION_OR/Page_CURA Healthcare Service/input_username'

02-02-2024T18:52:22 - [MESSAGE][PASSED] - Text 'YASH' is set on object 'Object Repository/Cura_Pages/CURA_LOGIN_OR/CURA_LOGIN_LOGIN VALIDATION_OR/Page_CURA Healthcare Service/input_username'

02-02-2024T18:52:22 - [TEST_STEP][PASSED] - setText(findTestObject("Object Repository/Cura_Pages/CURA_LOGIN_OR/CURA_LOGIN_LOGIN VALIDATION_OR/Page_CURA Healthcare Service/input_password"), PASSWORD): Text 'ThisIsNotAPassword' is set on object 'Object Repository/Cura_Pages/CURA_LOGIN_OR/CURA_LOGIN_LOGIN VALIDATION_OR/Page_CURA Healthcare Service/input_password'

02-02-2024T18:52:22 - [MESSAGE][PASSED] - Text 'ThisIsNotAPassword' is set on object 'Object Repository/Cura_Pages/CURA_LOGIN_OR/CURA_LOGIN_LOGIN VALIDATION_OR/Page_CURA Healthcare Service/input_password'

02-02-2024T18:52:22 - [TEST_STEP][PASSED] - click(findTestObject("Object Repository/Cura_Pages/CURA_LOGIN_OR/CURA_LOGIN_LOGIN VALIDATION_OR/Page_CURA Healthcare Service/button_Login")): Object: 'Object Repository/Cura_Pages/CURA_LOGIN_OR/CURA_LOGIN_LOGIN VALIDATION_OR/Page_CURA Healthcare Service/button_Login' is clicked on

02-02-2024T18:52:24 - [MESSAGE][PASSED] - Object: 'Object Repository/Cura_Pages/CURA_LOGIN_OR/CURA_LOGIN_LOGIN VALIDATION_OR/Page_CURA Healthcare Service/button_Login' is clicked on

02-02-2024T18:52:24 - [TEST_STEP][FAILED] - verifyElementPresent(findTestObject("Object Repository/Cura_Pages/CURA_LOGIN_OR/CURA_LOGIN_LOGIN VALIDATION_OR/Page_CURA Healthcare Service/h2_Make Appointment"), 0): Unable to verify object 'Object Repository/Cura_Pages/CURA_LOGIN_OR/CURA_LOGIN_LOGIN VALIDATION_OR/Page_CURA Healthcare Service/h2_Make Appointment' is present (Root cause: com.kms.katalon.core.exception.StepFailedException: Unable to verify object 'Object Repository/Cura_Pages/CURA_LOGIN_OR/CURA_LOGIN_LOGIN VALIDATION_OR/Page_CURA Healthcare Service/h2_Make Appointment' is present
	at com.kms.katalon.core.webui.keyword.internal.WebUIKeywordMain.stepFailed(WebUIKeywordMain.groovy:64)
	at com.kms.katalon.core.webui.keyword.internal.WebUIKeywordMain.runKeyword(WebUIKeywordMain.groovy:26)
	at com.kms.katalon.core.webui.keyword.builtin.VerifyElementPresentKeyword.verifyElementPresent(VerifyElementPresentKeyword.groovy:92)
	at com.kms.katalon.core.webui.keyword.builtin.VerifyElementPresentKeyword.execute(VerifyElementPresentKeyword.groovy:68)
	at com.kms.katalon.core.keyword.internal.KeywordExecutor.executeKeywordForPlatform(KeywordExecutor.groovy:74)
	at com.kms.katalon.core.webui.keyword.WebUiBuiltInKeywords.verifyElementPresent(WebUiBuiltInKeywords.groovy:1503)
	at CURA_LOGIN_DDT_002.run(CURA_LOGIN_DDT_002:38)
	at com.kms.katalon.core.main.ScriptEngine.run(ScriptEngine.java:194)
	at com.kms.katalon.core.main.ScriptEngine.runScriptAsRawText(ScriptEngine.java:119)
	at com.kms.katalon.core.main.TestCaseExecutor.runScript(TestCaseExecutor.java:448)
	at com.kms.katalon.core.main.TestCaseExecutor.doExecute(TestCaseExecutor.java:439)
	at com.kms.katalon.core.main.TestCaseExecutor.processExecutionPhase(TestCaseExecutor.java:418)
	at com.kms.katalon.core.main.TestCaseExecutor.accessMainPhase(TestCaseExecutor.java:410)
	at com.kms.katalon.core.main.TestCaseExecutor.execute(TestCaseExecutor.java:285)
	at com.kms.katalon.core.common.CommonExecutor.accessTestCaseMainPhase(CommonExecutor.java:65)
	at com.kms.katalon.core.main.TestSuiteExecutor.accessTestSuiteMainPhase(TestSuiteExecutor.java:148)
	at com.kms.katalon.core.main.TestSuiteExecutor.execute(TestSuiteExecutor.java:106)
	at com.kms.katalon.core.main.TestCaseMain.startTestSuite(TestCaseMain.java:180)
	at TempTestSuite1706879990813.run(TempTestSuite1706879990813.groovy:36)
	at java.base/jdk.internal.reflect.NativeMethodAccessorImpl.invoke0(Native Method)
	at java.base/jdk.internal.reflect.NativeMethodAccessorImpl.invoke(NativeMethodAccessorImpl.java:77)
	at java.base/jdk.internal.reflect.DelegatingMethodAccessorImpl.invoke(DelegatingMethodAccessorImpl.java:43)
Caused by: com.kms.katalon.core.exception.StepFailedException: com.kms.katalon.core.webui.exception.WebElementNotFoundException: Web element with id: 'Object Repository/Cura_Pages/CURA_LOGIN_OR/CURA_LOGIN_LOGIN VALIDATION_OR/Page_CURA Healthcare Service/h2_Make Appointment' located by '//section[@id='appointment']/div/div/div/h2' not found
	at com.kms.katalon.core.webui.keyword.internal.WebUIKeywordMain.stepFailed(WebUIKeywordMain.groovy:64)
	at com.kms.katalon.core.webui.keyword.builtin.VerifyElementPresentKeyword$_verifyElementPresent_closure1.doCall(VerifyElementPresentKeyword.groovy:85)
	at com.kms.katalon.core.webui.keyword.builtin.VerifyElementPresentKeyword$_verifyElementPresent_closure1.call(VerifyElementPresentKeyword.groovy)
	at com.kms.katalon.core.webui.keyword.internal.WebUIKeywordMain.runKeyword(WebUIKeywordMain.groovy:20)
	... 20 more
)

02-02-2024T18:52:24 - [MESSAGE][WARNING] - Timeout '0' is invalid. Using default page load timeout: '30'

02-02-2024T18:52:55 - [MESSAGE][INFO] - Unable to find the element located by 'By.xpath: //section[@id='appointment']/div/div/div/h2'. Please recheck the objects properties to make sure the desired element is located. 

02-02-2024T18:52:57 - [MESSAGE][FAILED] - com.kms.katalon.core.webui.exception.WebElementNotFoundException: Web element with id: 'Object Repository/Cura_Pages/CURA_LOGIN_OR/CURA_LOGIN_LOGIN VALIDATION_OR/Page_CURA Healthcare Service/h2_Make Appointment' located by '//section[@id='appointment']/div/div/div/h2' not found (Root cause: com.kms.katalon.core.exception.StepFailedException: com.kms.katalon.core.webui.exception.WebElementNotFoundException: Web element with id: 'Object Repository/Cura_Pages/CURA_LOGIN_OR/CURA_LOGIN_LOGIN VALIDATION_OR/Page_CURA Healthcare Service/h2_Make Appointment' located by '//section[@id='appointment']/div/div/div/h2' not found
	at com.kms.katalon.core.webui.keyword.internal.WebUIKeywordMain.stepFailed(WebUIKeywordMain.groovy:64)
	at com.kms.katalon.core.webui.keyword.builtin.VerifyElementPresentKeyword$_verifyElementPresent_closure1.doCall(VerifyElementPresentKeyword.groovy:85)
	at com.kms.katalon.core.webui.keyword.builtin.VerifyElementPresentKeyword$_verifyElementPresent_closure1.call(VerifyElementPresentKeyword.groovy)
	at com.kms.katalon.core.webui.keyword.internal.WebUIKeywordMain.runKeyword(WebUIKeywordMain.groovy:20)
	at com.kms.katalon.core.webui.keyword.builtin.VerifyElementPresentKeyword.verifyElementPresent(VerifyElementPresentKeyword.groovy:92)
	at com.kms.katalon.core.webui.keyword.builtin.VerifyElementPresentKeyword.execute(VerifyElementPresentKeyword.groovy:68)
	at com.kms.katalon.core.keyword.internal.KeywordExecutor.executeKeywordForPlatform(KeywordExecutor.groovy:74)
	at com.kms.katalon.core.webui.keyword.WebUiBuiltInKeywords.verifyElementPresent(WebUiBuiltInKeywords.groovy:1503)
	at CURA_LOGIN_DDT_002.run(CURA_LOGIN_DDT_002:38)
	at com.kms.katalon.core.main.ScriptEngine.run(ScriptEngine.java:194)
	at com.kms.katalon.core.main.ScriptEngine.runScriptAsRawText(ScriptEngine.java:119)
	at com.kms.katalon.core.main.TestCaseExecutor.runScript(TestCaseExecutor.java:448)
	at com.kms.katalon.core.main.TestCaseExecutor.doExecute(TestCaseExecutor.java:439)
	at com.kms.katalon.core.main.TestCaseExecutor.processExecutionPhase(TestCaseExecutor.java:418)
	at com.kms.katalon.core.main.TestCaseExecutor.accessMainPhase(TestCaseExecutor.java:410)
	at com.kms.katalon.core.main.TestCaseExecutor.execute(TestCaseExecutor.java:285)
	at com.kms.katalon.core.common.CommonExecutor.accessTestCaseMainPhase(CommonExecutor.java:65)
	at com.kms.katalon.core.main.TestSuiteExecutor.accessTestSuiteMainPhase(TestSuiteExecutor.java:148)
	at com.kms.katalon.core.main.TestSuiteExecutor.execute(TestSuiteExecutor.java:106)
	at com.kms.katalon.core.main.TestCaseMain.startTestSuite(TestCaseMain.java:180)
	at TempTestSuite1706879990813.run(TempTestSuite1706879990813.groovy:36)
	at java.base/jdk.internal.reflect.NativeMethodAccessorImpl.invoke0(Native Method)
	at java.base/jdk.internal.reflect.NativeMethodAccessorImpl.invoke(NativeMethodAccessorImpl.java:77)
	at java.base/jdk.internal.reflect.DelegatingMethodAccessorImpl.invoke(DelegatingMethodAccessorImpl.java:43)
)
[[ATTACHMENT|C:\\Users\\hp\\Katalon Studio\\CURA_HEALTHCARE_SERVICE\\Reports\\20240202_184946\\CURA_LOGIN_TESTSUITE\\CURA_LOGIN\\20240202_184950\\1706880176008.png]]

02-02-2024T18:52:57 - [MESSAGE][FAILED] - Unable to verify object 'Object Repository/Cura_Pages/CURA_LOGIN_OR/CURA_LOGIN_LOGIN VALIDATION_OR/Page_CURA Healthcare Service/h2_Make Appointment' is present (Root cause: com.kms.katalon.core.exception.StepFailedException: Unable to verify object 'Object Repository/Cura_Pages/CURA_LOGIN_OR/CURA_LOGIN_LOGIN VALIDATION_OR/Page_CURA Healthcare Service/h2_Make Appointment' is present
	at com.kms.katalon.core.webui.keyword.internal.WebUIKeywordMain.stepFailed(WebUIKeywordMain.groovy:64)
	at com.kms.katalon.core.webui.keyword.internal.WebUIKeywordMain.runKeyword(WebUIKeywordMain.groovy:26)
	at com.kms.katalon.core.webui.keyword.builtin.VerifyElementPresentKeyword.verifyElementPresent(VerifyElementPresentKeyword.groovy:92)
	at com.kms.katalon.core.webui.keyword.builtin.VerifyElementPresentKeyword.execute(VerifyElementPresentKeyword.groovy:68)
	at com.kms.katalon.core.keyword.internal.KeywordExecutor.executeKeywordForPlatform(KeywordExecutor.groovy:74)
	at com.kms.katalon.core.webui.keyword.WebUiBuiltInKeywords.verifyElementPresent(WebUiBuiltInKeywords.groovy:1503)
	at CURA_LOGIN_DDT_002.run(CURA_LOGIN_DDT_002:38)
	at com.kms.katalon.core.main.ScriptEngine.run(ScriptEngine.java:194)
	at com.kms.katalon.core.main.ScriptEngine.runScriptAsRawText(ScriptEngine.java:119)
	at com.kms.katalon.core.main.TestCaseExecutor.runScript(TestCaseExecutor.java:448)
	at com.kms.katalon.core.main.TestCaseExecutor.doExecute(TestCaseExecutor.java:439)
	at com.kms.katalon.core.main.TestCaseExecutor.processExecutionPhase(TestCaseExecutor.java:418)
	at com.kms.katalon.core.main.TestCaseExecutor.accessMainPhase(TestCaseExecutor.java:410)
	at com.kms.katalon.core.main.TestCaseExecutor.execute(TestCaseExecutor.java:285)
	at com.kms.katalon.core.common.CommonExecutor.accessTestCaseMainPhase(CommonExecutor.java:65)
	at com.kms.katalon.core.main.TestSuiteExecutor.accessTestSuiteMainPhase(TestSuiteExecutor.java:148)
	at com.kms.katalon.core.main.TestSuiteExecutor.execute(TestSuiteExecutor.java:106)
	at com.kms.katalon.core.main.TestCaseMain.startTestSuite(TestCaseMain.java:180)
	at TempTestSuite1706879990813.run(TempTestSuite1706879990813.groovy:36)
	at java.base/jdk.internal.reflect.NativeMethodAccessorImpl.invoke0(Native Method)
	at java.base/jdk.internal.reflect.NativeMethodAccessorImpl.invoke(NativeMethodAccessorImpl.java:77)
	at java.base/jdk.internal.reflect.DelegatingMethodAccessorImpl.invoke(DelegatingMethodAccessorImpl.java:43)
Caused by: com.kms.katalon.core.exception.StepFailedException: com.kms.katalon.core.webui.exception.WebElementNotFoundException: Web element with id: 'Object Repository/Cura_Pages/CURA_LOGIN_OR/CURA_LOGIN_LOGIN VALIDATION_OR/Page_CURA Healthcare Service/h2_Make Appointment' located by '//section[@id='appointment']/div/div/div/h2' not found
	at com.kms.katalon.core.webui.keyword.internal.WebUIKeywordMain.stepFailed(WebUIKeywordMain.groovy:64)
	at com.kms.katalon.core.webui.keyword.builtin.VerifyElementPresentKeyword$_verifyElementPresent_closure1.doCall(VerifyElementPresentKeyword.groovy:85)
	at com.kms.katalon.core.webui.keyword.builtin.VerifyElementPresentKeyword$_verifyElementPresent_closure1.call(VerifyElementPresentKeyword.groovy)
	at com.kms.katalon.core.webui.keyword.internal.WebUIKeywordMain.runKeyword(WebUIKeywordMain.groovy:20)
	... 20 more
)
[[ATTACHMENT|C:\\Users\\hp\\Katalon Studio\\CURA_HEALTHCARE_SERVICE\\Reports\\20240202_184946\\CURA_LOGIN_TESTSUITE\\CURA_LOGIN\\20240202_184950\\1706880177162.png]]

02-02-2024T18:52:57 - [TEST_STEP][PASSED] - Start tear down : tearDownTestCase: Method 'tearDownTestCase' complete successfully

02-02-2024T18:52:57 - [TEST_STEP][PASSED] - delay(2): Delayed 2 second(s)

02-02-2024T18:52:59 - [MESSAGE][PASSED] - Delayed 2 second(s)

02-02-2024T18:52:59 - [MESSAGE][PASSED] - Method 'tearDownTestCase' complete successfully

02-02-2024T18:52:59 - [TEST_STEP][PASSED] - Start listener action : sampleAfterTestCase: null

02-02-2024T18:52:59 - [TEST_STEP][PASSED] - println(testCaseContext.getTestCaseId()): null

02-02-2024T18:52:59 - [TEST_STEP][PASSED] - println(testCaseContext.getTestCaseStatus()): null]]></system-out>
         <system-err><![CDATA[02-02-2024T18:52:19 - [TEST_CASE][FAILED] - Test Cases/TC_CURA_LOGIN/CURA_LOGIN_DDT_002: Test Cases/TC_CURA_LOGIN/CURA_LOGIN_DDT_002 FAILED.
Reason:
com.kms.katalon.core.exception.StepFailedException: Unable to verify object 'Object Repository/Cura_Pages/CURA_LOGIN_OR/CURA_LOGIN_LOGIN VALIDATION_OR/Page_CURA Healthcare Service/h2_Make Appointment' is present
	at com.kms.katalon.core.webui.keyword.internal.WebUIKeywordMain.stepFailed(WebUIKeywordMain.groovy:64)
	at com.kms.katalon.core.webui.keyword.internal.WebUIKeywordMain.runKeyword(WebUIKeywordMain.groovy:26)
	at com.kms.katalon.core.webui.keyword.builtin.VerifyElementPresentKeyword.verifyElementPresent(VerifyElementPresentKeyword.groovy:92)
	at com.kms.katalon.core.webui.keyword.builtin.VerifyElementPresentKeyword.execute(VerifyElementPresentKeyword.groovy:68)
	at com.kms.katalon.core.keyword.internal.KeywordExecutor.executeKeywordForPlatform(KeywordExecutor.groovy:74)
	at com.kms.katalon.core.webui.keyword.WebUiBuiltInKeywords.verifyElementPresent(WebUiBuiltInKeywords.groovy:1503)
	at CURA_LOGIN_DDT_002.run(CURA_LOGIN_DDT_002:38)
	at com.kms.katalon.core.main.ScriptEngine.run(ScriptEngine.java:194)
	at com.kms.katalon.core.main.ScriptEngine.runScriptAsRawText(ScriptEngine.java:119)
	at com.kms.katalon.core.main.TestCaseExecutor.runScript(TestCaseExecutor.java:448)
	at com.kms.katalon.core.main.TestCaseExecutor.doExecute(TestCaseExecutor.java:439)
	at com.kms.katalon.core.main.TestCaseExecutor.processExecutionPhase(TestCaseExecutor.java:418)
	at com.kms.katalon.core.main.TestCaseExecutor.accessMainPhase(TestCaseExecutor.java:410)
	at com.kms.katalon.core.main.TestCaseExecutor.execute(TestCaseExecutor.java:285)
	at com.kms.katalon.core.common.CommonExecutor.accessTestCaseMainPhase(CommonExecutor.java:65)
	at com.kms.katalon.core.main.TestSuiteExecutor.accessTestSuiteMainPhase(TestSuiteExecutor.java:148)
	at com.kms.katalon.core.main.TestSuiteExecutor.execute(TestSuiteExecutor.java:106)
	at com.kms.katalon.core.main.TestCaseMain.startTestSuite(TestCaseMain.java:180)
	at TempTestSuite1706879990813.run(TempTestSuite1706879990813.groovy:36)
	at java.base/jdk.internal.reflect.NativeMethodAccessorImpl.invoke0(Native Method)
	at java.base/jdk.internal.reflect.NativeMethodAccessorImpl.invoke(NativeMethodAccessorImpl.java:77)
	at java.base/jdk.internal.reflect.DelegatingMethodAccessorImpl.invoke(DelegatingMethodAccessorImpl.java:43)
Caused by: com.kms.katalon.core.exception.StepFailedException: com.kms.katalon.core.webui.exception.WebElementNotFoundException: Web element with id: 'Object Repository/Cura_Pages/CURA_LOGIN_OR/CURA_LOGIN_LOGIN VALIDATION_OR/Page_CURA Healthcare Service/h2_Make Appointment' located by '//section[@id='appointment']/div/div/div/h2' not found
	at com.kms.katalon.core.webui.keyword.internal.WebUIKeywordMain.stepFailed(WebUIKeywordMain.groovy:64)
	at com.kms.katalon.core.webui.keyword.builtin.VerifyElementPresentKeyword$_verifyElementPresent_closure1.doCall(VerifyElementPresentKeyword.groovy:85)
	at com.kms.katalon.core.webui.keyword.builtin.VerifyElementPresentKeyword$_verifyElementPresent_closure1.call(VerifyElementPresentKeyword.groovy)
	at com.kms.katalon.core.webui.keyword.internal.WebUIKeywordMain.runKeyword(WebUIKeywordMain.groovy:20)
	... 20 more]]></system-err>
      </testcase>
      <system-out><![CDATA[02-02-2024T18:51:26 - [TEST_SUITE][FAILED] - CURA_LOGIN: Test Cases/TC_CURA_LOGIN/CURA_LOGIN_DDT_002 FAILED.
Reason:
com.kms.katalon.core.exception.StepFailedException: Unable to verify object 'Object Repository/Cura_Pages/CURA_LOGIN_OR/CURA_LOGIN_LOGIN VALIDATION_OR/Page_CURA Healthcare Service/h2_Make Appointment' is present
	at com.kms.katalon.core.webui.keyword.internal.WebUIKeywordMain.stepFailed(WebUIKeywordMain.groovy:64)
	at com.kms.katalon.core.webui.keyword.internal.WebUIKeywordMain.runKeyword(WebUIKeywordMain.groovy:26)
	at com.kms.katalon.core.webui.keyword.builtin.VerifyElementPresentKeyword.verifyElementPresent(VerifyElementPresentKeyword.groovy:92)
	at com.kms.katalon.core.webui.keyword.builtin.VerifyElementPresentKeyword.execute(VerifyElementPresentKeyword.groovy:68)
	at com.kms.katalon.core.keyword.internal.KeywordExecutor.executeKeywordForPlatform(KeywordExecutor.groovy:74)
	at com.kms.katalon.core.webui.keyword.WebUiBuiltInKeywords.verifyElementPresent(WebUiBuiltInKeywords.groovy:1503)
	at CURA_LOGIN_DDT_002.run(CURA_LOGIN_DDT_002:38)
	at com.kms.katalon.core.main.ScriptEngine.run(ScriptEngine.java:194)
	at com.kms.katalon.core.main.ScriptEngine.runScriptAsRawText(ScriptEngine.java:119)
	at com.kms.katalon.core.main.TestCaseExecutor.runScript(TestCaseExecutor.java:448)
	at com.kms.katalon.core.main.TestCaseExecutor.doExecute(TestCaseExecutor.java:439)
	at com.kms.katalon.core.main.TestCaseExecutor.processExecutionPhase(TestCaseExecutor.java:418)
	at com.kms.katalon.core.main.TestCaseExecutor.accessMainPhase(TestCaseExecutor.java:410)
	at com.kms.katalon.core.main.TestCaseExecutor.execute(TestCaseExecutor.java:285)
	at com.kms.katalon.core.common.CommonExecutor.accessTestCaseMainPhase(CommonExecutor.java:65)
	at com.kms.katalon.core.main.TestSuiteExecutor.accessTestSuiteMainPhase(TestSuiteExecutor.java:148)
	at com.kms.katalon.core.main.TestSuiteExecutor.execute(TestSuiteExecutor.java:106)
	at com.kms.katalon.core.main.TestCaseMain.startTestSuite(TestCaseMain.java:180)
	at TempTestSuite1706879990813.run(TempTestSuite1706879990813.groovy:36)
	at java.base/jdk.internal.reflect.NativeMethodAccessorImpl.invoke0(Native Method)
	at java.base/jdk.internal.reflect.NativeMethodAccessorImpl.invoke(NativeMethodAccessorImpl.java:77)
	at java.base/jdk.internal.reflect.DelegatingMethodAccessorImpl.invoke(DelegatingMethodAccessorImpl.java:43)
Caused by: com.kms.katalon.core.exception.StepFailedException: com.kms.katalon.core.webui.exception.WebElementNotFoundException: Web element with id: 'Object Repository/Cura_Pages/CURA_LOGIN_OR/CURA_LOGIN_LOGIN VALIDATION_OR/Page_CURA Healthcare Service/h2_Make Appointment' located by '//section[@id='appointment']/div/div/div/h2' not found
	at com.kms.katalon.core.webui.keyword.internal.WebUIKeywordMain.stepFailed(WebUIKeywordMain.groovy:64)
	at com.kms.katalon.core.webui.keyword.builtin.VerifyElementPresentKeyword$_verifyElementPresent_closure1.doCall(VerifyElementPresentKeyword.groovy:85)
	at com.kms.katalon.core.webui.keyword.builtin.VerifyElementPresentKeyword$_verifyElementPresent_closure1.call(VerifyElementPresentKeyword.groovy)
	at com.kms.katalon.core.webui.keyword.internal.WebUIKeywordMain.runKeyword(WebUIKeywordMain.groovy:20)
	... 20 more]]></system-out>
      <system-err><![CDATA[02-02-2024T18:51:26 - [TEST_SUITE][FAILED] - CURA_LOGIN: Test Cases/TC_CURA_LOGIN/CURA_LOGIN_DDT_002 FAILED.
Reason:
com.kms.katalon.core.exception.StepFailedException: Unable to verify object 'Object Repository/Cura_Pages/CURA_LOGIN_OR/CURA_LOGIN_LOGIN VALIDATION_OR/Page_CURA Healthcare Service/h2_Make Appointment' is present
	at com.kms.katalon.core.webui.keyword.internal.WebUIKeywordMain.stepFailed(WebUIKeywordMain.groovy:64)
	at com.kms.katalon.core.webui.keyword.internal.WebUIKeywordMain.runKeyword(WebUIKeywordMain.groovy:26)
	at com.kms.katalon.core.webui.keyword.builtin.VerifyElementPresentKeyword.verifyElementPresent(VerifyElementPresentKeyword.groovy:92)
	at com.kms.katalon.core.webui.keyword.builtin.VerifyElementPresentKeyword.execute(VerifyElementPresentKeyword.groovy:68)
	at com.kms.katalon.core.keyword.internal.KeywordExecutor.executeKeywordForPlatform(KeywordExecutor.groovy:74)
	at com.kms.katalon.core.webui.keyword.WebUiBuiltInKeywords.verifyElementPresent(WebUiBuiltInKeywords.groovy:1503)
	at CURA_LOGIN_DDT_002.run(CURA_LOGIN_DDT_002:38)
	at com.kms.katalon.core.main.ScriptEngine.run(ScriptEngine.java:194)
	at com.kms.katalon.core.main.ScriptEngine.runScriptAsRawText(ScriptEngine.java:119)
	at com.kms.katalon.core.main.TestCaseExecutor.runScript(TestCaseExecutor.java:448)
	at com.kms.katalon.core.main.TestCaseExecutor.doExecute(TestCaseExecutor.java:439)
	at com.kms.katalon.core.main.TestCaseExecutor.processExecutionPhase(TestCaseExecutor.java:418)
	at com.kms.katalon.core.main.TestCaseExecutor.accessMainPhase(TestCaseExecutor.java:410)
	at com.kms.katalon.core.main.TestCaseExecutor.execute(TestCaseExecutor.java:285)
	at com.kms.katalon.core.common.CommonExecutor.accessTestCaseMainPhase(CommonExecutor.java:65)
	at com.kms.katalon.core.main.TestSuiteExecutor.accessTestSuiteMainPhase(TestSuiteExecutor.java:148)
	at com.kms.katalon.core.main.TestSuiteExecutor.execute(TestSuiteExecutor.java:106)
	at com.kms.katalon.core.main.TestCaseMain.startTestSuite(TestCaseMain.java:180)
	at TempTestSuite1706879990813.run(TempTestSuite1706879990813.groovy:36)
	at java.base/jdk.internal.reflect.NativeMethodAccessorImpl.invoke0(Native Method)
	at java.base/jdk.internal.reflect.NativeMethodAccessorImpl.invoke(NativeMethodAccessorImpl.java:77)
	at java.base/jdk.internal.reflect.DelegatingMethodAccessorImpl.invoke(DelegatingMethodAccessorImpl.java:43)
Caused by: com.kms.katalon.core.exception.StepFailedException: com.kms.katalon.core.webui.exception.WebElementNotFoundException: Web element with id: 'Object Repository/Cura_Pages/CURA_LOGIN_OR/CURA_LOGIN_LOGIN VALIDATION_OR/Page_CURA Healthcare Service/h2_Make Appointment' located by '//section[@id='appointment']/div/div/div/h2' not found
	at com.kms.katalon.core.webui.keyword.internal.WebUIKeywordMain.stepFailed(WebUIKeywordMain.groovy:64)
	at com.kms.katalon.core.webui.keyword.builtin.VerifyElementPresentKeyword$_verifyElementPresent_closure1.doCall(VerifyElementPresentKeyword.groovy:85)
	at com.kms.katalon.core.webui.keyword.builtin.VerifyElementPresentKeyword$_verifyElementPresent_closure1.call(VerifyElementPresentKeyword.groovy)
	at com.kms.katalon.core.webui.keyword.internal.WebUIKeywordMain.runKeyword(WebUIKeywordMain.groovy:20)
	... 20 more]]></system-err>
   </testsuite>
   <testsuite name="CURA_MAKEAPPOINTMENT_TESTSUITE" tests="1" failures="0" errors="0" time="43.207" skipped="0" timestamp="02-02-2024T18:53:29" hostname="hp - LAPTOP-F3RG2V3G" id="Test Suites/CURA_MAKEAPPOINTMENT_TESTSUITE/CURA_MAKEAPPOINTMENT_TESTSUITE">
      <properties>
         <property name="deviceName" value=""/>
         <property name="devicePlatform" value=""/>
         <property name="logFolder" value="C:\\Users\\hp\\Katalon Studio\\CURA_HEALTHCARE_SERVICE\\Reports\\20240202_184946\\CURA_MAKEAPPOINTMENT_TESTSUITE\\CURA_MAKEAPPOINTMENT_TESTSUITE\\20240202_184952"/>
         <property name="logFiles" value="C:\\Users\\hp\\Katalon Studio\\CURA_HEALTHCARE_SERVICE\\Reports\\20240202_184946\\CURA_MAKEAPPOINTMENT_TESTSUITE\\CURA_MAKEAPPOINTMENT_TESTSUITE\\20240202_184952\\execution0.log"/>
         <property name="attachments" value=""/>
         <property name="hostName" value="hp - LAPTOP-F3RG2V3G"/>
         <property name="os" value="Windows 10 64bit"/>
         <property name="katalonVersion" value="9.1.0.212"/>
         <property name="browser" value="Firefox 85.0"/>
         <property name="hostAddress" value="192.168.1.10"/>
         <property name="sessionId" value="f36cf804-4dd1-41fc-8cef-089edecafd99"/>
         <property name="seleniumVersion" value="3.141.59"/>
         <property name="proxyInformation" value="ProxyInformation { proxyOption=NO_PROXY, proxyServerType=HTTP, username=, password=********, proxyServerAddress=, proxyServerPort=0, executionList=&quot;&quot;, isApplyToDesiredCapabilities=true }"/>
         <property name="platform" value="Windows 10"/>
      </properties>
      <testcase name="Test Cases/TC_CURA_MAKEAPPOINTMENT/CURA_MAKEAPPOINTMENT_VERIFYING" time="13.017" classname="Test Cases/TC_CURA_MAKEAPPOINTMENT/CURA_MAKEAPPOINTMENT_VERIFYING" status="PASSED">
         <system-out><![CDATA[02-02-2024T18:53:59 - [TEST_CASE][PASSED] - Test Cases/TC_CURA_MAKEAPPOINTMENT/CURA_MAKEAPPOINTMENT_VERIFYING: Test Cases/TC_CURA_MAKEAPPOINTMENT/CURA_MAKEAPPOINTMENT_VERIFYING

02-02-2024T18:53:59 - [TEST_STEP][PASSED] - Start listener action : sampleBeforeTestCase: Actual text 'CURA Healthcare Service' and expected text 'CURA Healthcare Service' are matched  using regular expression

02-02-2024T18:53:59 - [TEST_STEP][PASSED] - println(testCaseContext.getTestCaseId()): null

02-02-2024T18:53:59 - [TEST_STEP][PASSED] - println(testCaseContext.getTestCaseVariables()): null

02-02-2024T18:53:59 - [TEST_STEP][PASSED] - verifyMatch(getWindowTitle(), "CURA Healthcare Service", true): Actual text 'CURA Healthcare Service' and expected text 'CURA Healthcare Service' are matched  using regular expression

02-02-2024T18:53:59 - [MESSAGE][PASSED] - Current window's title is: 'CURA Healthcare Service'

02-02-2024T18:54:00 - [MESSAGE][PASSED] - Actual text 'CURA Healthcare Service' and expected text 'CURA Healthcare Service' are matched  using regular expression

02-02-2024T18:54:00 - [TEST_STEP][PASSED] - delay(2): Delayed 2 second(s)

02-02-2024T18:54:02 - [MESSAGE][PASSED] - Delayed 2 second(s)

02-02-2024T18:54:02 - [TEST_STEP][PASSED] - com.qa.test.customfunction.CuraDropdown(findTestObject("Cura_Pages/CURA_MAKEAPPOINTMENT_OR/CURA_MAKINGAPPOINTMENT_OR/Page_CURA Healthcare Service/select_Tokyo CURA Healthcare Center        _5b4107"), "Hongkong CURA Healthcare Center"): com.qa.test.customfunction.CuraDropdown is PASSED

02-02-2024T18:54:03 - [MESSAGE][PASSED] - com.qa.test.customfunction.CuraDropdown is PASSED

02-02-2024T18:54:03 - [TEST_STEP][PASSED] - click(findTestObject("Object Repository/Cura_Pages/CURA_MAKEAPPOINTMENT_OR/CURA_MAKINGAPPOINTMENT_OR/Page_CURA Healthcare Service/label_Medicaid")): Object: 'Object Repository/Cura_Pages/CURA_MAKEAPPOINTMENT_OR/CURA_MAKINGAPPOINTMENT_OR/Page_CURA Healthcare Service/label_Medicaid' is clicked on

02-02-2024T18:54:04 - [MESSAGE][PASSED] - Object: 'Object Repository/Cura_Pages/CURA_MAKEAPPOINTMENT_OR/CURA_MAKINGAPPOINTMENT_OR/Page_CURA Healthcare Service/label_Medicaid' is clicked on

02-02-2024T18:54:04 - [TEST_STEP][PASSED] - click(findTestObject("Object Repository/Cura_Pages/CURA_MAKEAPPOINTMENT_OR/CURA_MAKINGAPPOINTMENT_OR/Page_CURA Healthcare Service/label_Apply for hospital readmission")): Object: 'Object Repository/Cura_Pages/CURA_MAKEAPPOINTMENT_OR/CURA_MAKINGAPPOINTMENT_OR/Page_CURA Healthcare Service/label_Apply for hospital readmission' is clicked on

02-02-2024T18:54:05 - [MESSAGE][PASSED] - Object: 'Object Repository/Cura_Pages/CURA_MAKEAPPOINTMENT_OR/CURA_MAKINGAPPOINTMENT_OR/Page_CURA Healthcare Service/label_Apply for hospital readmission' is clicked on

02-02-2024T18:54:05 - [TEST_STEP][PASSED] - click(findTestObject("Object Repository/Cura_Pages/CURA_MAKEAPPOINTMENT_OR/CURA_MAKINGAPPOINTMENT_OR/Page_CURA Healthcare Service/div_input-group-addon")): Object: 'Object Repository/Cura_Pages/CURA_MAKEAPPOINTMENT_OR/CURA_MAKINGAPPOINTMENT_OR/Page_CURA Healthcare Service/div_input-group-addon' is clicked on

02-02-2024T18:54:06 - [MESSAGE][PASSED] - Object: 'Object Repository/Cura_Pages/CURA_MAKEAPPOINTMENT_OR/CURA_MAKINGAPPOINTMENT_OR/Page_CURA Healthcare Service/div_input-group-addon' is clicked on

02-02-2024T18:54:06 - [TEST_STEP][PASSED] - click(findTestObject("Object Repository/Cura_Pages/CURA_MAKEAPPOINTMENT_OR/CURA_MAKINGAPPOINTMENT_OR/Page_CURA Healthcare Service/td_30")): Object: 'Object Repository/Cura_Pages/CURA_MAKEAPPOINTMENT_OR/CURA_MAKINGAPPOINTMENT_OR/Page_CURA Healthcare Service/td_30' is clicked on

02-02-2024T18:54:06 - [MESSAGE][PASSED] - Object: 'Object Repository/Cura_Pages/CURA_MAKEAPPOINTMENT_OR/CURA_MAKINGAPPOINTMENT_OR/Page_CURA Healthcare Service/td_30' is clicked on

02-02-2024T18:54:06 - [TEST_STEP][PASSED] - setText(findTestObject("Object Repository/Cura_Pages/CURA_MAKEAPPOINTMENT_OR/CURA_MAKINGAPPOINTMENT_OR/Page_CURA Healthcare Service/textarea_comment"), "csdiufhasicmals;kcopa"): Text 'csdiufhasicmals;kcopa' is set on object 'Object Repository/Cura_Pages/CURA_MAKEAPPOINTMENT_OR/CURA_MAKINGAPPOINTMENT_OR/Page_CURA Healthcare Service/textarea_comment'

02-02-2024T18:54:07 - [MESSAGE][PASSED] - Text 'csdiufhasicmals;kcopa' is set on object 'Object Repository/Cura_Pages/CURA_MAKEAPPOINTMENT_OR/CURA_MAKINGAPPOINTMENT_OR/Page_CURA Healthcare Service/textarea_comment'

02-02-2024T18:54:07 - [TEST_STEP][PASSED] - click(findTestObject("Object Repository/Cura_Pages/CURA_MAKEAPPOINTMENT_OR/CURA_MAKINGAPPOINTMENT_OR/Page_CURA Healthcare Service/button_Book Appointment")): Object: 'Object Repository/Cura_Pages/CURA_MAKEAPPOINTMENT_OR/CURA_MAKINGAPPOINTMENT_OR/Page_CURA Healthcare Service/button_Book Appointment' is clicked on

02-02-2024T18:54:08 - [MESSAGE][PASSED] - Object: 'Object Repository/Cura_Pages/CURA_MAKEAPPOINTMENT_OR/CURA_MAKINGAPPOINTMENT_OR/Page_CURA Healthcare Service/button_Book Appointment' is clicked on

02-02-2024T18:54:08 - [TEST_STEP][PASSED] - verifyElementPresent(findTestObject("Object Repository/Cura_Pages/CURA_MAKEAPPOINTMENT_OR/CURA_MAKINGAPPOINTMENT_OR/Page_CURA Healthcare Service/p_Please be informed that your appointment _11813a"), 0): Object 'Object Repository/Cura_Pages/CURA_MAKEAPPOINTMENT_OR/CURA_MAKINGAPPOINTMENT_OR/Page_CURA Healthcare Service/p_Please be informed that your appointment _11813a' is present

02-02-2024T18:54:08 - [MESSAGE][WARNING] - Timeout '0' is invalid. Using default page load timeout: '30'

02-02-2024T18:54:09 - [MESSAGE][PASSED] - Object 'Object Repository/Cura_Pages/CURA_MAKEAPPOINTMENT_OR/CURA_MAKINGAPPOINTMENT_OR/Page_CURA Healthcare Service/p_Please be informed that your appointment _11813a' is present

02-02-2024T18:54:09 - [TEST_STEP][PASSED] - verifyCheckpoint(findCheckpoint("Checkpoints/CURA_CHECKPOINT_DATA"), true): Checkpoint data and Source data are matched

02-02-2024T18:54:11 - [MESSAGE][PASSED] - Checkpoint data and Source data are matched

02-02-2024T18:54:11 - [TEST_STEP][PASSED] - Start tear down : tearDownTestCase: Method 'tearDownTestCase' complete successfully

02-02-2024T18:54:11 - [TEST_STEP][PASSED] - delay(1): Delayed 1 second(s)

02-02-2024T18:54:12 - [MESSAGE][PASSED] - Delayed 1 second(s)

02-02-2024T18:54:12 - [MESSAGE][PASSED] - Method 'tearDownTestCase' complete successfully

02-02-2024T18:54:12 - [TEST_STEP][PASSED] - Start listener action : sampleAfterTestCase: null

02-02-2024T18:54:12 - [TEST_STEP][PASSED] - println(testCaseContext.getTestCaseId()): null

02-02-2024T18:54:12 - [TEST_STEP][PASSED] - println(testCaseContext.getTestCaseStatus()): null]]></system-out>
         <system-err><![CDATA[]]></system-err>
      </testcase>
      <system-out><![CDATA[02-02-2024T18:53:29 - [TEST_SUITE][PASSED] - CURA_MAKEAPPOINTMENT_TESTSUITE: Test Cases/TC_CURA_MAKEAPPOINTMENT/CURA_MAKEAPPOINTMENT_VERIFYING]]></system-out>
      <system-err><![CDATA[]]></system-err>
   </testsuite>
</testsuites>
